VODP TDA-HF/CIS RESULTS
Material: Cs2_Sn_I6
Model: M0
SCF energy: -1993.556392778901 Hartree
Point charges: 0

State 1
Converged: True
Excitation energy: 0.12379396 Hartree
Excitation energy: 3.368605 eV
Oscillator strength: 0.000000

Dominant transitions:
    HOMO-2 (MO 85) -> LUMO (MO 88)
        amplitude = -0.6097397831
        relative weight = 74.3565 %
    HOMO (MO 87) -> LUMO (MO 88)
        amplitude = 0.2647020367
        relative weight = 14.0134 %
    HOMO-1 (MO 86) -> LUMO (MO 88)
        amplitude = -0.1718622366
        relative weight = 5.9073 %

State 2
Converged: True
Excitation energy: 0.12379396 Hartree
Excitation energy: 3.368605 eV
Oscillator strength: 0.000000

Dominant transitions:
    HOMO-1 (MO 86) -> LUMO (MO 88)
        amplitude = 0.6432187096
        relative weight = 82.7461 %
    HOMO-2 (MO 85) -> LUMO (MO 88)
        amplitude = -0.2215211762
        relative weight = 9.8143 %
    HOMO (MO 87) -> LUMO (MO 88)
        amplitude = -0.0926523581
        relative weight = 1.7169 %

State 3
Converged: True
Excitation energy: 0.12379396 Hartree
Excitation energy: 3.368605 eV
Oscillator strength: 0.000000

Dominant transitions:
    HOMO (MO 87) -> LUMO (MO 88)
        amplitude = -0.6266855424
        relative weight = 78.5470 %
    HOMO-2 (MO 85) -> LUMO (MO 88)
        amplitude = -0.2247936045
        relative weight = 10.1064 %
    HOMO-1 (MO 86) -> LUMO (MO 88)
        amplitude = -0.1676885877
        relative weight = 5.6239 %

State 4
Converged: True
Excitation energy: 0.15784587 Hartree
Excitation energy: 4.295205 eV
Oscillator strength: 0.000000

Dominant transitions:
    HOMO-3 (MO 84) -> LUMO (MO 88)
        amplitude = -0.6956423587
        relative weight = 96.7837 %
    HOMO-15 (MO 72) -> LUMO+1 (MO 89)
        amplitude = -0.0359641098
        relative weight = 0.2587 %
    HOMO-14 (MO 73) -> LUMO+2 (MO 90)
        amplitude = -0.0346647180
        relative weight = 0.2403 %

State 5
Converged: True
Excitation energy: 0.15784587 Hartree
Excitation energy: 4.295205 eV
Oscillator strength: 0.000000

Dominant transitions:
    HOMO-4 (MO 83) -> LUMO (MO 88)
        amplitude = -0.6956423575
        relative weight = 96.7837 %
    HOMO-14 (MO 73) -> LUMO+3 (MO 91)
        amplitude = 0.0408000235
        relative weight = 0.3329 %
    HOMO-16 (MO 71) -> LUMO+1 (MO 89)
        amplitude = 0.0396511671
        relative weight = 0.3144 %

SELECTED NATURAL TRANSITION ORBITALS

State: 1
Reason selected: lowest energy
Excitation energy: 3.368605 eV
Oscillator strength: 0.000000
Dominant NTO pair weight: 0.943966
Remaining NTO-pair weight: 0.056034

Dominant hole NTO composition:
    HOMO-2 (MO 85): coefficient = 0.8882, weight = 78.89 %
    HOMO (MO 87): coefficient = -0.3854, weight = 14.85 %
    HOMO-1 (MO 86): coefficient = 0.2501, weight = 6.26 %

Dominant electron NTO composition:
    LUMO (MO 88): coefficient = -0.9994, weight = 99.87 %
    LUMO+13 (MO 101): coefficient = 0.0278, weight = 0.08 %
    LUMO+12 (MO 100): coefficient = -0.0103, weight = 0.01 %

State: 4
Reason selected: brightest
Excitation energy: 4.295205 eV
Oscillator strength: 0.000000
Dominant NTO pair weight: 0.971779
Remaining NTO-pair weight: 0.028221

Dominant hole NTO composition:
    HOMO-3 (MO 84): coefficient = 0.9990, weight = 99.80 %
    HOMO-18 (MO 69): coefficient = 0.0441, weight = 0.19 %
    HOMO-27 (MO 60): coefficient = 0.0079, weight = 0.01 %

Dominant electron NTO composition:
    LUMO (MO 88): coefficient = -0.9989, weight = 99.79 %
    LUMO+4 (MO 92): coefficient = 0.0295, weight = 0.09 %
    LUMO+13 (MO 101): coefficient = 0.0241, weight = 0.06 %

