VODP SCF INPUT
Material: Cs2_Zr_I6
Model: M1
XYZ comment: material=Cs2_Zr_I6 model=M1 charge=+6 spin=0 explicit_Cs=8 formal_embedding_R2
QM atoms: 15
QM charge: 6
Basis: def2-SVP
ECP elements: Cs, I, Zr
Point charges: 4485
Point-charge sum: -6.0000000000


VODP SCF SUMMARY
Status: CONVERGED
Material: Cs2_Zr_I6
Model: M1
Method: Embedded DF-RHF
Stage 1 energy: -1983.942883739090 Hartree
Total DF-RHF energy: -1983.946220907762 Hartree
HOMO: MO 114, -1.637695506308 Hartree
LUMO: MO 115, -1.552776710804 Hartree
HOMO-LUMO gap: 2.31075814 eV
