VODP SCF INPUT
Material: Cs2_Sn_I6
Model: M1
XYZ comment: material=Cs2_Sn_I6 model=M1 charge=+6 spin=0 explicit_Cs=8 formal_embedding_R2
QM atoms: 15
QM charge: 6
Basis: def2-SVP
ECP elements: Cs, I, Sn
Point charges: 4485
Point-charge sum: -6.0000000000


VODP SCF SUMMARY
Status: CONVERGED
Material: Cs2_Sn_I6
Model: M1
Method: Embedded DF-RHF
Stage 1 energy: -2151.552179364460 Hartree
Total DF-RHF energy: -2151.565361672905 Hartree
HOMO: MO 119, -1.409157059425 Hartree
LUMO: MO 120, -1.352163364642 Hartree
HOMO-LUMO gap: 1.55087744 eV
