VODP SCF INPUT
Material: Cs2_Ti_I6
Model: M1
XYZ comment: material=Cs2_Ti_I6 model=M1 charge=+6 spin=0 explicit_Cs=8 formal_embedding_R2
QM atoms: 15
QM charge: 6
Basis: def2-SVP
ECP elements: Cs, I
Point charges: 4485
Point-charge sum: -6.0000000000


VODP SCF SUMMARY
Status: CONVERGED
Material: Cs2_Ti_I6
Model: M1
Method: Embedded DF-RHF
Stage 1 energy: -2786.602993315275 Hartree
Total DF-RHF energy: -2786.628604423928 Hartree
HOMO: MO 119, -1.317716425406 Hartree
LUMO: MO 120, -1.240538324956 Hartree
HOMO-LUMO gap: 2.10012310 eV
