# time rdo00 rdo01 rdo10 rdo11
0.0 1.00000000+0.00000000j 0.00000000+0.00000000j 0.00000000+0.00000000j 0.00000000+0.00000000j 0.00000000+0.00000000j 0.00000000+0.00000000j 0.00000000+0.00000000j 0.00000000+0.00000000j 0.00000000+0.00000000j
1.0 0.99306140+0.00000102j 0.00000000-0.00000000j -0.00345258-0.00054490j -0.00000000+0.00000000j 0.00690392-0.00000181j 0.00000000+0.00000000j -0.00345120+0.00054677j 0.00000000-0.00000000j 0.00003483+0.00000084j
2.0 0.97438610+0.00002605j 0.00000000-0.00000000j -0.01252979-0.00414397j -0.00000000+0.00000000j 0.02507148-0.00003653j -0.00000000+0.00000000j -0.01254155+0.00418055j 0.00000000-0.00000000j 0.00054256+0.00001053j
3.0 0.94958217+0.00009631j 0.00000000-0.00000000j -0.02395694-0.01288524j -0.00000000+0.00000000j 0.04793850-0.00012902j -0.00000000+0.00000000j -0.02398141+0.01301432j 0.00000000-0.00000000j 0.00247947+0.00003277j
4.0 0.92546244+0.00020372j 0.00000000+0.00000000j -0.03389606-0.02730247j -0.00000000+0.00000000j 0.06780679-0.00026286j -0.00000000-0.00000000j -0.03391058+0.02756539j 0.00000000+0.00000000j 0.00673091+0.00005920j
5.000000000000001 0.90756347+0.00032075j 0.00000000+0.00000000j -0.03944937-0.04635293j -0.00000000+0.00000000j 0.07886697-0.00039784j -0.00000000-0.00000000j -0.03941745+0.04675083j 0.00000000+0.00000000j 0.01356971+0.00007716j
6.0 0.89843501+0.00041809j 0.00000000+0.00000000j -0.03960307-0.06791665j -0.00000000-0.00000000j 0.07909158-0.00049711j -0.00000000-0.00000000j -0.03948837+0.06841382j 0.00000000+0.00000000j 0.02247355+0.00007908j
7.000000000000001 0.89717353+0.00047513j 0.00000000+0.00000000j -0.03537287-0.08959979j -0.00000000-0.00000000j 0.07052500-0.00053914j -0.00000000-0.00000000j -0.03515199+0.09013900j 0.00000000+0.00000000j 0.03230161+0.00006407j
8.0 0.90015912+0.00048129j 0.00000000+0.00000000j -0.02924668-0.10954076j -0.00000000-0.00000000j 0.05816350-0.00051469j -0.00000000-0.00000000j -0.02891668+0.11005550j 0.00000000+0.00000000j 0.04167752+0.00003345j
9.0 0.90263775+0.00043586j 0.00000000+0.00000000j -0.02417253-0.12695185j -0.00000000-0.00000000j 0.04792497-0.00042380j -0.00000000-0.00000000j -0.02375229+0.12737572j 0.00000000+0.00000000j 0.04943742-0.00001200j
10.000000000000002 0.90061083+0.00034998j -0.00000000+0.00000000j -0.02241170-0.14224008j -0.00000000-0.00000000j 0.04434926-0.00027997j -0.00000000-0.00000000j -0.02193742+0.14252011j -0.00000000+0.00000000j 0.05504005-0.00006995j
11.0 0.89238023+0.00024686j -0.00000000+0.00000000j -0.02465044-0.15669760j -0.00000000-0.00000000j 0.04881672-0.00011320j -0.00000000-0.00000000j -0.02416614+0.15681085j -0.00000000+0.00000000j 0.05880320-0.00013361j
12.0 0.87914357+0.00015476j -0.00000000+0.00000000j -0.02975216-0.17189728j -0.00000000-0.00000000j 0.05905008+0.00003857j -0.00000000+0.00000000j -0.02929778+0.17185877j -0.00000000+0.00000000j 0.06180649-0.00019327j
13.000000000000002 0.86438245+0.00009392j -0.00000000+0.00000000j -0.03529807-0.18902724j -0.00000000+0.00000000j 0.07019784+0.00014881j -0.00000000+0.00000000j -0.03489963+0.18887849j -0.00000000+0.00000000j 0.06541985-0.00024267j
14.000000000000002 0.85234629+0.00006740j -0.00000000-0.00000000j -0.03866472-0.20840732j -0.00000000+0.00000000j 0.07699569+0.00021625j -0.00000000+0.00000000j -0.03833083+0.20819114j -0.00000000-0.00000000j 0.07065816-0.00028358j
15.000000000000002 0.84635864+0.00006450j -0.00000000-0.00000000j -0.03810085-0.22934474j -0.00000000+0.00000000j 0.07592782+0.00025815j -0.00000000+0.00000000j -0.03782682+0.22908665j -0.00000000-0.00000000j 0.07771369-0.00032259j
16.0 0.84766599+0.00007246j -0.00000000-0.00000000j -0.03332145-0.25034797j 0.00000000+0.00000000j 0.06641936+0.00029132j 0.00000000+0.00000000j -0.03309776+0.25005672j -0.00000000-0.00000000j 0.08591479-0.00036372j
17.0 0.85516791+0.00008443j -0.00000000-0.00000000j -0.02546218-0.26958903j 0.00000000+0.00000000j 0.05074452+0.00032135j 0.00000000+0.00000000j -0.02528219+0.26926774j -0.00000000-0.00000000j 0.09408772-0.00040572j
18.0 0.86592640+0.00009961j -0.00000000-0.00000000j -0.01656163-0.28543358j 0.00000000+0.00000000j 0.03298673+0.00034537j 0.00000000+0.00000000j -0.01642496+0.28508827j -0.00000000-0.00000000j 0.10108702-0.00044492j
19.000000000000004 0.87611024+0.00012041j 0.00000000+0.00000000j -0.00886944-0.29686903j 0.00000000-0.00000000j 0.01765023+0.00035739j 0.00000000-0.00000000j -0.00878064+0.29651170j 0.00000000-0.00000000j 0.10623968-0.00047775j
20.000000000000004 0.88201354+0.00015004j 0.00000000+0.00000000j -0.00422930-0.30373031j -0.00000000-0.00000000j 0.00842318+0.00035081j -0.00000000-0.00000000j -0.00419373+0.30337956j 0.00000000+0.00000000j 0.10956342-0.00050079j
21.000000000000004 0.88088477+0.00018963j 0.00000000+0.00000000j -0.00367590-0.30670408j -0.00000000-0.00000000j 0.00737176+0.00032158j -0.00000000-0.00000000j -0.00369571+0.30638256j 0.00000000+0.00000000j 0.11174362-0.00051115j
22.0 0.87142331+0.00023511j 0.00000000+0.00000000j -0.00728910-0.30714985j -0.00000000-0.00000000j 0.01465042+0.00027309j -0.00000000-0.00000000j -0.00736118+0.30687681j 0.00000000+0.00000000j 0.11392641-0.00050814j
23.0 0.85392470+0.00027685j -0.00000000+0.00000000j -0.01426731-0.30680394j -0.00000000-0.00000000j 0.02865171+0.00021754j -0.00000000-0.00000000j -0.01438426+0.30658647j -0.00000000+0.00000000j 0.11742374-0.00049433j
24.0 0.83014899+0.00030443j -0.00000000+0.00000000j -0.02313046-0.30743356j -0.00000000+0.00000000j 0.04641434+0.00016932j -0.00000000-0.00000000j -0.02328373+0.30726431j -0.00000000+0.00000000j 0.12343682-0.00047369j
25.000000000000004 0.80298626+0.00031408j -0.00000000+0.00000000j -0.03198627-0.31049578j -0.00000000+0.00000000j 0.06415529+0.00013380j -0.00000000-0.00000000j -0.03216888+0.31036204j -0.00000000+0.00000000j 0.13285859-0.00044782j
26.000000000000004 0.77590743+0.00031241j -0.00000000+0.00000000j -0.03888104-0.31684857j 0.00000000-0.00000000j 0.07796854+0.00010164j -0.00000000-0.00000000j -0.03908736+0.31674699j -0.00000000+0.00000000j 0.14612418-0.00041399j
27.000000000000004 0.75216269+0.00031147j -0.00000000+0.00000000j -0.04228343-0.32656861j 0.00000000-0.00000000j 0.08478892+0.00005649j -0.00000000-0.00000000j -0.04250535+0.32651218j -0.00000000+0.00000000j 0.16304854-0.00036790j
28.000000000000004 0.73385400+0.00031818j -0.00000000+0.00000000j -0.04161355-0.33893868j 0.00000000-0.00000000j 0.08344988-0.00000911j -0.00000000+0.00000000j -0.04183619+0.33894785j -0.00000000+0.00000000j 0.18269626-0.00030901j
29.000000000000004 0.72124631+0.00032787j -0.00000000+0.00000000j -0.03754574-0.35264593j 0.00000000-0.00000000j 0.07529250-0.00008540j -0.00000000+0.00000000j -0.03774662+0.35273140j -0.00000000+0.00000000j 0.20346133-0.00024240j
30.000000000000004 0.71271030+0.00032763j 0.00000000+0.00000000j -0.03182390-0.36616918j -0.00000000-0.00000000j 0.06380158-0.00015250j -0.00000000+0.00000000j -0.03197753+0.36632174j 0.00000000+0.00000000j 0.22348827-0.00017507j
31.000000000000004 0.70539597+0.00030535j 0.00000000+0.00000000j -0.02659926-0.37825082j -0.00000000-0.00000000j 0.05328427-0.00019468j -0.00000000+0.00000000j -0.02668487+0.37844556j 0.00000000+0.00000000j 0.24131990-0.00011061j
32.0 0.69634789+0.00025615j 0.00000000+0.00000000j -0.02360003-0.38829671j -0.00000000-0.00000000j 0.04720861-0.00020815j -0.00000000-0.00000000j -0.02360844+0.38850491j 0.00000000+0.00000000j 0.25644364-0.00004794j
33.0 0.68359785+0.00018304j 0.00000000+0.00000000j -0.02351111-0.39655821j -0.00000000-0.00000000j 0.04695903-0.00019898j -0.00000000-0.00000000j -0.02344777+0.39675725j 0.00000000+0.00000000j 0.26944326+0.00001600j
34.0 0.66687041+0.00009521j 0.00000000+0.00000000j -0.02577220-0.40402249j -0.00000000-0.00000000j 0.05142834-0.00017852j -0.00000000-0.00000000j -0.02565599+0.40420107j 0.00000000+0.00000000j 0.28170139+0.00008337j
35.0 0.64773058+0.00000731j 0.00000000+0.00000000j -0.02879833-0.41203274j -0.00000000-0.00000000j 0.05745511-0.00016242j -0.00000000-0.00000000j -0.02865663+0.41219522j 0.00000000+0.00000000j 0.29481445+0.00015516j
36.0 0.62912972-0.00006239j -0.00000000+0.00000000j -0.03053572-0.42174803j -0.00000000-0.00000000j 0.06093225-0.00016862j -0.00000000-0.00000000j -0.03039639+0.42191672j -0.00000000+0.00000000j 0.30993817+0.00023108j
37.0 0.61439752-0.00009970j -0.00000000+0.00000000j -0.02924159-0.43361301j -0.00000000-0.00000000j 0.05836458-0.00020635j -0.00000000+0.00000000j -0.02912285+0.43381942j -0.00000000+0.00000000j 0.32723805+0.00030611j
38.00000000000001 0.60590860-0.00010529j -0.00000000+0.00000000j -0.02429213-0.44702789j -0.00000000+0.00000000j 0.04848571-0.00026086j -0.00000000+0.00000000j -0.02419343+0.44728880j -0.00000000+0.00000000j 0.34560583+0.00036621j
39.00000000000001 0.60390894-0.00009839j -0.00000000+0.00000000j -0.01668268-0.46037118j -0.00000000+0.00000000j 0.03326441-0.00029225j -0.00000000+0.00000000j -0.01658159+0.46066349j -0.00000000+0.00000000j 0.36282679+0.00039070j
40.00000000000001 0.60609451-0.00010621j -0.00000000-0.00000000j -0.00887125-0.47142123j -0.00000000+0.00000000j 0.01760099-0.00025767j -0.00000000+0.00000000j -0.00872960+0.47167896j -0.00000000-0.00000000j 0.37630465+0.00036394j
41.00000000000001 0.60827323-0.00014543j -0.00000000-0.00000000j -0.00388452-0.47806648j -0.00000000+0.00000000j 0.00754696-0.00014274j -0.00000000+0.00000000j -0.00366229+0.47820928j -0.00000000-0.00000000j 0.38417996+0.00028823j
42.00000000000001 0.60588874-0.00021010j -0.00000000-0.00000000j -0.00404139-0.47905389j -0.00000000+0.00000000j 0.00775336+0.00002383j 0.00000000+0.00000000j -0.00371183+0.47903011j -0.00000000-0.00000000j 0.38635805+0.00018632j
43.00000000000001 0.59571645-0.00027580j -0.00000000-0.00000000j -0.00991887-0.47448182j 0.00000000+0.00000000j 0.01939633+0.00018632j 0.00000000+0.00000000j -0.00947732+0.47429556j -0.00000000-0.00000000j 0.38488737+0.00008954j
44.0 0.57698714-0.00031595j -0.00000000-0.00000000j -0.02006112-0.46583393j 0.00000000+0.00000000j 0.03958531+0.00029603j 0.00000000+0.00000000j -0.01952404+0.46553796j -0.00000000-0.00000000j 0.38342770+0.00001998j
44.99999999999999 0.55153394-0.00031594j -0.00000000+0.00000000j -0.03152433-0.45553416j 0.00000000+0.00000000j 0.06244497+0.00033516j 0.00000000+0.00000000j -0.03092049+0.45519905j -0.00000000+0.00000000j 0.38602123-0.00001917j
45.99999999999999 0.52301115-0.00027613j -0.00000000+0.00000000j -0.04096561-0.44619141j 0.00000000-0.00000000j 0.08129016+0.00031588j 0.00000000-0.00000000j -0.04032441+0.44587559j -0.00000000+0.00000000j 0.39569883-0.00003969j
46.99999999999999 0.49554765-0.00020720j -0.00000000+0.00000000j -0.04582438-0.43981130j 0.00000000-0.00000000j 0.09099055+0.00026519j 0.00000000-0.00000000j -0.04516602+0.43954617j -0.00000000+0.00000000j 0.41346194-0.00005793j
47.999999999999986 0.47232355-0.00012511j -0.00000000+0.00000000j -0.04518644-0.43724523j -0.00000000-0.00000000j 0.08970352+0.00021209j -0.00000000-0.00000000j -0.04451694+0.43703320j -0.00000000+0.00000000j 0.43797308-0.00008692j
48.99999999999998 0.45455705-0.00004730j -0.00000000+0.00000000j -0.04004761-0.43804716j -0.00000000-0.00000000j 0.07940732+0.00017994j -0.00000000-0.00000000j -0.03935956+0.43786728j -0.00000000+0.00000000j 0.46603577-0.00013259j
49.99999999999997 0.44127003+0.00001212j -0.00000000+0.00000000j -0.03286676-0.44076441j -0.00000000-0.00000000j 0.06501269+0.00017960j -0.00000000-0.00000000j -0.03214578+0.44058486j -0.00000000+0.00000000j 0.49371742-0.00019166j
50.999999999999964 0.42992119+0.00004727j -0.00000000+0.00000000j -0.02654873-0.44354407j -0.00000000-0.00000000j 0.05233223+0.00020470j -0.00000000-0.00000000j -0.02578336+0.44333942j -0.00000000+0.00000000j 0.51774672-0.00025192j
51.999999999999964 0.41761505+0.00006177j -0.00000000+0.00000000j -0.02326991-0.44483014j -0.00000000-0.00000000j 0.04573136+0.00023527j -0.00000000-0.00000000j -0.02246131+0.44459493j -0.00000000+0.00000000j 0.53665373-0.00029698j
52.99999999999996 0.40233013+0.00006519j -0.00000000+0.00000000j -0.02366799-0.44389703j -0.00000000-0.00000000j 0.04650318+0.00024888j -0.00000000-0.00000000j -0.02283505+0.44364821j -0.00000000+0.00000000j 0.55116683-0.00031401j
53.999999999999964 0.38365037+0.00006807j -0.00000000+0.00000000j -0.02673455-0.44103491j -0.00000000+0.00000000j 0.05264745+0.00023114j -0.00000000+0.00000000j -0.02591275+0.44080383j -0.00000000+0.00000000j 0.56370233-0.00029914j
54.99999999999996 0.36278237+0.00007822j -0.00000000-0.00000000j -0.03038602-0.43734471j -0.00000000+0.00000000j 0.06000688+0.00017944j -0.00000000+0.00000000j -0.02962071+0.43716533j -0.00000000-0.00000000j 0.57721089-0.00025760j
55.99999999999995 0.34196944+0.00009898j -0.00000000-0.00000000j -0.03239332-0.43424930j -0.00000000+0.00000000j 0.06412420+0.00010128j -0.00000000+0.00000000j -0.03173074+0.43414808j -0.00000000-0.00000000j 0.59390650-0.00020020j
56.99999999999994 0.32360302+0.00012843j -0.00000000-0.00000000j -0.03126853-0.43291855j -0.00000000+0.00000000j 0.06201646+0.00001094j -0.00000000+0.00000000j -0.03074779+0.43290767j -0.00000000-0.00000000j 0.61438066-0.00013931j
57.999999999999936 0.30937484+0.00016005j -0.00000000-0.00000000j -0.02679472-0.43381480j -0.00000000+0.00000000j 0.05323767-0.00007445j -0.00000000+0.00000000j -0.02644281+0.43388931j -0.00000000-0.00000000j 0.63738764-0.00008554j
58.999999999999936 0.29975505+0.00018561j -0.00000000-0.00000000j -0.02004720-0.43650254j -0.00000000+0.00000000j 0.03992536-0.00014070j -0.00000000+0.00000000j -0.01987802+0.43664330j -0.00000000-0.00000000j 0.66031973-0.00004485j
59.99999999999993 0.29394321+0.00019960j -0.00000000-0.00000000j -0.01294231-0.43976332j -0.00000000+0.00000000j 0.02590154-0.00018305j -0.00000000+0.00000000j -0.01295909+0.43994643j -0.00000000-0.00000000j 0.68015540-0.00001649j
60.99999999999992 0.29024261+0.00020239j -0.00000000-0.00000000j -0.00752620-0.44195086j -0.00000000+0.00000000j 0.01525158-0.00020863j -0.00000000+0.00000000j -0.00772523+0.44215954j -0.00000000-0.00000000j 0.69450596+0.00000630j
61.999999999999915 0.28663984+0.00019914j -0.00000000+0.00000000j -0.00530935-0.44144877j 0.00000000+0.00000000j 0.01099230-0.00023103j -0.00000000+0.00000000j -0.00568281+0.44167986j -0.00000000-0.00000000j 0.70236800+0.00003195j
62.99999999999991 0.28133326+0.00019458j -0.00000000+0.00000000j -0.00689265-0.43708068j 0.00000000+0.00000000j 0.01432162-0.00025878j 0.00000000+0.00000000j -0.00742882+0.43733952j -0.00000000-0.00000000j 0.70434527+0.00006426j
63.999999999999915 0.27307079+0.00018753j -0.00000000+0.00000000j -0.01193983-0.42836685j 0.00000000-0.00000000j 0.02456162-0.00028631j 0.00000000+0.00000000j -0.01262165+0.42865322j -0.00000000+0.00000000j 0.70236773+0.00009885j
64.99999999999991 0.26131567+0.00017104j -0.00000000+0.00000000j -0.01937195-0.41559249j 0.00000000-0.00000000j 0.03954833-0.00029709j 0.00000000-0.00000000j -0.02017624+0.41588965j -0.00000000+0.00000000j 0.69913614+0.00012611j
65.9999999999999 0.24630700+0.00013868j -0.00000000+0.00000000j -0.02763549-0.39971098j 0.00000000-0.00000000j 0.05617049-0.00027761j 0.00000000-0.00000000j -0.02853486+0.39998865j -0.00000000+0.00000000j 0.69752265+0.00013899j
66.9999999999999 0.22900641+0.00009034j -0.00000000+0.00000000j -0.03500591-0.38212751j 0.00000000-0.00000000j 0.07097880-0.00022797j 0.00000000-0.00000000j -0.03597275+0.38235554j -0.00000000+0.00000000j 0.70001493+0.00013769j
67.9999999999999 0.21086111+0.00003170j -0.00000000+0.00000000j -0.03996430-0.36440559j -0.00000000-0.00000000j 0.08093854-0.00015862j 0.00000000-0.00000000j -0.04097409+0.36456427j -0.00000000+0.00000000j 0.70820050+0.00012698j
68.99999999999989 0.19338503-0.00003058j -0.00000000+0.00000000j -0.04161391-0.34793857j -0.00000000-0.00000000j 0.08425968-0.00007996j 0.00000000-0.00000000j -0.04264562+0.34801859j -0.00000000+0.00000000j 0.72235544+0.00011060j
69.99999999999989 0.17770536-0.00009201j -0.00000000+0.00000000j -0.03997150-0.33364914j -0.00000000-0.00000000j 0.08097688+0.00000243j -0.00000000-0.00000000j -0.04100523+0.33364677j -0.00000000+0.00000000j 0.74131790+0.00008964j
70.99999999999987 0.16427858-0.00015022j -0.00000000+0.00000000j -0.03595332-0.32179912j -0.00000000-0.00000000j 0.07292096+0.00008533j -0.00000000-0.00000000j -0.03696750+0.32171386j -0.00000000+0.00000000j 0.76280060+0.00006495j
71.99999999999987 0.15287531-0.00020438j -0.00000000+0.00000000j -0.03103154-0.31197478j -0.00000000-0.00000000j 0.06303340+0.00016551j -0.00000000-0.00000000j -0.03200172+0.31180933j -0.00000000+0.00000000j 0.78409143+0.00003893j
72.99999999999987 0.14277178-0.00025614j -0.00000000+0.00000000j -0.02672528-0.30325924j -0.00000000-0.00000000j 0.05435033+0.00024213j -0.00000000-0.00000000j -0.02762490+0.30301717j -0.00000000+0.00000000j 0.80287803+0.00001407j
73.99999999999987 0.13302609-0.00031032j -0.00000000-0.00000000j -0.02413771-0.29454304j -0.00000000-0.00000000j 0.04907818+0.00031935j -0.00000000-0.00000000j -0.02494033+0.29422375j -0.00000000-0.00000000j 0.81789588-0.00000898j
74.99999999999987 0.12277869-0.00037186j -0.00000000-0.00000000j -0.02365196-0.28488663j -0.00000000-0.00000000j 0.04798660+0.00040130j -0.00000000-0.00000000j -0.02433449+0.28448539j -0.00000000-0.00000000j 0.82923485-0.00002939j
75.99999999999986 0.11156523-0.00043866j -0.00000000-0.00000000j -0.02480812-0.27383840j -0.00000000+0.00000000j 0.05016369+0.00047916j -0.00000000+0.00000000j -0.02535542+0.27335930j -0.00000000-0.00000000j 0.83827123-0.00004044j
76.99999999999986 0.09956815-0.00049714j -0.00000000-0.00000000j -0.02640109-0.26161698j -0.00000000+0.00000000j 0.05321238+0.00052493j -0.00000000+0.00000000j -0.02681114+0.26109210j -0.00000000-0.00000000j 0.84721962-0.00002773j
77.99999999999984 0.08764810-0.00052749j -0.00000000-0.00000000j -0.02687257-0.24908179j -0.00000000+0.00000000j 0.05403241+0.00050512j -0.00000000+0.00000000j -0.02715970+0.24857672j -0.00000000-0.00000000j 0.85831964+0.00002243j
78.99999999999984 0.07704489-0.00051603j -0.00000000-0.00000000j -0.02496877-0.23745871j -0.00000000+0.00000000j 0.05013082+0.00040631j -0.00000000+0.00000000j -0.02516191+0.23705246j -0.00000000-0.00000000j 0.87282444+0.00010977j
79.99999999999984 0.06883926-0.00046380j 0.00000000-0.00000000j -0.02041984-0.22787307j -0.00000000+0.00000000j 0.04097508+0.00024930j -0.00000000+0.00000000j -0.02055510+0.22762383j 0.00000000-0.00000000j 0.89018580+0.00021456j
80.99999999999983 0.06345016-0.00038497j 0.00000000-0.00000000j -0.01427042-0.22084435j -0.00000000+0.00000000j 0.02865145+0.00007919j -0.00000000+0.00000000j -0.01438088+0.22076522j 0.00000000-0.00000000j 0.90789854+0.00030583j
81.99999999999983 0.06043867-0.00029781j 0.00000000-0.00000000j -0.00861548-0.21594920j -0.00000000+0.00000000j 0.01733848-0.00005902j -0.00000000+0.00000000j -0.00872285+0.21600828j 0.00000000-0.00000000j 0.92222300+0.00035689j
82.99999999999983 0.05870493-0.00021590j 0.00000000+0.00000000j -0.00580922-0.21181306j -0.00000000+0.00000000j 0.01173041-0.00014117j -0.00000000+0.00000000j -0.00592105+0.21195429j 0.00000000+0.00000000j 0.92956481+0.00035713j
83.99999999999983 0.05695192-0.00014429j 0.00000000+0.00000000j -0.00749592-0.20646292j 0.00000000-0.00000000j 0.01510482-0.00016973j -0.00000000-0.00000000j -0.00760876+0.20663271j 0.00000000+0.00000000j 0.92794340+0.00031407j
84.99999999999982 0.05418845-0.00008072j -0.00000000+0.00000000j -0.01388739-0.19792707j 0.00000000-0.00000000j 0.02788115-0.00016626j -0.00000000-0.00000000j -0.01399361+0.19809338j -0.00000000+0.00000000j 0.91793054+0.00024704j
85.99999999999983 0.05007063-0.00001919j -0.00000000+0.00000000j -0.02357923-0.18487065j -0.00000000-0.00000000j 0.04725369-0.00015832j -0.00000000-0.00000000j -0.02367432+0.18502903j -0.00000000+0.00000000j 0.90267582+0.00017757j
86.99999999999983 0.04496989+0.00004641j -0.00000000+0.00000000j -0.03397295-0.16704280j -0.00000000-0.00000000j 0.06803350-0.00016748j -0.00000000-0.00000000j -0.03406041+0.16721033j -0.00000000+0.00000000j 0.88699675+0.00012113j
87.99999999999984 0.03975277+0.00011909j -0.00000000+0.00000000j -0.04215611-0.14537762j -0.00000000-0.00000000j 0.08440449-0.00020075j -0.00000000-0.00000000j -0.04224824+0.14557843j -0.00000000+0.00000000j 0.87584289+0.00008172j
88.99999999999984 0.03535960+0.00019658j -0.00000000+0.00000000j -0.04592940-0.12171055j -0.00000000-0.00000000j 0.09197334-0.00024720j -0.00000000-0.00000000j -0.04604379+0.12195781j -0.00000000+0.00000000j 0.87266721+0.00005069j
89.99999999999984 0.03236624+0.00027166j -0.00000000+0.00000000j -0.04458898-0.09820410j -0.00000000-0.00000000j 0.08933089-0.00028262j -0.00000000-0.00000000j -0.04474176+0.09848678j -0.00000000+0.00000000j 0.87830302+0.00001102j
90.99999999999986 0.03073959+0.00033581j -0.00000000+0.00000000j -0.03913566-0.07668211j -0.00000000-0.00000000j 0.07847029-0.00028219j -0.00000000-0.00000000j -0.03933448+0.07696437j -0.00000000+0.00000000j 0.89079027-0.00005356j
91.99999999999984 0.02990070+0.00038395j -0.00000000-0.00000000j -0.03181732-0.05810637j -0.00000000+0.00000000j 0.06387460-0.00023482j -0.00000000+0.00000000j -0.03205714+0.05834125j -0.00000000-0.00000000j 0.90622485-0.00014907j
92.99999999999986 0.02903713+0.00041672j -0.00000000-0.00000000j -0.02521330-0.04237524j -0.00000000+0.00000000j 0.05069036-0.00014950j -0.00000000+0.00000000j -0.02547692+0.04252479j -0.00000000-0.00000000j 0.92027265-0.00026717j
93.99999999999986 0.02748611+0.00043835j -0.00000000-0.00000000j -0.02126065-0.02849980j -0.00000000+0.00000000j 0.04278456-0.00004934j -0.00000000+0.00000000j -0.02152377+0.02854920j -0.00000000-0.00000000j 0.92972947-0.00038896j
94.99999999999986 0.02501045+0.00045268j -0.00000000-0.00000000j -0.02060559-0.01507220j -0.00000000+0.00000000j 0.04145012+0.00004052j -0.00000000+0.00000000j -0.02084438+0.01503174j -0.00000000-0.00000000j 0.93353958-0.00049313j
95.99999999999987 0.02187131+0.00046123j -0.00000000-0.00000000j -0.02249300-0.00084177j -0.00000000+0.00000000j 0.04518455+0.00010158j -0.00000000+0.00000000j -0.02269141+0.00074024j -0.00000000-0.00000000j 0.93294429-0.00056276j
96.99999999999987 0.01869214+0.00046356j 0.00000000-0.00000000j -0.02519270+0.01480940j -0.00000000+0.00000000j 0.05054011+0.00012571j -0.00000000+0.00000000j -0.02534726-0.01493505j 0.00000000-0.00000000j 0.93076789-0.00058921j
97.99999999999989 0.01617778+0.00045708j 0.00000000-0.00000000j -0.02677759+0.03165236j 0.00000000+0.00000000j 0.05367579+0.00011771j -0.00000000+0.00000000j -0.02689805-0.03177000j 0.00000000-0.00000000j 0.93014658-0.00057472j
98.99999999999989 0.01480868+0.00043661j 0.00000000+0.00000000j -0.02594420+0.04872282j 0.00000000-0.00000000j 0.05199409+0.00009594j 0.00000000-0.00000000j -0.02604975-0.04881870j 0.00000000+0.00000000j 0.93319737-0.00053249j
99.9999999999999 0.01465705+0.00039630j -0.00000000+0.00000000j -0.02254049+0.06470419j 0.00000000-0.00000000j 0.04519342+0.00008531j 0.00000000-0.00000000j -0.02265278-0.06478945j -0.00000000+0.00000000j 0.94014968-0.00048156j
100.9999999999999 0.01542630+0.00033428j -0.00000000+0.00000000j -0.01758288+0.07842784j 0.00000000-0.00000000j 0.03530220+0.00010324j 0.00000000-0.00000000j -0.01771918-0.07853103j -0.00000000+0.00000000j 0.94927165-0.00043746j
101.99999999999991 0.01668818+0.00025601j -0.00000000+0.00000000j -0.01278856+0.08929951j 0.00000000-0.00000000j 0.02574661+0.00014887j 0.00000000-0.00000000j -0.01295790-0.08944832j -0.00000000+0.00000000j 0.95756536-0.00040482j
102.9999999999999 0.01816471+0.00017298j -0.00000000-0.00000000j -0.00988346+0.09750718j 0.00000000-0.00000000j 0.01997070+0.00020480j 0.00000000-0.00000000j -0.01008709-0.09771193j -0.00000000-0.00000000j 0.96186473-0.00037772j
103.9999999999999 0.01988727+0.00009686j -0.00000000-0.00000000j -0.01001055+0.10396750j 0.00000000-0.00000000j 0.02025584+0.00025020j 0.00000000-0.00000000j -0.01024515-0.10421764j -0.00000000-0.00000000j 0.95985703-0.00034700j
104.99999999999991 0.02217568+0.00003427j -0.00000000-0.00000000j -0.01343038+0.11006688j 0.00000000-0.00000000j 0.02712180+0.00027349j -0.00000000-0.00000000j -0.01369128-0.11034031j -0.00000000-0.00000000j 0.95070266-0.00030771j
105.99999999999991 0.02550364-0.00001362j -0.00000000-0.00000000j -0.01951818+0.11730335j -0.00000000-0.00000000j 0.03931909+0.00027411j -0.00000000-0.00000000j -0.01980076-0.11757740j -0.00000000-0.00000000j 0.93517741-0.00026043j
106.99999999999993 0.03034399-0.00004791j -0.00000000+0.00000000j -0.02696974+0.12693090j -0.00000000-0.00000000j 0.05423944+0.00025558j -0.00000000-0.00000000j -0.02726955-0.12718642j -0.00000000+0.00000000j 0.91541671-0.00020761j
107.99999999999993 0.03703265-0.00006962j -0.00000000+0.00000000j -0.03414341+0.13968196j -0.00000000-0.00000000j 0.06859952+0.00022025j -0.00000000-0.00000000j -0.03445597-0.13990215j -0.00000000+0.00000000j 0.89436797-0.00015057j
108.99999999999994 0.04564672-0.00007993j -0.00000000+0.00000000j -0.03948592+0.15562046j -0.00000000-0.00000000j 0.07929284+0.00017026j -0.00000000-0.00000000j -0.03980678-0.15579066j -0.00000000+0.00000000j 0.87506059-0.00009027j
109.99999999999993 0.05591717-0.00008135j -0.00000000+0.00000000j -0.04194980+0.17415456j -0.00000000-0.00000000j 0.08422435+0.00011079j -0.00000000-0.00000000j -0.04227441-0.17426530j -0.00000000+0.00000000j 0.85985863-0.00002938j
110.99999999999994 0.06723893-0.00007728j -0.00000000-0.00000000j -0.04126022+0.19420403j -0.00000000-0.00000000j 0.08284331+0.00004973j -0.00000000-0.00000000j -0.04158295-0.19425370j -0.00000000-0.00000000j 0.84991790+0.00002761j
111.99999999999994 0.07881693-0.00006999j -0.00000000-0.00000000j -0.03792570+0.21447489j 0.00000000-0.00000000j 0.07616428-0.00000681j 0.00000000-0.00000000j -0.03823843-0.21446801j -0.00000000-0.00000000j 0.84501894+0.00007687j
112.99999999999996 0.08989648-0.00005965j -0.00000000-0.00000000j -0.03301270+0.23376405j 0.00000000-0.00000000j 0.06631687-0.00005730j 0.00000000-0.00000000j -0.03330402-0.23370669j -0.00000000-0.00000000j 0.84378679+0.00011701j
113.99999999999996 0.09996281-0.00004620j -0.00000000-0.00000000j -0.02781101+0.25121666j 0.00000000-0.00000000j 0.05587769-0.00010115j 0.00000000-0.00000000j -0.02806653-0.25111546j -0.00000000-0.00000000j 0.84415964+0.00014740j
114.99999999999997 0.10883033-0.00003225j -0.00000000-0.00000000j -0.02351129+0.26648428j 0.00000000-0.00000000j 0.04722582-0.00013283j 0.00000000-0.00000000j -0.02371439-0.26635138j -0.00000000-0.00000000j 0.84394399+0.00016514j
115.99999999999997 0.11663628-0.00002238j -0.00000000-0.00000001j -0.02093343+0.27975981j 0.00000000-0.00000000j 0.04199923-0.00014374j 0.00000000-0.00000000j -0.02106566-0.27961602j -0.00000000-0.00000001j 0.84136463+0.00016618j
116.99999999999999 0.12379591-0.00001927j -0.00000000-0.00000001j -0.02030606+0.29167859j 0.00000000-0.00000000j 0.04065373-0.00013131j 0.00000000-0.00000000j -0.02034753-0.29154722j -0.00000000-0.00000001j 0.83555051+0.00015063j
117.99999999999997 0.13092740-0.00002166j 0.00000000-0.00000001j -0.02115400+0.30309058j 0.00000000-0.00000000j 0.04223919-0.00010453j 0.00000000-0.00000000j -0.02108504-0.30298599j 0.00000000-0.00000001j 0.82683355+0.00012625j
119.0 0.13869613-0.00002568j 0.00000001-0.00000001j -0.02241038+0.31474754j -0.00000000+0.00000000j 0.04462591-0.00008088j -0.00000000+0.00000000j -0.02221538-0.31466660j 0.00000001-0.00000001j 0.81667810+0.00010662j
119.99999999999999 0.14756232-0.00002801j 0.00000001-0.00000001j -0.02280992+0.32699470j -0.00000000+0.00000000j 0.04529260-0.00007720j -0.00000000+0.00000000j -0.02248254-0.32691744j 0.00000001-0.00000001j 0.80714522+0.00010527j
121.0 0.15752675-0.00002949j 0.00000001-0.00000001j -0.02144950+0.33958072j -0.00000000+0.00000001j 0.04244642-0.00009853j -0.00000000+0.00000001j -0.02099677-0.33948213j 0.00000001-0.00000001j 0.80002698+0.00012809j
122.0 0.16803396-0.00003541j 0.00000002-0.00000001j -0.01826535+0.35167858j -0.00000000+0.00000001j 0.03597387-0.00013468j -0.00000000+0.00000001j -0.01770838-0.35154384j 0.00000002-0.00000001j 0.79599231+0.00017015j
123.00000000000001 0.17813592-0.00005214j 0.00000002-0.00000000j -0.01418668+0.36213730j -0.00000000+0.00000001j 0.02774408-0.00016650j -0.00000000+0.00000001j -0.01355726-0.36197075j 0.00000002-0.00000000j 0.79412013+0.00021869j
124.00000000000001 0.18688819-0.00008410j 0.00000002-0.00000000j -0.01086485+0.36989124j -0.00000000+0.00000002j 0.02106398-0.00017401j -0.00000000+0.00000002j -0.01019898-0.36971718j 0.00000002-0.00000000j 0.79204798+0.00025817j
125.00000000000003 0.19382565-0.00013227j 0.00000002+0.00000000j -0.01006341+0.37438906j 0.00000000+0.00000002j 0.01945738-0.00014313j 0.00000000+0.00000002j -0.00939383-0.37424588j 0.00000002+0.00000000j 0.78671711+0.00027546j
126.00000000000001 0.19931667-0.00019302j 0.00000002+0.00000001j -0.01293473+0.37588700j 0.00000000+0.00000002j 0.02521977-0.00007178j 0.00000000+0.00000002j -0.01228489-0.37581516j 0.00000002+0.00000001j 0.77546370+0.00026486j
127.00000000000004 0.20462753-0.00025732j 0.00000002+0.00000001j -0.01946397+0.37548724j 0.00000001+0.00000002j 0.03830950+0.00002570j 0.00000001+0.00000002j -0.01884539-0.37551288j 0.00000002+0.00000001j 0.75706311+0.00023168j
128.00000000000003 0.21161958-0.00031347j 0.00000002+0.00000001j -0.02832493+0.37488254j 0.00000001+0.00000002j 0.05606399+0.00012335j 0.00000001+0.00000002j -0.02773891-0.37500583j 0.00000002+0.00000001j 0.73231658+0.00019017j
129.00000000000003 0.22213791-0.00035217j 0.00000002+0.00000001j -0.03725274+0.37587672j 0.00000001+0.00000002j 0.07394861+0.00019566j 0.00000001+0.00000002j -0.03669573-0.37607231j 0.00000002+0.00000001j 0.70391362+0.00015657j
130.00000000000003 0.23730595-0.00037082j 0.00000002+0.00000001j -0.04381642+0.37983965j 0.00000002+0.00000003j 0.08710349+0.00022984j 0.00000002+0.00000003j -0.04328692-0.38006943j 0.00000002+0.00000001j 0.67559071+0.00014104j
131.00000000000003 0.25702534-0.00037502j 0.00000002+0.00000001j -0.04628124+0.38728695j 0.00000002+0.00000003j 0.09206643+0.00023267j 0.00000002+0.00000003j -0.04578505-0.38751956j 0.00000002+0.00000001j 0.65090837+0.00014241j
132.00000000000006 0.27991170-0.00037463j 0.00000002+0.00000001j -0.04420993+0.39773524j 0.00000002+0.00000002j 0.08797163+0.00022464j 0.00000002+0.00000002j -0.04376156-0.39795983j 0.00000002+0.00000001j 0.63211682+0.00015004j
133.00000000000006 0.30370942-0.00037655j 0.00000002+0.00000002j -0.03857567+0.40988233j 0.00000002+0.00000002j 0.07677141+0.00022518j 0.00000003+0.00000002j -0.03819559-0.41010745j 0.00000002+0.00000002j 0.61951931+0.00015143j
134.00000000000006 0.32603115-0.00038218j 0.00000002+0.00000002j -0.03136274+0.42204145j 0.00000003+0.00000002j 0.06243428+0.00024517j 0.00000003+0.00000002j -0.03107139-0.42228656j 0.00000002+0.00000002j 0.61153471+0.00013706j
135.00000000000006 0.34514303-0.00038796j 0.00000001+0.00000002j -0.02482331+0.43268006j 0.00000003+0.00000001j 0.04945766+0.00028482j 0.00000003+0.00000001j -0.02463420-0.43296483j 0.00000001+0.00000002j 0.60539946+0.00010320j
136.00000000000009 0.36050466-0.00038506j 0.00000001+0.00000002j -0.02067539+0.44088270j 0.00000003+0.00000001j 0.04126493+0.00032977j 0.00000003+0.00000001j -0.02058939-0.44121240j 0.00000001+0.00000002j 0.59823056+0.00005536j
137.00000000000006 0.37287962-0.00036296j 0.00000001+0.00000002j -0.01952368+0.44657696j 0.00000002+0.00000000j 0.03905065+0.00035601j 0.00000003+0.00000000j -0.01952683-0.44693291j 0.00000001+0.00000002j 0.58806988+0.00000701j
138.00000000000009 0.38397312-0.00031425j 0.00000002+0.00000002j -0.02071610+0.45045161j 0.00000002+0.00000001j 0.04149827+0.00033937j 0.00000002+0.00000001j -0.02078202-0.45079092j 0.00000002+0.00000002j 0.57452875-0.00002507j
139.00000000000009 0.39570299-0.00023909j 0.00000003+0.00000001j -0.02271264+0.45360457j 0.00000000+0.00000001j 0.04552213+0.00026685j 0.00000000+0.00000001j -0.02280934-0.45387136j 0.00000003+0.00000001j 0.55877502-0.00002771j
140.00000000000009 0.40938272-0.00014685j 0.00000004+0.00000001j -0.02381555+0.45706103j -0.00000001+0.00000002j 0.04772987+0.00014437j -0.00000001+0.00000002j -0.02391418-0.45720534j 0.00000004+0.00000001j 0.54288755+0.00000254j
141.00000000000009 0.42516910-0.00005521j 0.00000006+0.00000002j -0.02292882+0.46134744j -0.00000002+0.00000003j 0.04593972-0.00000061j -0.00000002+0.00000003j -0.02301076-0.46134677j 0.00000006+0.00000002j 0.52889132+0.00005588j
142.0000000000001 0.44202363+0.00001629j 0.00000006+0.00000004j -0.02000278+0.46628218j -0.00000003+0.00000004j 0.04006528-0.00012987j -0.00000003+0.00000004j -0.02006236-0.46615225j 0.00000006+0.00000004j 0.51791123+0.00011365j
143.0000000000001 0.45818507+0.00005853j 0.00000005+0.00000006j -0.01600102+0.47104802j -0.00000002+0.00000003j 0.03204491-0.00022038j -0.00000002+0.00000003j -0.01604374-0.47082759j 0.00000005+0.00000006j 0.50977016+0.00016191j
144.0000000000001 0.47192226+0.00007351j 0.00000002+0.00000009j -0.01246015+0.47448296j 0.00000000+0.00000001j 0.02495847-0.00026883j 0.00000000+0.00000001j -0.01249817-0.47421407j 0.00000002+0.00000009j 0.50311942+0.00019538j
145.0000000000001 0.48223626+0.00006774j -0.00000003+0.00000013j -0.01087886+0.47547232j 0.00000002-0.00000004j 0.02180545-0.00028165j 0.00000002-0.00000004j -0.01092644-0.47519061j -0.00000003+0.00000014j 0.49595843+0.00021397j
146.0000000000001 0.48925002+0.00005096j -0.00000012+0.00000018j -0.01219183+0.47331563j 0.00000006-0.00000011j 0.02445388-0.00027398j 0.00000006-0.00000011j -0.01226190-0.47304159j -0.00000012+0.00000018j 0.48629625+0.00022308j
147.0000000000001 0.49420652+0.00003116j -0.00000027+0.00000020j -0.01647030+0.46795140j 0.00000012-0.00000020j 0.03304294-0.00025995j 0.00000012-0.00000020j -0.01657250-0.46769139j -0.00000027+0.00000020j 0.47275068+0.00022885j
148.00000000000014 0.49913176+0.00000712j -0.00000046+0.00000013j -0.02289315+0.45998688j 0.00000022-0.00000025j 0.04592623-0.00023736j 0.00000022-0.00000025j -0.02303293-0.45974946j -0.00000046+0.00000013j 0.45494215+0.00023029j
149.00000000000014 0.50625634-0.00002399j -0.00000063-0.00000009j -0.03000050+0.45055256j 0.00000033-0.00000022j 0.06018018-0.00020226j 0.00000033-0.00000022j -0.03017954-0.45035025j -0.00000063-0.00000008j 0.43356362+0.00022630j
150.00000000000014 0.51735835-0.00006267j -0.00000070-0.00000046j -0.03615518+0.44101529j 0.00000042-0.00000010j 0.07252818-0.00015562j 0.00000042-0.00000010j -0.03637286-0.44085961j -0.00000070-0.00000046j 0.41011362+0.00021835j
151.00000000000014 0.53325575-0.00010894j -0.00000057-0.00000094j -0.04003147+0.43263679j 0.00000045+0.00000013j 0.08031850-0.00009815j 0.00000045+0.00000013j -0.04028688-0.43253858j -0.00000057-0.00000094j 0.38642590+0.00020715j
152.00000000000017 0.55360028-0.00016044j -0.00000022-0.00000138j -0.04097208+0.42628530j 0.00000044+0.00000037j 0.08223753-0.00003284j 0.00000044+0.00000037j -0.04126531-0.42625240j -0.00000022-0.00000138j 0.36416234+0.00019335j
153.00000000000014 0.57704265-0.00021489j 0.00000026-0.00000160j -0.03908599+0.42226733j 0.00000041+0.00000049j 0.07850421+0.00003968j 0.00000041+0.00000049j -0.03941808-0.42230696j 0.00000026-0.00000160j 0.34445329+0.00017527j
154.00000000000014 0.60167111-0.00026906j 0.00000076-0.00000153j -0.03510271+0.42031550j 0.00000040+0.00000045j 0.07057747+0.00011774j 0.00000040+0.00000045j -0.03547462-0.42043318j 0.00000076-0.00000153j 0.32775156+0.00015138j
155.00000000000017 0.62551926-0.00032428j 0.00000122-0.00000126j -0.03011155+0.41970409j 0.00000036+0.00000033j 0.06063495+0.00020803j 0.00000036+0.00000033j -0.03052326-0.41991206j 0.00000122-0.00000126j 0.31384594+0.00011631j
156.00000000000017 0.64699936-0.00037585j 0.00000159-0.00000087j -0.02528138+0.41946933j 0.00000030+0.00000018j 0.05101304+0.00030367j 0.00000030+0.00000018j -0.02573152-0.41977294j 0.00000159-0.00000087j 0.30198774+0.00007224j
157.00000000000017 0.66520479-0.00041090j 0.00000176-0.00000035j -0.02159687+0.41865696j 0.00000029-0.00000000j 0.04367961+0.00038028j 0.00000029-0.00000000j -0.02208259-0.41903718j 0.00000176-0.00000035j 0.29111575+0.00003068j
158.00000000000017 0.68007464-0.00042184j 0.00000154+0.00000018j -0.01961691+0.41653946j 0.00000051-0.00000022j 0.03975023+0.00042340j 0.00000051-0.00000022j -0.02013318-0.41696280j 0.00000154+0.00000018j 0.28017528-0.00000149j
159.0000000000002 0.69236181-0.00040663j 0.00000061+0.00000066j -0.01932958+0.41278282j 0.00000125-0.00000063j 0.03919735+0.00042878j 0.00000125-0.00000063j -0.01986763-0.41321154j 0.00000061+0.00000066j 0.26844098-0.00002210j
160.00000000000017 0.70338120-0.00037039j -0.00000101+0.00000102j -0.02016351+0.40750455j 0.00000244-0.00000145j 0.04087289+0.00040500j 0.00000243-0.00000145j -0.02070923-0.40790949j -0.00000101+0.00000102j 0.25574606-0.00003455j
161.0000000000002 0.71457127-0.00032863j -0.00000269+0.00000102j -0.02118179+0.40119738j 0.00000340-0.00000259j 0.04289705+0.00037896j 0.00000340-0.00000259j -0.02171511-0.40157628j -0.00000270+0.00000102j 0.24253183-0.00005027j
162.0000000000002 0.72695471-0.00028541j -0.00000365+0.00000038j -0.02144559+0.39455358j 0.00000345-0.00000353j 0.04338758+0.00035238j 0.00000345-0.00000353j -0.02194184-0.39490590j -0.00000365+0.00000038j 0.22965786-0.00006691j
163.0000000000002 0.74069211-0.00023092j -0.00000355-0.00000094j -0.02041648+0.38819592j 0.00000254-0.00000378j 0.04126627+0.00029794j 0.00000254-0.00000378j -0.02084964-0.38849380j -0.00000355-0.00000094j 0.21804177-0.00006695j
164.0000000000002 0.75496426-0.00016607j -0.00000276-0.00000248j -0.01819080+0.38238984j 0.00000131-0.00000344j 0.03672891+0.00021028j 0.00000130-0.00000344j -0.01853796-0.38260006j -0.00000276-0.00000248j 0.20830698-0.00004414j
165.00000000000023 0.76818197-0.00009588j -0.00000199-0.00000359j -0.01554540+0.37688674j 0.00000050-0.00000307j 0.03133687+0.00009505j 0.00000050-0.00000307j -0.01579133-0.37698173j -0.00000199-0.00000359j 0.20048130+0.00000089j
166.00000000000023 0.77849508-0.00004098j -0.00000158-0.00000402j -0.01375037+0.37091919j 0.00000028-0.00000313j 0.02764102-0.00000628j 0.00000028-0.00000313j -0.01389051-0.37091286j -0.00000158-0.00000402j 0.19386404+0.00004732j
167.00000000000023 0.78455920-0.00002160j -0.00000122-0.00000394j -0.01408237+0.36341399j 0.00000008-0.00000360j 0.02820538-0.00004802j 0.00000008-0.00000360j -0.01412287-0.36336590j -0.00000122-0.00000394j 0.18723557+0.00006968j
168.00000000000023 0.78620043-0.00003703j -0.00000057-0.00000359j -0.01728973+0.35335242j -0.00000059-0.00000411j 0.03453425-0.00002268j -0.00000059-0.00000411j -0.01724437-0.35332968j -0.00000057-0.00000359j 0.17926547+0.00005978j
169.00000000000023 0.78473622-0.00005860j 0.00000025-0.00000289j -0.02318466+0.34015199j -0.00000166-0.00000458j 0.04625451+0.00002177j -0.00000166-0.00000458j -0.02306970-0.34017370j 0.00000025-0.00000289j 0.16900942+0.00003690j
170.00000000000023 0.78276433-0.00003928j 0.00000084-0.00000175j -0.03055912+0.32393171j -0.00000284-0.00000507j 0.06094749-0.00000224j -0.00000283-0.00000507j -0.03038823-0.32392941j 0.00000084-0.00000175j 0.15628832+0.00004158j
171.00000000000026 0.78343937+0.00001509j 0.00000117-0.00000060j -0.03749414+0.30550808j -0.00000410-0.00000517j 0.07476981-0.00008164j -0.00000410-0.00000517j -0.03727553-0.30542638j 0.00000117-0.00000060j 0.14179096+0.00006661j
172.00000000000026 0.78941629+0.00007024j 0.00000147-0.00000012j -0.04202168+0.28624163j -0.00000546-0.00000423j 0.08377993-0.00015172j -0.00000546-0.00000423j -0.04175811-0.28608986j 0.00000147-0.00000012j 0.12680392+0.00008153j
173.00000000000026 0.80186461+0.00010270j 0.00000197-0.00000054j -0.04287190+0.26770274j -0.00000665-0.00000200j 0.08543521-0.00017281j -0.00000665-0.00000200j -0.04256316-0.26752987j 0.00000197-0.00000054j 0.11270033+0.00007017j
174.00000000000026 0.82004870+0.00009441j 0.00000270-0.00000149j -0.03989569+0.25121571j -0.00000726+0.00000114j 0.07943835-0.00011675j -0.00000726+0.00000113j -0.03954252-0.25109890j 0.00000270-0.00000149j 0.10051309+0.00002241j
175.00000000000028 0.84155280+0.00007301j 0.00000323-0.00000259j -0.03408939+0.23751813j -0.00000664+0.00000460j 0.06778695-0.00004442j -0.00000664+0.00000460j -0.03369741-0.23747366j 0.00000323-0.00000259j 0.09066040-0.00002853j
176.00000000000026 0.86302761+0.00009473j 0.00000257-0.00000372j -0.02726852+0.22655931j -0.00000380+0.00000771j 0.05411925-0.00006889j -0.00000380+0.00000771j -0.02685058-0.22649036j 0.00000257-0.00000372j 0.08285328-0.00002578j
177.00000000000028 0.88133747+0.00013076j -0.00000053-0.00000478j -0.02137463+0.21746470j 0.00000232+0.00000930j 0.04232503-0.00012737j 0.00000232+0.00000930j -0.02095026-0.21733727j -0.00000053-0.00000478j 0.07633765-0.00000334j
178.00000000000028 0.89458613+0.00012936j -0.00000630-0.00000604j -0.01778261+0.20891569j 0.00001146+0.00000824j 0.03515686-0.00010667j 0.00001146+0.00000824j -0.01737410-0.20880896j -0.00000630-0.00000604j 0.07025715-0.00002263j
179.00000000000028 0.90253221+0.00007588j -0.00001260-0.00000741j -0.01697994+0.19965670j 0.00002080+0.00000357j 0.03358630+0.00003278j 0.00002080+0.00000357j -0.01660621-0.19968942j -0.00001260-0.00000741j 0.06388164-0.00010860j
180.00000000000028 0.90659109-0.00000546j -0.00001527-0.00000793j -0.01838898+0.18891085j 0.00002520-0.00000479j 0.03644927+0.00024898j 0.00002520-0.00000479j -0.01806014-0.18915977j -0.00001527-0.00000793j 0.05695979-0.00024346j
181.00000000000028 0.90914636-0.00001812j -0.00001021-0.00000720j -0.02068186+0.17664370j 0.00001970-0.00001416j 0.04107894+0.00034819j 0.00001970-0.00001416j -0.02039694-0.17699183j -0.00001021-0.00000720j 0.04977484-0.00033001j
182.0000000000003 0.91251744+0.00006989j 0.00000583-0.00000484j -0.02238837+0.16339608j 0.00000099-0.00001992j 0.04452574+0.00025871j 0.00000099-0.00001992j -0.02213722-0.16365474j 0.00000584-0.00000485j 0.04295697-0.00032854j
183.00000000000028 0.91812006+0.00023251j 0.00003098+0.00000010j -0.02241981+0.15002759j -0.00002809-0.00001765j 0.04460797+0.00002056j -0.00002809-0.00001765j -0.02218802-0.15004809j 0.00003098+0.00000010j 0.03727211-0.00025301j
184.0000000000003 0.92583754+0.00033931j 0.00005884+0.00001251j -0.02059778+0.13728664j -0.00006038-0.00000926j 0.04096998-0.00011793j -0.00006038-0.00000926j -0.02037206-0.13716865j 0.00005885+0.00001251j 0.03319262-0.00022133j
185.0000000000003 0.93404952+0.00028248j 0.00008656+0.00004198j -0.01775985+0.12557910j -0.00009543-0.00000371j 0.03529198+0.00004916j -0.00009543-0.00000371j -0.01753199-0.12562820j 0.00008656+0.00004198j 0.03065864-0.00033158j
186.0000000000003 0.94025901+0.00015449j 0.00011999+0.00009107j -0.01543770+0.11493433j -0.00014476-0.00000124j 0.03064393+0.00033184j -0.00014476-0.00000124j -0.01520609-0.11526611j 0.00011999+0.00009107j 0.02909720-0.00048627j
187.0000000000003 0.94223479+0.00008602j 0.00016599+0.00014405j -0.01507688+0.10484003j -0.00021683+0.00002073j 0.02992281+0.00046874j -0.00021683+0.00002073j -0.01484578-0.10530871j 0.00016599+0.00014405j 0.02784255-0.00055470j
188.00000000000034 0.93899979+0.00015371j 0.00022324+0.00017585j -0.01734581+0.09434546j -0.00029986+0.00009459j 0.03446882+0.00031081j -0.00029985+0.00009459j -0.01712286-0.09465621j 0.00022325+0.00017585j 0.02653154-0.00046447j
189.00000000000034 0.93115512+0.00033084j 0.00028675+0.00017179j -0.02195028+0.08233532j -0.00036733+0.00023660j 0.04369353-0.00008192j -0.00036733+0.00023660j -0.02174310-0.08225335j 0.00028676+0.00017179j 0.02515150-0.00024886j
190.00000000000034 0.92071054+0.00036759j 0.00035727+0.00013493j -0.02774315+0.06775259j -0.00039631+0.00043857j 0.05529948-0.00020331j -0.00039631+0.00043857j -0.02755619-0.06754923j 0.00035727+0.00013493j 0.02399012-0.00016422j
191.00000000000034 0.91035002+0.00014827j 0.00044046+0.00008102j -0.03322655+0.05020729j -0.00037503+0.00067645j 0.06628619+0.00018243j -0.00037503+0.00067645j -0.03305949-0.05038966j 0.00044046+0.00008102j 0.02336393-0.00033064j
192.00000000000034 0.90223036-0.00008324j 0.00053910+0.00003158j -0.03743013+0.03028758j -0.00029991+0.00091994j 0.07470876+0.00058891j -0.00029991+0.00091994j -0.03727849-0.03087643j 0.00053910+0.00003158j 0.02306103-0.00050561j
193.00000000000034 0.89788513-0.00015312j 0.00063978+0.00000587j -0.03969849+0.00903441j -0.00016311+0.00113901j 0.07925458+0.00066767j -0.00016311+0.00113901j -0.03955595-0.00970202j 0.00063978+0.00000587j 0.02286044-0.00051449j
194.00000000000037 0.89834325+0.00006734j 0.00070788+0.00002084j -0.03936865-0.01226579j 0.00005279+0.00129699j 0.07859852+0.00015988j 0.00005279+0.00129699j -0.03922973+0.01210597j 0.00070788+0.00002084j 0.02305837-0.00022716j
195.00000000000037 0.90341431+0.00038930j 0.00071275+0.00009486j -0.03643107-0.03264240j 0.00034681+0.00134482j 0.07272407-0.00055735j 0.00034681+0.00134481j -0.03629285+0.03319981j 0.00071275+0.00009486j 0.02386176+0.00016811j
196.00000000000037 0.91190340+0.00041987j 0.00065242+0.00022905j -0.03140738-0.05158881j 0.00067625+0.00125182j 0.06267726-0.00069750j 0.00067625+0.00125181j -0.03126973+0.05228637j 0.00065242+0.00022905j 0.02541949+0.00027769j
197.00000000000037 0.92155117+0.00004664j 0.00054197+0.00038847j -0.02560737-0.06875082j 0.00098389+0.00103793j 0.05107961-0.00003375j 0.00098389+0.00103793j -0.02547209+0.06878462j 0.00054197+0.00038847j 0.02736937-0.00001283j
198.0000000000004 0.92957178-0.00050287j 0.00039910+0.00052665j -0.02083336-0.08392056j 0.00122898+0.00075009j 0.04153633+0.00098161j 0.00122898+0.00075009j -0.02070283+0.08293900j 0.00039910+0.00052665j 0.02889203-0.00047868j
199.00000000000037 0.93388364-0.00057256j 0.00025462+0.00062083j -0.01837597-0.09688207j 0.00137623+0.00042533j 0.03662806+0.00103964j 0.00137623+0.00042533j -0.01825195+0.09584248j 0.00025462+0.00062083j 0.02948845-0.00046703j
200.00000000000037 0.93417252-0.00008831j 0.00015076+0.00066799j -0.01811136-0.10826226j 0.00138944+0.00009853j 0.03610559-0.00000424j 0.00138944+0.00009853j -0.01799408+0.10826656j 0.00015076+0.00066799j 0.02972203+0.00009261j
201.00000000000043 0.93180490+0.00038776j 0.00011054+0.00066690j -0.01864920-0.11937492j 0.00126158-0.00018319j 0.03718616-0.00102200j 0.00126158-0.00018319j -0.01853682+0.12039698j 0.00011054+0.00066690j 0.03100908+0.00063429j
202.0000000000004 0.92812906+0.00045454j 0.00012021+0.00062057j -0.01898386-0.13121476j 0.00103313-0.00037992j 0.03785614-0.00120742j 0.00103313-0.00037992j -0.01887213+0.13242224j 0.00012021+0.00062057j 0.03401494+0.00075294j
203.0000000000004 0.92373660-0.00015577j 0.00014684+0.00054304j -0.01908992-0.14432809j 0.00076784-0.00048169j 0.03806196-0.00002139j 0.00076783-0.00048169j -0.01897190+0.14434953j 0.00014684+0.00054304j 0.03820158+0.00017721j
204.0000000000004 0.91900701-0.00105183j 0.00016642+0.00045647j -0.01917402-0.15822273j 0.00051486-0.00050758j 0.03821388+0.00175572j 0.00051486-0.00050758j -0.01903971+0.15646707j 0.00016642+0.00045647j 0.04277926-0.00070383j
205.0000000000004 0.91395040-0.00094387j 0.00017729+0.00038224j -0.01961996-0.17117926j 0.00028963-0.00048664j 0.03907645+0.00154412j 0.00028963-0.00048664j -0.01945634+0.16963520j 0.00017729+0.00038223j 0.04697329-0.00060019j
206.00000000000043 0.90894660+0.00009376j 0.00019936+0.00032482j -0.02009039-0.18267458j 0.00007740-0.00042859j 0.03997310-0.00051103j 0.00007740-0.00042858j -0.01988257+0.18318567j 0.00019936+0.00032482j 0.05108045+0.00041733j
207.00000000000043 0.90527501+0.00094654j 0.00025878+0.00025921j -0.01894777-0.19329085j -0.00013802-0.00030331j 0.03762949-0.00218712j -0.00013802-0.00030331j -0.01868158+0.19547803j 0.00025879+0.00025921j 0.05709564+0.00124064j
208.00000000000043 0.90161665+0.00083259j 0.00035955+0.00015344j -0.01684451-0.20357687j -0.00033375-0.00006993j 0.03335461-0.00192809j -0.00033375-0.00006993j -0.01650996+0.20550502j 0.00035955+0.00015344j 0.06502889+0.00109556j
209.00000000000043 0.89475361-0.00053520j 0.00047225+0.00001469j -0.01624224-0.21403840j -0.00044543+0.00025950j 0.03207901+0.00083392j -0.00044543+0.00025950j -0.01583663+0.21320454j 0.00047225+0.00001469j 0.07316753-0.00029866j
210.00000000000045 0.88193302-0.00161139j 0.00055058-0.00010309j -0.01932934-0.22380543j -0.00041106+0.00060112j 0.03818796+0.00300493j -0.00041105+0.00060112j -0.01885848+0.22080055j 0.00055058-0.00010309j 0.07987916-0.00139348j
211.00000000000045 0.86231404-0.00124868j 0.00055033-0.00014586j -0.02682293-0.23270315j -0.00020782+0.00084987j 0.05312332+0.00229123j -0.00020782+0.00084986j -0.02630024+0.23041198j 0.00055033-0.00014586j 0.08456279-0.00104249j
212.00000000000043 0.83960162+0.00058689j 0.00044135-0.00009829j -0.03546083-0.24168394j 0.00014300+0.00093032j 0.07036533-0.00137093j 0.00014301+0.00093032j -0.03490436+0.24305493j 0.00044135-0.00009829j 0.09003319+0.00078411j
213.00000000000043 0.81930745+0.00214680j 0.00022554+0.00002277j -0.04068958-0.25317685j 0.00057567+0.00080568j 0.08080789-0.00447871j 0.00057568+0.00080568j -0.04011817+0.25765562j 0.00022554+0.00002277j 0.09988480+0.00233197j
214.00000000000048 0.80499788+0.00107631j -0.00005499+0.00018659j -0.04019228-0.26965948j 0.00098581+0.00047852j 0.07981414-0.00231723j 0.00098581+0.00047852j -0.03962172+0.27197678j -0.00005499+0.00018659j 0.11518812+0.00124099j
215.00000000000045 0.79550658-0.00157106j -0.00033911+0.00035113j -0.03633891-0.28954730j 0.00126483+0.00000120j 0.07211837+0.00300925j 0.00126483+0.00000120j -0.03577932+0.28653812j -0.00033911+0.00035114j 0.13237519-0.00143813j
216.00000000000045 0.78744319-0.00319404j -0.00057767+0.00047210j -0.03332953-0.30915730j 0.00134370-0.00053691j 0.06611460+0.00629701j 0.00134370-0.00053691j -0.03278492+0.30286036j -0.00057767+0.00047210j 0.14644236-0.00310290j
217.00000000000045 0.78027280-0.00233286j -0.00074800+0.00052400j -0.03186998-0.32568078j 0.00121053-0.00104705j 0.06321073+0.00462128j 0.00121053-0.00104706j -0.03134061+0.32105956j -0.00074800+0.00052400j 0.15651661-0.00228836j
218.00000000000048 0.77580896+0.00140015j -0.00093167+0.00062203j -0.02962742-0.33749442j 0.00095980-0.00159160j 0.05874186-0.00280054j 0.00095980-0.00159160j -0.02911430+0.34029502j -0.00093167+0.00062203j 0.16544932+0.00140045j
219.00000000000048 0.77508550+0.00433661j -0.00146408+0.00105265j -0.02452829-0.34749537j 0.00083447-0.00249879j 0.04856629-0.00863785j 0.00083447-0.00249879j -0.02403786+0.35613328j -0.00146408+0.00105265j 0.17634835+0.00430130j
220.00000000000048 0.77817605+0.00239754j -0.00234813+0.00157279j -0.01527729-0.35965351j 0.00068899-0.00364377j 0.03010125-0.00473491j 0.00068899-0.00364377j -0.01482381+0.36438848j -0.00234813+0.00157279j 0.19172284+0.00233742j
221.00000000000048 0.77768643-0.00129895j -0.00316222+0.00158120j -0.00825334-0.37137710j 0.00016660-0.00441008j 0.01611102+0.00267474j 0.00016660-0.00441008j -0.00785754+0.36870242j -0.00316222+0.00158120j 0.20620269-0.00137573j
222.0000000000005 0.76485484-0.00269620j -0.00357600+0.00072122j -0.01170875-0.37953354j -0.00074242-0.00428370j 0.02310220+0.00548384j -0.00074243-0.00428370j -0.01139331+0.37404976j -0.00357600+0.00072122j 0.21204310-0.00278758j
223.0000000000005 0.74371403+0.00180526j -0.00349515-0.00094497j -0.02171487-0.38148872j -0.00169558-0.00316703j 0.04321353-0.00349984j -0.00169558-0.00316702j -0.02149852+0.38498862j -0.00349515-0.00094497j 0.21307258+0.00169464j
224.0000000000005 0.72304620+0.01032045j -0.00273864-0.00282571j -0.03009531-0.37979062j -0.00255920-0.00153272j 0.06008333-0.02050196j -0.00255920-0.00153272j -0.02998787+0.40029264j -0.00273864-0.00282571j 0.21687061+0.01018156j
225.0000000000005 0.71208891+0.01528814j -0.00119111-0.00407426j -0.02844046-0.38214999j -0.00345919-0.00005387j 0.05688105-0.03039955j -0.00345919-0.00005386j -0.02844045+0.41254960j -0.00119111-0.00407426j 0.23103018+0.01511147j
226.00000000000054 0.71053160+0.01386398j 0.00059826-0.00421399j -0.01777059-0.39103393j -0.00414528+0.00092112j 0.03563654-0.02750768j -0.00414528+0.00092112j -0.01786581+0.41854167j 0.00059826-0.00421399j 0.25383200+0.01364376j
227.00000000000054 0.70604994+0.00834097j 0.00151950-0.00331206j -0.01072144-0.40342513j -0.00390229+0.00125794j 0.02161397-0.01641914j -0.00390229+0.00125794j -0.01089238+0.41984433j 0.00151950-0.00331206j 0.27233624+0.00807823j
228.00000000000054 0.68707105+0.00956698j 0.00088427-0.00174777j -0.01865454-0.40770616j -0.00241141+0.00076458j 0.03753403-0.01883744j -0.00241141+0.00076458j -0.01887935+0.42654366j 0.00088427-0.00174777j 0.27539506+0.00927051j
229.0000000000005 0.65505912+0.02174824j -0.00113703+0.00022834j -0.03944134-0.39917081j -0.00019595-0.00090802j 0.07914244-0.04318131j -0.00019595-0.00090802j -0.03970096+0.44235218j -0.00113703+0.00022834j 0.26579858+0.02143313j
230.0000000000005 0.62794225+0.03362201j -0.00416672+0.00246243j -0.05427134-0.38906829j 0.00197823-0.00395823j 0.10882447-0.06692814j 0.00197823-0.00395823j -0.05455298+0.45599650j -0.00416672+0.00246243j 0.26323343+0.03330620j
231.00000000000054 0.61791958+0.03490792j -0.00804756+0.00444405j -0.05015905-0.38819720j 0.00365448-0.00802279j 0.10061629-0.06951599j 0.00365448-0.00802279j -0.05045710+0.45771325j -0.00804756+0.00444405j 0.28146427+0.03460814j
232.00000000000054 0.61360292+0.02286774j -0.01232869+0.00551270j -0.03808519-0.40020867j 0.00436211-0.01243410j 0.07648480-0.04546413j 0.00436211-0.01243410j -0.03839946+0.44567286j -0.01232869+0.00551270j 0.30991243+0.02259645j
233.00000000000054 0.59812552+0.00401015j -0.01592996+0.00533984j -0.03504535-0.41963505j 0.00327388-0.01652326j 0.07042337-0.00778453j 0.00327388-0.01652326j -0.03537788+0.42741964j -0.01592996+0.00533984j 0.33145125+0.00377444j
234.00000000000054 0.56217653+0.00266337j -0.01762132+0.00368622j -0.05100251-0.42301420j -0.00033723-0.01922922j 0.10235705-0.00512917j -0.00033723-0.01922922j -0.05135439+0.42814342j -0.01762132+0.00368622j 0.33546657+0.00246586j
235.00000000000057 0.50966548+0.02398836j -0.01674422+0.00032116j -0.08305328-0.40563402j -0.00626508-0.01919230j 0.16647611-0.04781762j -0.00626508-0.01919230j -0.08342267+0.45345170j -0.01674422+0.00032116j 0.32385857+0.02382932j
236.00000000000057 0.47918085+0.04609163j -0.01360060-0.00424459j -0.09370594-0.38930687j -0.01312303-0.01594130j 0.18779375-0.09206267j -0.01312303-0.01594130j -0.09408767+0.48136961j -0.01360060-0.00424459j 0.33302554+0.04597111j
237.00000000000057 0.48797821+0.04949460j -0.00926585-0.00869745j -0.06661858-0.39293952j -0.01903652-0.01037868j 0.13362380-0.09890823j -0.01903652-0.01037868j -0.06700508+0.49184784j -0.00926586-0.00869745j 0.37839814+0.04941371j
238.00000000000057 0.51286537+0.02282688j -0.00495304-0.01202094j -0.02550789-0.42700706j -0.02256825-0.00379099j 0.05139896-0.04561475j -0.02256825-0.00379099j -0.02589092+0.47262190j -0.00495304-0.01202094j 0.43573582+0.02278795j
239.0000000000006 0.52110376-0.00704442j -0.00150756-0.01407123j -0.00315985-0.46366080j -0.02304130+0.00291529j 0.00669220+0.01408350j -0.02304130+0.00291529j -0.00353222+0.44957739j -0.00150756-0.01407123j 0.47220417-0.00703900j
240.0000000000006 0.48400147-0.01141035j 0.00077891-0.01508583j -0.02787788-0.47335999j -0.02049383+0.00900321j 0.05611257+0.02277015j -0.02049384+0.00900321j -0.02823456+0.45058991j 0.00077891-0.01508583j 0.45988608-0.01135973j
241.0000000000006 0.42748625+0.01539496j 0.00244120-0.01530802j -0.07305503-0.44993022j -0.01589480+0.01387621j 0.14644860-0.03088355j -0.01589480+0.01387621j -0.07339343+0.48081386j 0.00244120-0.01530802j 0.42606529+0.01548868j
242.00000000000057 0.40477841+0.04877590j 0.00475070-0.01490155j -0.08470071-0.41785655j -0.01098447+0.01741373j 0.16972128-0.09768287j -0.01098447+0.01741373j -0.08502042+0.51553948j 0.00475070-0.01490155j 0.42550045+0.04890702j
243.00000000000063 0.44314057+0.03871890j 0.00837810-0.01356843j -0.03489080-0.42740951j -0.00690501+0.01966589j 0.07008413-0.07759732j -0.00690501+0.01966589j -0.03519319+0.50500689j 0.00837810-0.01356843j 0.48677543+0.03887848j
244.00000000000063 0.50374092-0.01381611j 0.01207515-0.01058155j 0.03794263-0.47813578j -0.00304182+0.02026072j -0.07559717+0.02745577j -0.00304183+0.02026072j 0.03765469+0.45067998j 0.01207515-0.01058155j 0.57185640-0.01363969j
245.0000000000006 0.50463726-0.05624817j 0.01363249-0.00567751j 0.05192096-0.51803857j 0.00191696+0.01857613j -0.10356447+0.11231672j 0.00191696+0.01857613j 0.05164365+0.40572181j 0.01363249-0.00567751j 0.59892735-0.05606859j
246.0000000000006 0.42379560-0.05216703j 0.01223881+0.00029100j -0.01524186-0.51118532j 0.00785344+0.01454337j 0.03075409+0.10416670j 0.00785344+0.01454337j -0.01551214+0.40701862j 0.01223881+0.00029100j 0.54545040-0.05199967j
247.00000000000065 0.33334173+0.00970249j 0.00924398+0.00569579j -0.09187556-0.44652358j 0.01290343+0.00919377j 0.18401608-0.01954393j 0.01290343+0.00919377j -0.09214046+0.46606752j 0.00924398+0.00569579j 0.48264226+0.00984145j
248.00000000000063 0.30473012+0.07522392j 0.00673514+0.00918330j -0.10700816-0.37808904j 0.01517432+0.00420404j 0.21427379-0.15054302j 0.01517432+0.00420404j -0.10726563+0.52863200j 0.00673514+0.00918330j 0.48099609+0.07531904j
249.00000000000063 0.38840797+0.04915997j 0.00568057+0.01070365j -0.01051094-0.40073257j 0.01440841+0.00060353j 0.02126552-0.09835876j 0.01440841+0.00060353j -0.01075447+0.49909126j 0.00568057+0.01070365j 0.59032661+0.04919872j
250.00000000000063 0.50934105-0.03678194j 0.00532851+0.01112572j 0.12257154-0.48221489j 0.01205193-0.00163520j -0.24492356+0.07358909j 0.01205193-0.00163520j 0.12235222+0.40862574j 0.00532851+0.01112572j 0.73558272-0.03680721j
251.00000000000065 0.48792851-0.10351513j 0.00446813+0.01074607j 0.11298209-0.54297496j 0.00981643-0.00263559j -0.22578111+0.20712103j 0.00981643-0.00263559j 0.11279902+0.33585381j 0.00446813+0.01074607j 0.73785259-0.10360602j
252.00000000000065 0.32942660-0.07237164j 0.00295166+0.00925361j -0.03340041-0.50413080j 0.00836321-0.00238083j 0.06693690+0.14489504j 0.00836321-0.00238083j -0.03353618+0.35923543j 0.00295166+0.00925361j 0.60363681-0.07252373j
253.00000000000065 0.15826155+0.05596216j 0.00197196+0.00649283j -0.19142833-0.36655090j 0.00707352-0.00088573j 0.38293822-0.11172077j 0.00707353-0.00088573j -0.19150960+0.47827113j 0.00197196+0.00649283j 0.45880052+0.05575807j
254.00000000000065 0.14019154+0.13884423j 0.00334193+0.00284463j -0.19475981-0.27347457j 0.00470219+0.00192073j 0.38954521-0.27744483j 0.00470219+0.00192073j -0.19478554+0.55091865j 0.00334193+0.00284463j 0.47026311+0.13859985j
255.00000000000063 0.31522354+0.09577480j 0.00717503-0.00018657j -0.00316389-0.30629831j 0.00145270+0.00543651j 0.00630385-0.19127677j 0.00145270+0.00543651j -0.00314016+0.49757446j 0.00717503-0.00018657j 0.67847242+0.09550135j
256.0000000000007 0.48844616-0.06470159j 0.01048162-0.00048286j 0.18817822-0.45744532j -0.00012239+0.00774668j -0.37641771+0.12969746j -0.00012239+0.00774668j 0.18823931+0.32774738j 0.01048162-0.00048286j 0.88797138-0.06499635j
257.0000000000007 0.44586628-0.17487611j 0.01034492+0.00246895j 0.16451859-0.55996595j 0.00163679+0.00718751j -0.32912165+0.35006498j 0.00163679+0.00718750j 0.16460197+0.20990037j 0.01034492+0.00246895j 0.88325429-0.17518948j
258.0000000000007 0.14938159-0.06561510j 0.00693843+0.00659171j -0.11331922-0.44503458j 0.00534923+0.00432537j 0.22654472+0.13156246j 0.00534923+0.00432537j -0.11322757+0.31347061j 0.00693843+0.00659171j 0.62407162-0.06594887j
259.0000000000007 -0.12766736+0.15369366j 0.00250287+0.00902225j -0.37310609-0.22177696j 0.00854881+0.00133564j 0.74611904-0.30703126j 0.00854881+0.00133564j -0.37301587+0.52880668j 0.00250287+0.00902225j 0.38154540+0.15333606j
260.0000000000007 -0.04986733+0.26522899j -0.00019313+0.00848346j -0.28026676-0.10723824j 0.00925923-0.00005389j 0.56044405-0.53007543j 0.00925922-0.00005389j -0.28018229+0.63731353j -0.00019313+0.00848346j 0.48941828+0.26484631j
261.0000000000007 0.30189524+0.16207531j 0.00013194+0.00628817j 0.08398127-0.20726524j 0.00719102+0.00013059j -0.16804953-0.32374616j 0.00719102+0.00013059j 0.08405952+0.53101203j 0.00013194+0.00628817j 0.86614555+0.16167149j
262.0000000000007 0.55888440-0.15469136j 0.00073667+0.00493395j 0.35115188-0.51973582j 0.00537623+0.00021115j -0.70238624+0.30979975j 0.00537623+0.00021116j 0.35122409+0.20993798j 0.00073667+0.00493395j 1.14349156-0.15510648j
263.0000000000007 0.45489346-0.31713411j -0.00242460+0.00564329j 0.25575715-0.67599201j 0.00718675-0.00200584j -0.51158408+0.63468346j 0.00718675-0.00200584j 0.25582093+0.04131121j -0.00242460+0.00564329j 1.05668462-0.31754669j
264.00000000000074 -0.11192065-0.05779888j -0.00694249+0.00739086j -0.30311570-0.40837114j 0.00917327-0.00689565j 0.60618808+0.11599980j 0.00917327-0.00689565j -0.30306724+0.29237742j -0.00694249+0.00739086j 0.50573772-0.05819484j
265.00000000000074 -0.57705834+0.34786471j -0.00426859+0.00890586j -0.76013815+0.00736145j 0.00240050-0.01149199j 1.52026294-0.69534896j 0.00240050-0.01149199j -0.76011618+0.68799873j -0.00426859+0.00890586j 0.05680401+0.34749546j
266.0000000000007 -0.42188591+0.52513899j 0.00405289+0.01150115j -0.59620957+0.19581026j -0.01118386-0.01303735j 1.19244391-1.04993107j -0.01118386-0.01303735j -0.59622732+0.85412801j 0.00405289+0.01150115j 0.22944901+0.52479928j
267.0000000000007 0.10305095+0.12271869j 0.00076493+0.01479097j -0.06189190-0.19509417j -0.01397784-0.01206977j 0.12385974-0.24510134j -0.01397784-0.01206977j -0.06196097+0.44021591j 0.00076493+0.01479097j 0.77309619+0.12240305j
268.00000000000074 0.45491221-0.51886890j -0.01910485+0.01045824j 0.29953162-0.82538533j 0.00026592-0.00790517j -0.59895194+1.03806127j 0.00026592-0.00790517j 0.29940492-0.21265609j -0.01910485+0.01045824j 1.14402434-0.51917252j
269.00000000000074 0.06319684-0.77435894j -0.03299754-0.00627778j -0.08310201-1.06995429j 0.01259988+0.00059350j 0.16636977+1.54904562j 0.01259988+0.00059350j -0.08328497-0.47906998j -0.03299754-0.00627778j 0.77041619-0.77466534j
270.00000000000074 -0.73678916-0.41776136j -0.02568519-0.02098976j -0.87508560-0.70251842j 0.00961536+0.00527079j 1.75037619+0.83585410j 0.00961536+0.00527079j -0.87531575-0.13332617j -0.02568519-0.02098976j -0.01361219-0.41808322j
271.00000000000074 -1.04200036+0.33343093j -0.01280966-0.01654612j -1.17365764+0.06004488j 0.00191719-0.00485742j 2.34753246-0.66653667j 0.00191719-0.00485742j -1.17392035+0.60647312j -0.01280966-0.01654612j -0.30557763+0.33308706j
272.00000000000074 -0.35468404+0.55904793j -0.00911054+0.00201397j -0.48090197+0.29825874j -0.00349124-0.02566101j 0.96206090-1.11774224j -0.00349124-0.02566101j -0.48118066+0.81947277j -0.00911054+0.00201397j 0.39260141+0.55868358j
273.00000000000074 0.89892849-0.18674076j -0.00806383+0.01695936j 0.77752986-0.43321104j -0.01494118-0.04066775j -1.55480038+0.37389636j -0.01494118-0.04066775j 0.77725015+0.05935365j -0.00806383+0.01695936j 1.65585153-0.18711663j
274.00000000000074 1.42123955-1.07274289j -0.00760449+0.02137577j 1.30485712-1.30308073j -0.02992013-0.04147700j -2.60947322+2.14586965j -0.02992013-0.04147700j 1.30458729-0.84277871j -0.00760449+0.02137577j 2.18820486-1.07311655j
275.00000000000074 0.38966859-1.19342569j -0.01665845+0.01711028j 0.27929072-1.40620261j -0.03429213-0.03202748j -0.55832705+2.38723182j -0.03429213-0.03202748j 0.27903696-0.98100532j -0.01665845+0.01711028j 1.16865909-1.19378224j
276.0000000000008 -1.17202838-0.17083308j -0.03179006+0.00240519j -1.27490372-0.36539793j -0.02743336-0.01563387j 2.55006252+0.34205955j -0.02743336-0.01563387j -1.27513897+0.02340506j -0.03179006+0.00240519j -0.37801431-0.17115980j
277.0000000000008 -1.83917168+1.39435372j -0.03822963-0.02270469j -1.93298593+1.21769071j -0.01988866+0.00651929j 3.86601874-2.78847298j -0.01988866+0.00651929j -1.93320198+1.57072843j -0.03822963-0.02270469j -1.02701623+1.39406542j
278.0000000000008 -0.57499642+1.62729495j -0.02993657-0.04379316j -0.65860747+1.46733949j -0.01624804+0.02361058j 1.31730932-3.25429976j -0.01624804+0.02361058j -0.65880328+1.78700471j -0.02993656-0.04379316j 0.25758567+1.62704926j
279.0000000000008 1.93879235+0.43823552j -0.01685161-0.04267096j 1.86574621+0.29321708j -0.01310890+0.02061597j -3.73150191-0.87614006j -0.01310890+0.02061597j 1.86557315+0.58305206j -0.01685160-0.04267095j 2.79252701+0.43803361j
280.00000000000074 2.54545424-1.01786436j -0.00952253-0.02300309j 2.48240085-1.14985324j -0.01006269+0.00063329j -4.96478392+2.03592247j -0.01006270+0.00063329j 2.48225435-0.88603344j -0.00952253-0.02300309j 3.41920096-1.01802232j
281.0000000000008 0.54832951-1.25074509j 0.00008599-0.00005332j 0.49384698-1.37130722j -0.01943361-0.02054900j -0.98777519+2.50165075j -0.01943361-0.02054900j 0.49373080-1.13029621j 0.00008599-0.00005332j 1.43924827-1.25085835j
282.0000000000008 -2.35771783+0.53839926j 0.01455304+0.02474799j -2.40562251+0.42829273j -0.04340220-0.03643543j 4.81135537-1.07657115j -0.04340220-0.03643543j -2.40570626+0.64843925j 0.01455304+0.02474799j -1.45361093+0.53833272j
283.0000000000008 -3.31477198+2.02667213j 0.00275576+0.04366466j -3.35828084+1.92682234j -0.04890516-0.04091960j 6.71678210-4.05299551j -0.04890516-0.04091960j -3.35833272+2.12650509j 0.00275576+0.04366466j -2.40184158+2.02665530j
284.0000000000008 -0.48469773+1.42774358j -0.04815202+0.02580202j -0.52580289+1.33866308j -0.01487849-0.01987533j 1.05224336-2.85536140j -0.01487849-0.01987533j -0.52582633+1.51686023j -0.04815202+0.02580202j 0.43306851+1.42777973j
285.0000000000008 3.56160347-1.22630583j -0.08306152-0.03998001j 3.52138193-1.30361854j 0.02206677+0.02832213j -7.04217583+2.45287398j 0.02206677+0.02832213j 3.52138113-1.14890121j -0.08306152-0.03998001j 4.48115959-1.22621392j
286.0000000000008 4.57972517-3.53487975j -0.05478648-0.10333891j 4.53946356-3.59925691j 0.02349099+0.06852718j -9.07895720+7.06963838j 0.02349099+0.06852719j 4.53947786-3.47035339j -0.05478648-0.10333891j 5.49921625-3.53473054j
287.0000000000008 0.60671713-1.99987860j 0.00334634-0.09846370j 0.56603687-2.05030033j 0.00589824+0.05437025j -1.13322129+3.99884307j 0.00589824+0.05437025j 0.56605781-1.94925102j 0.00334634-0.09846370j 1.52537755-1.99967275j
288.0000000000008 -5.10067968+2.43962913j 0.03640287-0.02685913j -5.14181045+2.40380398j -0.00714726-0.01292211j 10.28225047-4.88083055j -0.00714726-0.01292211j -5.14179135+2.47571297j 0.03640287-0.02685913j -4.18292212+2.43988782j
289.00000000000085 -5.76646058+5.46642417j 0.03603261+0.05146147j -5.80800500+5.44537416j -0.02198498-0.07924428j 11.61333147-10.93511822j -0.02198498-0.07924428j -5.80799500+5.48777812j 0.03603261+0.05146147j -4.84953942+5.46672811j
290.00000000000085 0.05635619+4.58358353j 0.01114600+0.08509494j 0.01423528+4.57710527j -0.03649382-0.10062449j -0.03319855-9.16904617j -0.03649382-0.10062449j 0.01423125+4.59039949j 0.01114600+0.08509494j 0.97211033+4.58392123j
291.00000000000085 6.12278181-0.91579676j -0.03216736+0.05812939j 6.07954805-0.90807450j -0.03140499-0.06684774j -12.16370448+1.82994264j -0.03140499-0.06684774j 6.07952829-0.92316211j -0.03216736+0.05812939j 7.03629451-0.91543985j
292.00000000000085 6.84586283-5.45452044j -0.06636370-0.01913258j 6.80058360-5.43286011j -0.01185684+0.00313933j -13.60280603+10.90857284j -0.01185684+0.00313933j 6.80055005-5.47582091j -0.06636370-0.01913258j 7.75527081-5.45416060j
293.00000000000085 -1.36551934-2.86557450j -0.05349401-0.08892464j -1.41403255-2.82988076j -0.00053781+0.05974312j 2.82774268+5.73130250j -0.00053781+0.05974312j -1.41407434-2.90092152j -0.05349401-0.08892464j -0.46258755-2.86522779j
294.00000000000085 -10.46531945+3.37775093j -0.01734092-0.09200045j -10.51824388+3.42806762j 0.00101579+0.05865702j 21.03885266-6.75131022j 0.00101579+0.05865701j -10.51828537+3.32775424j -0.01734092-0.09200045j -9.57120981+3.37807091j
295.00000000000085 -8.79665752+7.94420785j -0.02056132-0.04987999j -8.85484174+8.01019787j 0.03004188+0.00876717j 17.70442621-15.89180442j 0.03004188+0.00876717j -8.85487269+7.87850220j -0.02056132-0.04987999j -7.91305692+7.94449221j
296.00000000000085 1.98380962+3.81478633j -0.05230018-0.01341156j 1.92011377+3.89774764j 0.06610697-0.04689729j -3.84392194-7.63776437j 0.06610697-0.04689729j 1.92010314+3.73207104j -0.05230018-0.01341155j 2.85640727+3.81503234j
297.0000000000009 12.90728821-6.46366686j -0.00715074+0.00520672j 12.83854795-6.36253676j 0.00376555-0.08575141j -25.69236412+12.90705353j 0.00376555-0.08575141j 12.83856463-6.56458589j -0.00715074+0.00520672j 13.76982436-6.46345581j
298.0000000000009 10.85624044-11.47004493j 0.10008407+0.03274572j 10.78355733-11.35003607j -0.13662190-0.08316013j -21.56918908+22.92153230j -0.13662190-0.08316013j 10.78360361-11.58986992j 0.10008407+0.03274572j 11.71092049-11.46986108j
299.00000000000085 -4.79384739-5.88830507j 0.09032811+0.05115995j -4.86902997-5.74949978j -0.15004743-0.03321698j 9.73387546+11.78167299j -0.15004743-0.03321698j -4.86895692-6.02694461j 0.09032811+0.05115995j -3.94413951-5.88813934j
300.00000000000085 -18.15093063+7.95893133j -0.07665402-0.01742419j -18.22725773+8.11554405j 0.00996539+0.05353763j 36.46134388-15.89243051j 0.00996539+0.05353763j -18.22716456+7.80247368j -0.07665402-0.01742419j -17.30349165+7.95908637j
301.0000000000009 -14.16596789+15.41413780j -0.19790887-0.14493799j -14.24261764+15.58679281j 0.16690222+0.14916938j 28.48452631-30.80786555j 0.16690222+0.14916938j -14.24251229+15.24163095j -0.19790887-0.14493799j -13.31916205+15.41428593j
302.0000000000009 7.36750893+4.52930273j -0.14331038-0.20931405j 7.29050408+4.71581081j 0.17835364+0.13248406j -14.58021643-9.07123040j 0.17835364+0.13248406j 7.29061513+4.34293597j -0.14331038-0.20931405j 8.21361028+4.52944402j
303.0000000000009 25.57086183-13.57680488j 0.00822894-0.11922095j 25.49252257-13.37858152j 0.07718130-0.02697601j -50.90850989+27.17947523j 0.07718130-0.02697600j 25.49263601-13.77489583j 0.00822894-0.11922094j 26.41429674-13.57667249j
304.0000000000009 15.44647891-20.95880984j 0.11001708+0.07827873j 15.36504936-20.75050158j -0.03535102-0.23371314j -30.62616002+41.98854967j -0.03535102-0.23371314j 15.36516510-21.16699624j 0.11001707+0.07827873j 16.28373556-20.95868804j
305.0000000000009 -13.05334273-8.39737415j 0.03005304+0.28175691j -13.14001283-8.17980748j -0.09379636-0.39106191j 26.38128704+16.88497355j -0.09379636-0.39106191j -13.13989327-8.61482839j 0.03005304+0.28175691j -12.22656334-8.39726177j
306.0000000000009 -32.57104205+19.47197663j -0.20061336+0.31571460j -32.66502431+19.69882614j -0.04609379-0.40395297j 65.38267754-38.86939682j -0.04609379-0.40395297j -32.66490071+19.24523531j -0.20061336+0.31571460j -31.75888293+19.47208476j
307.0000000000009 -21.85592544+28.66645731j -0.31760610+0.01284402j -21.95880097+28.90325513j -0.00344727-0.19378095j 43.94834274-57.27172523j -0.00344727-0.19378095j -21.95867726+28.42977225j -0.31760610+0.01284402j -21.06155277+28.66657002j
308.0000000000009 21.01665554+7.73132802j -0.13837414-0.35534919j 20.90401660+7.97899229j -0.16451393+0.20399365j -41.79541015-15.46265371j -0.16451393+0.20399365j 20.90413063+7.48379111j -0.13837414-0.35534919j 21.79149172+7.73145533j
309.0000000000009 44.59600587-22.72041211j 0.05136123-0.45891772j 44.47341027-22.46113861j -0.22806175+0.45696574j -88.90221911+45.43654271j -0.22806175+0.45696574j 44.47349922-22.97953562j 0.05136123-0.45891772j 45.35090362-22.72026215j
310.00000000000097 21.32056538-34.72418154j -0.22399787-0.32577728j 21.18823423-34.45305016j 0.13491965+0.33872879j -42.23476261+69.39880961j 0.13491965+0.33872879j 21.18827965-34.99513707j -0.22399787-0.32577728j 22.05594851-34.72400572j
311.00000000000097 -28.68512029-4.13288295j -0.34524861-0.03960118j -28.82693695-3.85024272j 0.46068499+0.01622689j 57.83350195+8.39397059j 0.46068499+0.01622689j -28.82695245-4.41532449j -0.34524861-0.03960118j -27.96876909-4.13268429j
312.0000000000009 -57.94431887+36.51930113j 0.25509350+0.30051210j -58.09570446+36.81264327j -0.19336711-0.41263301j 116.49373519-72.82266683j -0.19336711-0.41263301j -58.09579350+36.22617210j 0.25509350+0.30051210j -57.24717900+36.51951421j
313.0000000000009 -20.26549992+44.45786363j 1.13764393+0.92518796j -20.42707795+44.76096577j -1.30210465-0.58186572j 40.96360973-88.12284947j -1.30210465-0.58186572j -20.42724530+44.15497759j 1.13764393+0.92518796j -19.58882325+44.45807970j
314.00000000000097 55.14367880+7.24046801j 1.44013202+1.34898187j 54.97076920+7.55263574j -1.89822751-0.22151582j -109.79129803-13.74813938j -1.89822752-0.22151582j 54.97052721+6.92850784j 1.44013202+1.34898187j 55.79761759+7.24067563j
