# time rdo00 rdo01 rdo10 rdo11
0.0 1.00000000+0.00000000j 0.00000000+0.00000000j 0.00000000+0.00000000j 0.00000000+0.00000000j 0.00000000+0.00000000j 0.00000000+0.00000000j 0.00000000+0.00000000j 0.00000000+0.00000000j 0.00000000+0.00000000j
1.0 0.99305404+0.00000000j -0.00000000+0.00000000j -0.00000000-0.00000000j 0.00000000+0.00000000j 0.00693350-0.00000000j -0.00000000-0.00000000j 0.00000000+0.00000000j -0.00000000+0.00000000j 0.00001246-0.00000000j
2.0 0.97430395+0.00000000j -0.00000000+0.00000000j -0.00000000-0.00000000j 0.00000000+0.00000000j 0.02550785-0.00000000j 0.00000000+0.00000000j 0.00000000+0.00000000j -0.00000000+0.00000000j 0.00018819-0.00000000j
3.0 0.94924255+0.00000000j -0.00000000-0.00000000j -0.00000000-0.00000000j 0.00000000+0.00000000j 0.04989144-0.00000000j 0.00000000-0.00000000j 0.00000000+0.00000000j 0.00000000-0.00000000j 0.00086601-0.00000000j
4.0 0.92481063+0.00000001j -0.00000000-0.00000000j -0.00000000-0.00000000j 0.00000000+0.00000000j 0.07279064-0.00000001j 0.00000000-0.00000001j 0.00000000+0.00000000j 0.00000000-0.00000001j 0.00239879-0.00000000j
5.000000000000001 0.90706403+0.00000001j -0.00000000-0.00000000j -0.00000000-0.00000000j 0.00000000+0.00000000j 0.08798316-0.00000001j 0.00000001-0.00000003j 0.00000000+0.00000000j 0.00000002-0.00000003j 0.00495305+0.00000000j
6.0 0.89933829+0.00000001j -0.00000000-0.00000000j -0.00000000-0.00000000j 0.00000000+0.00000000j 0.09227731-0.00000002j 0.00000001-0.00000005j 0.00000000+0.00000000j 0.00000004-0.00000005j 0.00838496+0.00000001j
7.000000000000001 0.90149488+0.00000001j -0.00000000-0.00000000j -0.00000000-0.00000000j 0.00000000+0.00000000j 0.08627160-0.00000003j 0.00000000-0.00000007j 0.00000000+0.00000000j 0.00000005-0.00000005j 0.01223469+0.00000002j
8.0 0.91038842-0.00000000j -0.00000001-0.00000000j -0.00000000+0.00000000j 0.00000001-0.00000000j 0.07378390-0.00000005j 0.00000001-0.00000010j 0.00000001+0.00000000j 0.00000006-0.00000004j 0.01582957+0.00000005j
9.0 0.92129168-0.00000003j -0.00000003-0.00000000j 0.00000000+0.00000002j 0.00000004-0.00000001j 0.06025039-0.00000007j 0.00000008-0.00000028j 0.00000001+0.00000001j -0.00000011+0.00000013j 0.01846012+0.00000009j
10.000000000000002 0.92974536-0.00000008j -0.00000005-0.00000001j 0.00000001+0.00000010j 0.00000009-0.00000003j 0.05067670-0.00000008j 0.00000031-0.00000125j -0.00000003+0.00000002j -0.00000136+0.00000111j 0.01957955+0.00000014j
11.0 0.93318717-0.00000014j -0.00000008-0.00000001j 0.00000004+0.00000022j 0.00000013-0.00000006j 0.04784333-0.00000011j 0.00000034-0.00000377j -0.00000011-0.00000003j -0.00000456+0.00000349j 0.01896970+0.00000023j
12.0 0.93178624-0.00000021j -0.00000010-0.00000001j 0.00000008+0.00000027j 0.00000014-0.00000009j 0.05139636-0.00000020j -0.00000049-0.00000729j -0.00000016-0.00000017j -0.00000846+0.00000643j 0.01681577+0.00000036j
13.000000000000002 0.92818293-0.00000026j -0.00000010-0.00000002j 0.00000012+0.00000025j 0.00000012-0.00000013j 0.05815996-0.00000036j -0.00000245-0.00000999j -0.00000016-0.00000034j -0.00001046+0.00000834j 0.01365388+0.00000051j
14.000000000000002 0.92625279-0.00000027j -0.00000010-0.00000002j 0.00000018+0.00000018j 0.00000009-0.00000015j 0.06354120-0.00000052j -0.00000478-0.00001019j -0.00000011-0.00000049j -0.00000926+0.00000803j 0.01020315+0.00000061j
15.000000000000002 0.92940678-0.00000031j -0.00000010-0.00000001j 0.00000026+0.00000011j 0.00000005-0.00000017j 0.06345015-0.00000059j -0.00000641-0.00000816j -0.00000009-0.00000058j -0.00000612+0.00000568j 0.00714423+0.00000058j
16.0 0.93911089-0.00000039j -0.00000011+0.00000000j 0.00000034+0.00000006j 0.00000001-0.00000016j 0.05596428-0.00000060j -0.00000732-0.00000510j -0.00000012-0.00000062j -0.00000244+0.00000239j 0.00493087+0.00000039j
17.0 0.95417643-0.00000049j -0.00000010+0.00000014j 0.00000043+0.00000003j -0.00000003-0.00000002j 0.04212634-0.00000084j -0.00000791-0.00000115j -0.00000027-0.00000057j 0.00000180-0.00000070j 0.00370445+0.00000036j
18.0 0.97102999-0.00000050j -0.00000025+0.00000145j 0.00000055+0.00000012j -0.00000013+0.00000125j 0.02565236-0.00000167j -0.00000696+0.00000434j -0.00000084-0.00000033j 0.00000810-0.00000330j 0.00332284+0.00000081j
19.000000000000004 0.98480853-0.00000042j -0.00000098+0.00000360j 0.00000086+0.00000018j 0.00000037+0.00000315j 0.01172967-0.00000180j -0.00000305+0.00000885j -0.00000166-0.00000019j 0.00001576-0.00000411j 0.00346682+0.00000145j
20.000000000000004 0.99088497-0.00000036j -0.00000182+0.00000453j 0.00000140+0.00000014j 0.00000149+0.00000370j 0.00534857-0.00000165j 0.00000071+0.00000835j -0.00000248-0.00000012j 0.00002026-0.00000244j 0.00377509+0.00000244j
21.000000000000004 0.98635184-0.00000030j -0.00000284+0.00000422j 0.00000217-0.00000032j 0.00000259+0.00000275j 0.00969260+0.00000286j 0.00001068+0.00000073j -0.00000459-0.00000076j 0.00002492+0.00000427j 0.00396126+0.00000716j
22.0 0.97103583-0.00000021j -0.00000484+0.00000331j 0.00000356-0.00000130j 0.00000425-0.00000028j 0.02502367+0.00000423j 0.00001881-0.00000499j -0.00000687-0.00000260j 0.00002222+0.00001340j 0.00395065+0.00001053j
23.0 0.94773902-0.00000014j -0.00000656+0.00000204j 0.00000443-0.00000289j 0.00000475-0.00000295j 0.04839622+0.00000146j 0.00002158-0.00001380j -0.00000761-0.00000291j 0.00001214+0.00001981j 0.00388108+0.00001073j
24.0 0.92158142-0.00000034j -0.00000693+0.00000018j 0.00000570-0.00000154j 0.00000370-0.00000485j 0.07437720-0.00000048j 0.00002034-0.00002610j -0.00001495-0.00000411j -0.00000298+0.00002327j 0.00406275+0.00000930j
25.000000000000004 0.89859506-0.00000139j -0.00000605-0.00000109j 0.00000348+0.00000517j 0.00000166-0.00000581j 0.09656790+0.00000055j 0.00001411-0.00003935j -0.00002906-0.00000144j -0.00002375+0.00002208j 0.00486867+0.00000708j
26.000000000000004 0.88396271-0.00000352j -0.00000467-0.00000099j 0.00000142+0.00001003j 0.00000011-0.00000594j 0.10951316+0.00000240j 0.00000702-0.00004750j -0.00003904-0.00000046j -0.00004105+0.00001636j 0.00656955+0.00000473j
27.000000000000004 0.88047208-0.00000644j -0.00000510-0.00000098j 0.00000322+0.00001198j -0.00000037-0.00000612j 0.11039364+0.00000409j 0.00000347-0.00004872j -0.00003856-0.00000036j -0.00004134+0.00000859j 0.00918367+0.00000250j
28.000000000000004 0.88773416-0.00000970j -0.00000456-0.00000421j 0.00000441+0.00001279j 0.00000066-0.00000566j 0.09988664+0.00000725j -0.00000170-0.00005370j -0.00003776+0.00000002j -0.00003714+0.00000045j 0.01240707+0.00000049j
29.000000000000004 0.90246422-0.00001285j 0.00000102-0.00000710j 0.00000321+0.00001334j 0.00000280-0.00000476j 0.08182247+0.00000837j -0.00001178-0.00006181j -0.00004005+0.00000103j -0.00004333-0.00000768j 0.01570042+0.00000321j
30.000000000000004 0.91972151-0.00001635j 0.00000794-0.00000665j 0.00000141+0.00001365j 0.00000380-0.00000452j 0.06181996+0.00001165j -0.00002374-0.00006585j -0.00004370+0.00000111j -0.00005346-0.00001581j 0.01841706+0.00000984j
31.000000000000004 0.93465664-0.00002103j 0.00001315-0.00000224j -0.00000064+0.00001374j 0.00000387-0.00000421j 0.04530139+0.00002079j -0.00003346-0.00006182j -0.00004663-0.00000068j -0.00006195-0.00002037j 0.01998506+0.00001516j
32.0 0.94412706-0.00002704j 0.00001430+0.00000514j -0.00000291+0.00001352j 0.00000430-0.00000346j 0.03570252+0.00003649j -0.00003637-0.00005270j -0.00004829-0.00000496j -0.00006417-0.00001636j 0.02010812+0.00001492j
33.0 0.94761354-0.00003370j 0.00001060+0.00001334j -0.00000561+0.00001367j 0.00000504-0.00000240j 0.03346841+0.00005667j -0.00003110-0.00004417j -0.00004974-0.00001022j -0.00006001-0.00000375j 0.01885534+0.00000834j
34.0 0.94713478-0.00003996j 0.00000315+0.00002043j -0.00000892+0.00001426j 0.00000497-0.00000117j 0.03616334+0.00007779j -0.00001958-0.00003956j -0.00005154-0.00001410j -0.00005524+0.00001541j 0.01663738-0.00000195j
35.0 0.94620719-0.00004446j -0.00000619+0.00002599j -0.00001301+0.00001391j 0.00000292-0.00000042j 0.03964242+0.00009603j -0.00000307-0.00003965j -0.00005339-0.00001670j -0.00005336+0.00003933j 0.01408014-0.00001307j
36.0 0.94822673-0.00004535j -0.00001613+0.00003027j -0.00001731+0.00001111j -0.00000214-0.00000073j 0.03986625+0.00010790j 0.00001636-0.00004560j -0.00005522-0.00002033j -0.00005473+0.00006428j 0.01182836-0.00002197j
37.0 0.95487112-0.00004084j -0.00002602+0.00003325j -0.00002251+0.00000525j -0.00001072-0.00000133j 0.03470135+0.00010741j 0.00003199-0.00005599j -0.00005870-0.00002599j -0.00006147+0.00008013j 0.01034249-0.00002228j
38.00000000000001 0.96515762-0.00003080j -0.00003616+0.00003501j -0.00003135-0.00000175j -0.00002124-0.00000021j 0.02498959+0.00009114j 0.00004107-0.00006403j -0.00006484-0.00003147j -0.00007546+0.00008557j 0.00976517-0.00001113j
39.00000000000001 0.97558899-0.00001774j -0.00004754+0.00003601j -0.00004282-0.00000427j -0.00002945+0.00000330j 0.01441871+0.00006419j 0.00004719-0.00006526j -0.00007239-0.00002826j -0.00008550+0.00008879j 0.00990615+0.00000698j
40.00000000000001 0.98140310-0.00000524j -0.00006132+0.00003597j -0.00005234-0.00000206j -0.00003149+0.00000841j 0.00816573+0.00003284j 0.00005606-0.00006230j -0.00007449-0.00001340j -0.00008253+0.00009128j 0.01035247+0.00002769j
41.00000000000001 0.97846495+0.00000400j -0.00007568+0.00003441j -0.00006416+0.00000006j -0.00002744+0.00001589j 0.01081091+0.00000444j 0.00006989-0.00006205j -0.00006780-0.00000536j -0.00007076+0.00009387j 0.01066402+0.00004422j
42.00000000000001 0.96503302+0.00000815j -0.00008817+0.00002931j -0.00007691+0.00001131j -0.00001951+0.00002702j 0.02437973-0.00001473j 0.00008260-0.00006322j -0.00005740-0.00001466j -0.00005682+0.00009330j 0.01055195+0.00005458j
43.00000000000001 0.94267289+0.00000743j -0.00009444+0.00001716j -0.00008036+0.00003974j -0.00001076+0.00004182j 0.04732532-0.00002522j 0.00008729-0.00005824j -0.00004826-0.00002558j -0.00004430+0.00008550j 0.00999008+0.00005744j
44.0 0.91595552+0.00000487j -0.00008916+0.00000052j -0.00008037+0.00006825j -0.00000512+0.00005964j 0.07483339-0.00003619j 0.00008548-0.00004248j -0.00004298-0.00002333j -0.00003017+0.00006961j 0.00921534+0.00005444j
44.99999999999999 0.89108388+0.00000449j -0.00007501-0.00001806j -0.00009704+0.00008891j 0.00000097+0.00008575j 0.10033143-0.00004634j 0.00008441-0.00000921j -0.00003957-0.00001138j -0.00001253+0.00004251j 0.00859307+0.00004771j
45.99999999999999 0.87398524+0.00000713j -0.00005039-0.00004181j -0.00012209+0.00010781j 0.00001813+0.00011480j 0.11756442-0.00005249j 0.00009943+0.00002733j -0.00004335-0.00000887j 0.00001633+0.00000288j 0.00844976+0.00004604j
46.99999999999999 0.86854500+0.00001161j -0.00001959-0.00005363j -0.00013945+0.00010603j 0.00003993+0.00012898j 0.12248147-0.00006040j 0.00010936+0.00003333j -0.00003434-0.00002158j 0.00005514-0.00002175j 0.00895896+0.00005482j
47.999999999999986 0.87551714+0.00001918j 0.00000286-0.00004422j -0.00015238+0.00006179j 0.00006551+0.00012072j 0.11435459-0.00006890j 0.00007489+0.00000656j 0.00000219-0.00005989j 0.00009616-0.00000568j 0.01006821+0.00006033j
48.99999999999998 0.89242762+0.00003191j 0.00002342-0.00000051j -0.00016315+0.00000653j 0.00009772+0.00008517j 0.09586415-0.00005831j 0.00000447-0.00001675j 0.00004510-0.00010745j 0.00011108+0.00002809j 0.01150776+0.00002965j
49.99999999999997 0.91446066+0.00004926j 0.00004750+0.00007989j -0.00015531-0.00004011j 0.00012346+0.00000920j 0.07225423-0.00003263j -0.00006369-0.00001065j 0.00007297-0.00011274j 0.00007918+0.00004100j 0.01287557-0.00003167j
50.999999999999964 0.93603632+0.00008177j 0.00007295+0.00014061j -0.00014905-0.00007442j 0.00011979-0.00009809j 0.04962342-0.00006418j -0.00009281+0.00002356j 0.00007816-0.00008525j 0.00000727+0.00001400j 0.01374602-0.00007981j
51.999999999999964 0.95255575+0.00014666j 0.00011862+0.00013249j -0.00015456-0.00009932j 0.00007688-0.00018144j 0.03292643-0.00019024j -0.00007136+0.00006687j 0.00008015-0.00005506j -0.00007791-0.00003916j 0.01382653-0.00008450j
52.99999999999996 0.96169891+0.00023985j 0.00018911+0.00007992j -0.00014698-0.00011720j 0.00000017-0.00020213j 0.02451488-0.00040512j -0.00002368+0.00010713j 0.00009611-0.00000992j -0.00013612-0.00010001j 0.01308970-0.00005736j
53.999999999999964 0.96384103+0.00032734j 0.00026345+0.00004185j -0.00011530-0.00011365j -0.00007993-0.00015620j 0.02367298-0.00063538j 0.00002757+0.00014000j 0.00012034+0.00004478j -0.00015652-0.00018459j 0.01179692-0.00003288j
54.99999999999996 0.96150431+0.00035626j 0.00031730+0.00004779j -0.00007425-0.00008484j -0.00012541-0.00007280j 0.02741227-0.00077229j 0.00007576+0.00017329j 0.00012667+0.00007280j -0.00015062-0.00028041j 0.01038406-0.00002945j
55.99999999999995 0.95812921+0.00029565j 0.00031555+0.00009593j -0.00003438-0.00003341j -0.00011286+0.00001186j 0.03189243-0.00076414j 0.00014094+0.00020625j 0.00009415+0.00006654j -0.00012915-0.00034646j 0.00927898-0.00006807j
56.99999999999994 0.95663202+0.00014815j 0.00024087+0.00013134j -0.00000693+0.00002147j -0.00003407+0.00007704j 0.03386362-0.00058218j 0.00024012+0.00024270j 0.00005296+0.00006632j -0.00015616-0.00039592j 0.00880302-0.00017562j
57.999999999999936 0.95831621-0.00005230j 0.00013894+0.00009140j -0.00000693+0.00007091j 0.00008834+0.00013681j 0.03183715-0.00023781j 0.00037365+0.00027173j 0.00004537+0.00011669j -0.00028993-0.00044659j 0.00911007-0.00035224j
58.999999999999936 0.96242099-0.00025168j 0.00007186-0.00007937j -0.00004034+0.00011091j 0.00022483+0.00024833j 0.02656163+0.00017752j 0.00053060+0.00025886j 0.00010188+0.00023283j -0.00046006-0.00050739j 0.01016501-0.00054833j
59.99999999999993 0.96642050-0.00041984j 0.00003143-0.00042360j -0.00010510+0.00013902j 0.00041940+0.00045343j 0.02081291+0.00053401j 0.00072357+0.00017631j 0.00023825+0.00038305j -0.00055841-0.00061543j 0.01171456-0.00072572j
60.99999999999992 0.96688860-0.00056502j -0.00003427-0.00077115j -0.00018158+0.00016469j 0.00075903+0.00059540j 0.01847391+0.00089730j 0.00095344-0.00000273j 0.00043901+0.00047667j -0.00059605-0.00074794j 0.01332837-0.00078070j
61.999999999999915 0.96082074-0.00078701j -0.00001841-0.00105032j -0.00024546+0.00019894j 0.00122490+0.00052764j 0.02323122+0.00148798j 0.00115122-0.00032845j 0.00063140+0.00041918j -0.00062696-0.00073733j 0.01446900-0.00057173j
62.99999999999991 0.94718868-0.00132425j -0.00028210-0.00171027j -0.00028401+0.00025255j 0.00199363+0.00049696j 0.03662765+0.00238788j 0.00123710-0.00081537j 0.00073540+0.00021423j -0.00055111-0.00044222j 0.01470562-0.00015257j
63.999999999999915 0.92745724-0.00224562j -0.00082746-0.00276898j -0.00029279+0.00034268j 0.00290723+0.00053169j 0.05726412+0.00303224j 0.00103634-0.00133307j 0.00076933-0.00001936j -0.00034940+0.00020766j 0.01399004+0.00028031j
64.99999999999991 0.90553527-0.00340442j -0.00174492-0.00387877j -0.00027102+0.00044233j 0.00422790+0.00061652j 0.08036867+0.00304929j 0.00050952-0.00166886j 0.00080117-0.00014079j -0.00026923+0.00079227j 0.01277252+0.00061253j
65.9999999999999 0.88692075-0.00421579j -0.00374204-0.00544810j -0.00031458+0.00059520j 0.00702928+0.00064944j 0.09881246+0.00240125j 0.00016778-0.00141680j 0.00099834-0.00044083j -0.00039162+0.00019898j 0.01169004+0.00101667j
66.9999999999999 0.87595285-0.00457204j -0.00606963-0.00762757j -0.00046140+0.00066557j 0.01088860+0.00017478j 0.10874033+0.00172131j 0.00003492-0.00042606j 0.00117349-0.00134055j -0.00055531-0.00217908j 0.01110767+0.00177182j
67.9999999999999 0.87378815-0.00495031j -0.00662045-0.00954634j -0.00067436+0.00046676j 0.01395948-0.00147266j 0.11038749+0.00060206j -0.00028819+0.00097933j 0.00084456-0.00245645j -0.00049488-0.00552601j 0.01085829+0.00262749j
68.99999999999989 0.88045038-0.00362388j -0.00496572-0.01100131j -0.00110065+0.00004564j 0.01433897-0.00445242j 0.10496643-0.00288208j -0.00069724+0.00241674j 0.00032231-0.00292275j 0.00033021-0.00884174j 0.01057196+0.00307142j
69.99999999999989 0.89340909-0.00077067j -0.00391353-0.01241748j -0.00121615-0.00072352j 0.01380504-0.00651413j 0.09617880-0.00716414j -0.00107055+0.00365281j 0.00001045-0.00276384j 0.00242089-0.01215913j 0.00985684+0.00340210j
70.99999999999987 0.90614065+0.00371494j -0.00760992-0.01516687j -0.00071548-0.00205430j 0.01697232-0.00693457j 0.08858543-0.01133343j -0.00142006+0.00440028j -0.00035462-0.00248901j 0.00529400-0.01527696j 0.00892138+0.00431241j
71.99999999999987 0.91336309+0.00864257j -0.01600883-0.01942452j -0.00080078-0.00383200j 0.02465225-0.00973380j 0.08406140-0.01631054j -0.00347849+0.00407615j -0.00125661-0.00230270j 0.00767078-0.01655283j 0.00743415+0.00423670j
72.99999999999987 0.91464517+0.01341318j -0.02555866-0.02289358j -0.00166711-0.00542545j 0.03139179-0.01672472j 0.08081463-0.02118612j -0.00876496+0.00199563j -0.00400064-0.00296115j 0.01270155-0.01270790j 0.00351504+0.00136918j
73.99999999999987 0.90848711+0.02065694j -0.03528726-0.02492392j -0.00211816-0.00586186j 0.03592520-0.02625714j 0.07521465-0.02695068j -0.01627333-0.00069677j -0.00982926-0.00372866j 0.02401876-0.00437398j -0.00167863-0.00336563j
74.99999999999987 0.89163928+0.03025989j -0.04225519-0.02445368j -0.00228802-0.00485721j 0.03830897-0.04068698j 0.06450136-0.03372510j -0.02289836+0.00011548j -0.01653570-0.00326612j 0.03682800+0.00604879j -0.00428536-0.00686799j
75.99999999999986 0.87189462+0.03885802j -0.04490651-0.01813743j -0.00240704-0.00423629j 0.04060398-0.05886142j 0.04723258-0.03861064j -0.02850547+0.00684248j -0.02167719-0.00370553j 0.04951256+0.02071282j -0.00547795-0.01142007j
76.99999999999986 0.86402241+0.03703926j -0.04870539-0.00866256j -0.00052246-0.00422194j 0.04585193-0.07473316j 0.02272390-0.03761877j -0.02924721+0.01924008j -0.02280328-0.00803061j 0.06362164+0.04177618j -0.00767176-0.02257220j
77.99999999999984 0.87270399+0.01667559j -0.05990099-0.00161179j 0.00339997-0.00225740j 0.04782590-0.08109526j 0.00114254-0.02162293j -0.02229296+0.03372365j -0.01584975-0.02172022j 0.07483948+0.06330228j -0.01263645-0.03835065j
78.99999999999984 0.87618418-0.00497776j -0.07829444+0.00288908j 0.00501482+0.00165254j 0.04138821-0.08775643j 0.01041705+0.00520314j -0.01705887+0.04221710j -0.00855832-0.04702990j 0.07352340+0.08139744j -0.01851981-0.05045169j
79.99999999999984 0.85855388-0.00680575j -0.09285125+0.00385676j 0.00028457+0.00390404j 0.02647144-0.10116123j 0.03715594+0.02865875j -0.02679687+0.03865275j -0.00860690-0.07272141j 0.05341955+0.10573840j -0.01677010-0.05360654j
80.99999999999983 0.82299326+0.01189603j -0.10223328-0.00696189j -0.00843863+0.00684942j 0.01280633-0.11623337j 0.06158046+0.04610498j -0.04685861+0.03167164j -0.01279838-0.09110807j 0.01709576+0.13692697j -0.00857662-0.04973665j
81.99999999999983 0.78449930+0.02172023j -0.11226960-0.02533054j -0.01869702+0.00983611j 0.00514933-0.12752532j 0.09372941+0.05148886j -0.06309866+0.02677568j -0.02122181-0.10608084j -0.02341840+0.16981788j -0.00126278-0.05139430j
82.99999999999983 0.76666057+0.02129041j -0.11177716-0.03191906j -0.02743510+0.00695195j -0.01066564-0.14336701j 0.11223582+0.03522121j -0.07244662+0.01314936j -0.03646133-0.12566640j -0.04693451+0.19353258j 0.00057472-0.07015294j
83.99999999999983 0.77491166+0.00883233j -0.09752773-0.00292187j -0.03163550+0.00056789j -0.06296145-0.16681061j 0.10318360+0.01684662j -0.07608084-0.02635800j -0.05294774-0.15211596j -0.05885501+0.20197213j 0.00691948-0.10808842j
84.99999999999982 0.81228524-0.01092530j -0.04006329+0.04521247j -0.03025443+0.00291847j -0.20269653-0.15666450j 0.07411718+0.06223073j -0.07876742-0.08337032j -0.07360164-0.19164352j -0.08002788+0.21130020j 0.03342367-0.16287658j
85.99999999999983 0.86496424-0.01755639j 0.11626299+0.10507673j -0.03039721+0.01587360j -0.43361084-0.09465047j 0.04837416+0.20401439j -0.10387105-0.15571981j -0.10848091-0.24166161j -0.12426866+0.22167103j 0.08193545-0.20358456j
86.99999999999983 0.89783638-0.01334899j 0.36679265+0.21312754j -0.03849994+0.02551875j -0.70206156+0.00892618j 0.03042994+0.37384119j -0.16064029-0.26745420j -0.14824382-0.28260315j -0.18353153+0.26569182j 0.14796177-0.17761910j
87.99999999999984 0.91649273-0.02161546j 0.58153358+0.42984841j -0.04109544+0.02839207j -0.95418264+0.14672419j 0.03262367+0.44129118j -0.21473395-0.38814241j -0.17941966-0.30173267j -0.29915084+0.35125532j 0.20090052-0.09593042j
88.99999999999984 0.97913993-0.05098952j 0.59970783+0.74594076j -0.03991398+0.03351935j -1.09308832+0.29156533j 0.03512297+0.44316199j -0.22414171-0.47392380j -0.19268629-0.30985614j -0.43595984+0.40735005j 0.25585553-0.03742639j
89.99999999999984 1.11216140-0.04310405j 0.40713859+1.01701486j -0.05567565+0.03770279j -1.03801695+0.47670337j -0.07687511+0.54148142j -0.25202451-0.52395388j -0.17361359-0.32644360j -0.43947568+0.36690856j 0.32651950-0.09563284j
90.99999999999986 1.33823420+0.01109908j 0.08179537+1.09706238j -0.11226837+0.02890068j -0.81352668+0.74610375j -0.43241989+0.78617356j -0.48404084-0.52208138j -0.13644858-0.34443528j -0.25804373+0.17585410j 0.32226863-0.27188061j
91.99999999999984 1.70754153+0.09171818j -0.29058408+0.94005970j -0.23580009+0.03278625j -0.47457352+1.03993526j -1.03090852+1.02272828j -0.90054447-0.27639587j -0.10802353-0.36058140j 0.05509615-0.12107018j 0.27840050-0.40968282j
92.99999999999986 2.22980381+0.20224912j -0.63549016+0.63216679j -0.33576581+0.09659378j 0.01290462+1.20398095j -1.79824192+0.95588117j -1.30937553+0.29704169j -0.07290366-0.35882780j 0.46336855-0.48226421j 0.19840654-0.42948789j
93.99999999999986 2.77453681+0.19493740j -0.91755385+0.28138414j -0.32768026+0.23434704j 0.67419963+1.05869091j -2.43556996+0.56852130j -1.54392168+0.93654139j -0.05476573-0.22625623j 0.85487752-0.93564024j 0.12383452-0.27680362j
94.99999999999986 3.19459707+0.15066593j -1.09067773+0.03475620j -0.21397021+0.45447782j 1.38581343+0.62782531j -2.70921038-0.04522375j -1.54257324+1.44467288j -0.11975735+0.06695627j 1.10552445-1.43851641j 0.14570659+0.00099182j
95.99999999999987 3.42428759+0.26058163j -1.21637509-0.03170356j -0.00526944+0.71032604j 2.10413434+0.12177881j -2.83978984-0.56764985j -1.09563074+1.73101623j -0.17169234+0.57162156j 1.05875882-1.86014760j 0.11425268+0.35283171j
96.99999999999987 3.48051914+0.52376767j -1.29903097+0.03128234j 0.31265261+0.93937840j 2.54826778-0.46172265j -2.67705030-0.83424291j 0.09276322+1.45524303j 0.09560790+1.23438858j 0.58655672-1.77058075j -0.25631862+0.63935960j
97.99999999999989 3.56433651+0.76714299j -1.16786140+0.30565665j 0.57939420+1.05367301j 2.02709978-1.34461429j -1.66109551-1.13956197j 1.41470046+0.52439139j 0.67243852+1.67362288j 0.02838561-1.01091317j -1.08024923+1.10931733j
98.99999999999989 3.76202252+0.67728814j -0.77427948+0.51701432j 0.78802484+1.14798427j 0.58679298-2.36056610j -0.28703976-2.03124892j 2.26461783-0.51964708j 1.42109623+1.76283080j -0.20565252-0.04320990j -1.94389976+2.35473901j
99.9999999999999 4.15944905+0.70873291j -0.43764425+0.40014490j 0.95947048+1.27321037j -0.60939367-2.82598788j 0.37441294-3.64291683j 2.97767108-0.78886098j 2.26254664+1.70110636j -0.51740445+0.56318278j -2.72854138+4.60750801j
