# vmf_atol: 1e-07 | ps2_atol: 1e-07 | ps2_ratio: 2.0 | ode_method: dopri5 | ode_atol: 1e-07 | ode_rtol: 1e-05 | vmf_reg_method: extend | vmf_reg_type: ip | cache_svd_info: True
# frame = {Node('[H]0'): [End('[H]i'), End('[H]j'), Node('[H]3')], Node('[H]3'): [Node('[H]0'), Node('[H]2'), Node('[H]1')], Node('[H]2'): [Node('[H]3'), End('[H]0-2'), End('[H]0-3')], Node('[H]1'): [Node('[H]3'), End('[H]0-0'), End('[H]0-1')]}
# time ode_steps max_rank tr norm
# # ([H]0)-([H]3) ([H]3)-([H]1) ([H]3)-([H]2)
0.0 0 20 1.0 1.0
# 20 20 20
1.0 188 20 0.9999999978059176 1.0036321593105964
# 4 20 20
2.0 188 20 0.9999999849906662 1.014266850642851
# 4 20 20
3.0 188 20 0.9999999717837823 1.0311990348268878
# 4 20 20
4.0 188 20 0.9999999595850702 1.0533901170669144
# 4 20 20
5.000000000000001 182 20 0.9999999514821719 1.0795832481711096
# 4 20 20
6.0 182 20 0.9999999413235591 1.1084070112180342
# 4 20 20
7.000000000000001 182 20 0.9999999352439953 1.138445542589605
# 4 20 20
8.0 182 20 0.9999999412054308 1.1682831289553122
# 4 20 20
9.0 182 20 0.9999999680964125 1.1965453466220877
# 4 20 20
10.000000000000002 182 20 0.9999999607068222 1.2219585686523402
# 4 20 20
11.0 182 20 0.999999898849984 1.2434370348998685
# 4 20 20
12.0 188 20 0.9999998321403678 1.2601896690839078
# 4 20 20
13.000000000000002 194 20 0.9999997938741547 1.271823682658092
# 4 20 20
14.000000000000002 194 20 0.9999997795916021 1.2784147187839978
# 4 20 20
15.000000000000002 194 20 0.9999997507285376 1.280515570124963
# 4 20 20
16.0 200 20 0.9999996947485658 1.2790876981028836
# 4 20 20
17.0 206 20 0.9999996148222176 1.2753567071294938
# 4 20 20
18.0 206 20 0.9999995352258293 1.270611995126061
# 4 20 20
19.000000000000004 206 20 0.999999469106041 1.2659873915706996
# 4 20 20
20.000000000000004 206 20 0.9999994350232829 1.2622684994019338
# 4 20 20
21.000000000000004 206 20 0.9999993856225713 1.2597718418090345
# 4 20 20
22.0 206 20 0.9999993737824285 1.2583272684067046
# 4 20 20
23.0 206 20 0.9999993839595455 1.2573707604549844
# 4 20 20
24.0 206 20 0.9999993364185631 1.2561252116830446
# 4 20 20
25.000000000000004 206 20 0.9999993467595419 1.2538239262513897
# 4 20 20
26.000000000000004 206 20 0.9999993598708847 1.2499206169299615
# 4 20 20
27.000000000000004 206 20 0.9999993648340418 1.2442364466422953
# 4 20 20
28.000000000000004 206 20 0.9999993490634814 1.2370126472250806
# 4 20 20
29.000000000000004 206 20 0.9999993216005754 1.2288627288262368
# 4 20 20
30.000000000000004 206 20 0.9999992897653454 1.2206419533100064
# 4 20 20
31.000000000000004 206 20 0.9999992525613781 1.213269161943882
# 4 20 20
32.0 206 20 0.9999992228526258 1.2075436875058532
# 4 20 20
33.0 206 20 0.9999991859395717 1.203997772709552
# 4 20 20
34.0 206 20 0.9999991616353952 1.202814038579075
# 4 20 20
35.0 206 20 0.9999991502342596 1.2038215117800304
# 4 20 20
36.0 206 20 0.9999991172559299 1.2065663016759884
# 4 20 20
37.0 206 20 0.9999990863036335 1.2104386659482538
# 4 20 20
38.00000000000001 206 20 0.9999990672745038 1.2148290066333276
# 4 20 20
39.00000000000001 206 20 0.9999990717098733 1.2192817029740266
# 4 20 20
40.00000000000001 206 20 0.9999991009639249 1.2236161076506238
# 4 20 20
41.00000000000001 206 20 0.9999991462921827 1.2279885928687018
# 4 20 20
42.00000000000001 206 20 0.9999991826653589 1.2328770549216508
# 4 20 20
43.00000000000001 206 20 0.9999991960958363 1.2389814412832172
# 4 20 20
44.0 206 20 0.9999992221460829 1.2470503173753853
# 4 20 20
44.99999999999999 206 20 0.9999992820483723 1.257662751254334
# 4 20 20
45.99999999999999 206 20 0.9999993493039554 1.2710117391199887
# 4 20 20
46.99999999999999 206 20 0.99999941506423 1.2867434782516025
# 4 20 20
47.999999999999986 206 20 0.9999994757083825 1.3038992307245618
# 4 20 20
48.99999999999998 206 20 0.9999995300701046 1.320983215742434
# 4 20 20
49.99999999999997 206 20 0.9999995827439127 1.336148876812005
# 4 20 20
50.999999999999964 206 20 0.9999996413827638 1.347467945487207
# 4 20 20
51.999999999999964 206 20 0.9999996982478535 1.3532300073648593
# 4 20 20
52.99999999999996 206 20 0.9999997344216498 1.3522166879140272
# 4 20 20
53.999999999999964 206 20 0.9999997447245753 1.3439016870051554
# 4 20 20
54.99999999999996 206 20 0.9999997484632132 1.3285427448868457
# 4 20 20
55.99999999999995 206 20 0.9999997359907862 1.30715144439397
# 4 20 20
56.99999999999994 200 20 0.9999996985653774 1.281348697619474
# 4 20 20
57.999999999999936 200 20 0.9999996395648579 1.2531335755706667
# 4 20 20
58.999999999999936 200 20 0.9999995694732182 1.224608018167601
# 4 20 20
59.99999999999993 200 20 0.9999994998809418 1.1977071611320815
# 4 20 20
60.99999999999992 200 20 0.9999994410556132 1.1739831157413714
# 4 20 20
61.999999999999915 182 20 0.9999994004949304 1.154478807485913
# 4 20 20
62.99999999999991 182 20 0.9999993815003632 1.139708912732696
# 4 20 20
63.999999999999915 182 20 0.999999385090783 1.1297406015982563
# 4 20 20
64.99999999999991 182 20 0.9999994089964416 1.1243441360390325
# 4 20 20
65.9999999999999 182 20 0.9999994444476537 1.1231693086765575
# 4 20 20
66.9999999999999 182 20 0.9999994815447795 1.1259015378483213
# 4 20 20
67.9999999999999 182 20 0.9999995175296892 1.1323601176574671
# 4 20 20
68.99999999999989 182 20 0.9999995573851528 1.1425167686294726
# 4 20 20
69.99999999999989 182 20 0.9999996008671596 1.1564314477544322
# 4 20 20
70.99999999999987 182 20 0.9999996398956057 1.1741218368014215
# 4 20 20
71.99999999999987 188 20 0.9999996743879751 1.1954001594551045
# 4 20 20
72.99999999999987 188 20 0.999999705472765 1.219721761371064
# 4 20 20
73.99999999999987 194 20 0.999999731731208 1.2460897469974523
# 4 20 20
74.99999999999987 200 20 0.9999997507919941 1.2730475343463576
# 4 20 20
75.99999999999986 206 20 0.9999997629484438 1.298770188872779
# 4 20 20
76.99999999999986 206 20 0.9999997727064407 1.321242848902452
# 4 20 20
77.99999999999984 194 20 0.9999997850671514 1.338496749754086
# 4 20 20
78.99999999999984 194 20 0.9999998011920125 1.3488631147693761
# 4 20 20
79.99999999999984 194 20 0.9999998197577331 1.3512024619897773
# 4 20 20
80.99999999999983 200 20 0.9999998378143622 1.3450708763850514
# 4 20 20
81.99999999999983 206 20 0.9999998488020414 1.3307949172909148
# 4 20 20
82.99999999999983 206 20 0.9999998486827892 1.3094420264358033
# 4 20 20
83.99999999999983 206 20 0.9999998371537493 1.2826911811309776
# 4 20 20
84.99999999999982 206 20 0.999999817388821 1.2526259029025821
# 4 20 20
85.99999999999983 206 20 0.9999997930482027 1.2214846472316672
# 4 20 20
86.99999999999983 206 20 0.999999766302141 1.191410030962729
# 4 20 20
87.99999999999984 206 20 0.9999997381304211 1.1642375349755147
# 4 20 20
88.99999999999984 206 20 0.9999997073269002 1.1413564098997822
# 4 20 20
89.99999999999984 206 20 0.9999996741438837 1.1236610944192424
# 4 20 20
90.99999999999986 206 20 0.9999996466624137 1.1115921359434802
# 4 20 20
91.99999999999984 206 20 0.9999996348705033 1.105245297477039
# 4 20 20
92.99999999999986 206 20 0.999999638587068 1.1045121490491197
# 4 20 20
93.99999999999986 206 20 0.9999996524714163 1.1092100726833682
# 4 20 20
94.99999999999986 206 20 0.9999996743483877 1.119165664496072
# 4 20 20
95.99999999999987 206 20 0.9999997002023009 1.134230477178256
# 4 20 20
96.99999999999987 206 20 0.9999997267319374 1.1542274188701074
# 4 20 20
97.99999999999989 206 20 0.999999748292029 1.1788452254578425
# 4 20 20
98.99999999999989 206 20 0.9999997652831011 1.207513206047751
# 4 20 20
99.9999999999999 206 20 0.9999997781391257 1.2392950633204587
# 4 20 20
100.9999999999999 206 20 0.9999997870227012 1.272837086287804
# 4 20 20
101.99999999999991 206 20 0.9999997936826983 1.3063934816175093
# 4 20 20
102.9999999999999 206 20 0.9999998005125676 1.3379342076257628
# 4 20 20
103.9999999999999 206 20 0.9999998088520453 1.3653233591140477
# 4 20 20
104.99999999999991 206 20 0.9999998198255718 1.3865424610534514
# 4 20 20
105.99999999999991 206 20 0.9999998378315351 1.3999244684960885
# 4 20 20
106.99999999999993 206 20 0.9999998714860822 1.4043613211068846
# 4 20 20
107.99999999999993 206 20 0.999999904742578 1.3994509717989316
# 4 20 20
108.99999999999994 206 20 0.9999999317435193 1.3855590370266766
# 4 20 20
109.99999999999993 206 20 0.9999999542811258 1.3637845231708745
# 4 20 20
110.99999999999994 206 20 0.9999999733628806 1.3358357682499435
# 4 20 20
111.99999999999994 200 20 0.9999999895180715 1.3038380705440997
# 4 20 20
112.99999999999996 200 20 1.000000002405472 1.27010498762057
# 4 20 20
113.99999999999996 200 20 1.0000000114168248 1.2369092642443507
# 4 20 20
114.99999999999997 200 20 1.0000000150008355 1.2062869005752335
# 4 20 20
115.99999999999997 182 20 1.0000000094775878 1.179900132446504
# 4 20 20
116.99999999999999 182 20 0.999999995050225 1.1589733107656661
# 4 20 20
117.99999999999997 182 20 0.9999999772646551 1.1443011705668213
# 4 20 20
119.0 182 20 0.9999999619863413 1.1363139459120526
# 4 20 20
119.99999999999999 182 20 0.9999999511798976 1.135171777441174
# 4 20 20
121.0 182 20 0.9999999441435372 1.1408556928927978
# 4 20 20
122.0 182 20 0.9999999396596864 1.1532262472570378
# 4 20 20
123.00000000000001 182 20 0.9999999347309834 1.1720328098972976
# 4 20 20
124.00000000000001 182 20 0.9999999253263496 1.1968728281342367
# 4 20 20
125.00000000000003 182 20 0.9999999110967385 1.2271165020583703
# 4 20 20
126.00000000000001 182 20 0.999999897893296 1.2618236923727446
# 4 20 20
127.00000000000004 182 20 0.9999998911713229 1.2996837186756063
# 4 20 20
128.00000000000003 182 20 0.9999998918418052 1.3390043952603172
# 4 20 20
129.00000000000003 182 20 0.9999998965825008 1.3777661629409752
# 4 20 20
130.00000000000003 182 20 0.9999999017032948 1.4137437652272513
# 4 20 20
131.00000000000003 182 20 0.9999999061415408 1.4446846261670268
# 4 20 20
132.00000000000006 182 20 0.9999999112512055 1.4685218921745142
# 4 20 20
133.00000000000006 182 20 0.9999999231035671 1.483592231747325
# 4 20 20
134.00000000000006 182 20 0.9999999433277189 1.488825197111152
# 4 20 20
135.00000000000006 182 20 0.99999995930443 1.4838734495324262
# 4 20 20
136.00000000000009 182 20 0.999999975366665 1.4691620139995116
# 4 20 20
137.00000000000006 182 20 0.9999999945022284 1.44584829661634
# 4 20 20
138.00000000000009 182 20 1.0000000173237358 1.4157001471696855
# 4 20 20
139.00000000000009 182 20 1.0000000421377915 1.3809129278249541
# 4 20 20
140.00000000000009 182 20 1.0000000656299062 1.3438952009561713
# 4 20 20
141.00000000000009 182 20 1.0000000826949975 1.3070549044174462
# 4 20 20
142.0000000000001 182 20 1.000000089063974 1.2726142071117807
# 4 20 20
143.0000000000001 182 20 1.0000000869262093 1.2424733378192396
# 4 20 20
144.0000000000001 182 20 1.0000000841147885 1.2181334933542411
# 4 20 20
145.0000000000001 182 20 1.000000087207384 1.2006779519415338
# 4 20 20
146.0000000000001 182 20 1.0000000965428932 1.1907999936818983
# 4 20 20
147.0000000000001 182 20 1.000000107570647 1.1888578829348146
# 4 20 20
148.00000000000014 182 20 1.0000001154046672 1.1949332419599608
# 4 20 20
149.00000000000014 182 20 1.0000001181662928 1.2088714307398787
# 4 20 20
150.00000000000014 188 20 1.0000001168237773 1.2302909900427998
# 4 20 20
151.00000000000014 188 20 1.0000001139112111 1.2585613644336375
# 4 20 20
152.00000000000017 188 20 1.000000113352617 1.2927603046226945
# 4 20 20
153.00000000000014 188 20 1.0000001173691366 1.3316308727452792
# 4 20 20
154.00000000000014 188 20 1.0000001239343266 1.3735606754781324
# 4 20 20
155.00000000000017 188 20 1.0000001297697414 1.4166027184317058
# 4 20 20
156.00000000000017 188 20 1.0000001329460217 1.458549559079525
# 4 20 20
157.00000000000017 188 20 1.0000001325402847 1.4970622448289534
# 4 20 20
158.00000000000017 188 20 1.0000001277669996 1.5298446909884469
# 4 20 20
159.0000000000002 188 20 1.0000001185941687 1.5548442437913708
# 4 20 20
160.00000000000017 194 20 1.0000001096215232 1.570451779903542
# 4 20 20
161.0000000000002 188 20 1.000000108315695 1.575671567136823
# 4 20 20
162.0000000000002 188 20 1.000000108227796 1.570233625493994
# 4 20 20
163.0000000000002 188 20 1.0000001094347377 1.5546299311170604
# 4 20 20
164.0000000000002 182 20 1.0000001124918565 1.530068438514498
# 4 20 20
165.00000000000023 182 20 1.0000001172340949 1.4983531827671468
# 4 20 20
166.00000000000023 182 20 1.0000001225494668 1.4617106251838687
# 4 20 20
167.00000000000023 182 20 1.0000001261217633 1.422589350509953
# 4 20 20
168.00000000000023 182 20 1.0000001256380613 1.3834611520213902
# 4 20 20
169.00000000000023 182 20 1.0000001215812175 1.3466472241190601
# 4 20 20
170.00000000000023 182 20 1.000000117676592 1.3141855538439906
# 4 20 20
171.00000000000026 182 20 1.0000001169890689 1.2877467478728426
# 4 20 20
172.00000000000026 182 20 1.000000118777583 1.2685969737387413
# 4 20 20
173.00000000000026 182 20 1.0000001205529852 1.2575993255425744
# 4 20 20
174.00000000000026 188 20 1.000000120587412 1.2552394878322863
# 4 20 20
175.00000000000028 188 20 1.0000001179431417 1.2616591500050325
# 4 20 20
176.00000000000026 194 20 1.0000001134204681 1.276682217661833
# 4 20 20
177.00000000000028 194 20 1.0000001089875517 1.2998245359979006
# 4 20 20
178.00000000000028 194 20 1.0000001063182455 1.330286247874571
# 4 20 20
179.00000000000028 194 20 1.000000106270464 1.3669345606370453
# 4 20 20
180.00000000000028 200 20 1.0000001078560357 1.4082910304783265
# 4 20 20
181.00000000000028 200 20 1.0000001092241404 1.4525398332976878
# 4 20 20
182.0000000000003 200 20 1.0000001090256432 1.4975715491861343
# 4 20 20
183.00000000000028 200 20 1.0000001064768609 1.5410713743462607
# 4 20 20
184.0000000000003 200 20 1.000000100343536 1.5806525193163996
# 4 20 20
185.0000000000003 200 20 1.0000000898755301 1.6140261965729152
# 4 20 20
186.0000000000003 200 20 1.0000000746821809 1.6391906223666053
# 4 20 20
187.0000000000003 200 20 1.0000000611996833 1.6546147635584194
# 4 20 20
188.00000000000034 194 20 1.0000000557429716 1.6593900029586914
# 4 20 20
189.00000000000034 194 20 1.0000000523821366 1.6533258490918334
# 4 20 20
190.00000000000034 194 20 1.0000000499822852 1.6369740722409523
# 4 20 20
191.00000000000034 194 20 1.0000000474490882 1.6115774806157024
# 4 20 20
192.00000000000034 188 20 1.000000043284586 1.5789522823668671
# 4 20 20
193.00000000000034 188 20 1.0000000362828936 1.5413231865678987
# 4 20 20
194.00000000000037 188 20 1.000000026776585 1.5011359004325353
# 4 20 20
195.00000000000037 188 20 1.0000000177126214 1.4608717219916425
# 4 20 20
196.00000000000037 182 20 1.0000000128982651 1.4228844136120573
# 4 20 20
197.00000000000037 188 20 1.0000000126086337 1.3892723875125896
# 4 20 20
198.0000000000004 194 20 1.0000000133357627 1.3617914915801266
# 4 20 20
199.00000000000037 194 20 1.000000013927747 1.3418067985445539
# 4 20 20
200.00000000000037 194 20 1.0000000156291922 1.330276494100158
# 4 20 20
201.00000000000043 182 20 1.0000000159116609 1.3277575289766215
# 4 20 20
202.0000000000004 182 20 1.000000010598773 1.334421527786738
# 4 20 20
203.0000000000004 194 20 1.0000000039743437 1.3500707614781995
# 4 20 20
204.0000000000004 200 20 0.999999998467858 1.3741477479608921
# 4 20 20
205.0000000000004 188 20 0.9999999950659264 1.4057377602666408
# 4 20 20
206.00000000000043 188 20 0.9999999946289377 1.4435694892805002
# 4 20 20
207.00000000000043 188 20 0.9999999966410733 1.486023829155117
# 4 20 20
208.00000000000043 182 20 0.9999999988901596 1.5311628722465909
# 4 20 20
209.00000000000043 182 20 0.9999999990783621 1.5767900767227794
# 4 20 20
210.00000000000045 182 20 0.9999999962205051 1.6205482671586309
# 4 20 20
211.00000000000045 182 20 0.9999999904209895 1.6600552807824425
# 4 20 20
212.00000000000043 182 20 0.9999999817982657 1.693068835184431
# 4 20 20
213.00000000000043 182 20 0.9999999683637821 1.7176642072882622
# 4 20 20
214.00000000000048 182 20 0.9999999603781602 1.7324025305108992
# 4 20 20
215.00000000000045 182 20 0.9999999565610522 1.7364656714545186
# 4 20 20
216.00000000000045 182 20 0.9999999536277664 1.7297369891241787
# 4 20 20
217.00000000000045 182 20 0.9999999509907587 1.712815112585957
# 4 20 20
218.00000000000048 182 20 0.9999999483890857 1.6869588630412522
# 4 20 20
219.00000000000048 182 20 0.9999999455510276 1.653972642382639
# 4 20 20
220.00000000000048 182 20 0.9999999420644368 1.6160502765345786
# 4 20 20
221.00000000000048 182 20 0.9999999382572006 1.5755995880945977
# 4 20 20
222.0000000000005 182 20 0.999999935495677 1.5350694421146032
# 4 20 20
223.0000000000005 182 20 0.999999934742563 1.4967966009149687
# 4 20 20
224.0000000000005 182 20 0.9999999358346698 1.4628832172870083
# 4 20 20
225.0000000000005 182 20 0.9999999385487709 1.4351090280767203
# 4 20 20
226.00000000000054 194 20 0.9999999382590667 1.414876631544336
# 4 20 20
227.00000000000054 188 20 0.9999999379803237 1.4031843118014173
# 4 20 20
228.00000000000054 182 20 0.9999999397164419 1.4006187273410142
# 4 20 20
229.0000000000005 182 20 0.9999999322323445 1.4073593012610015
# 4 20 20
230.0000000000005 182 20 0.9999999221457665 1.423187404069215
# 4 20 20
231.00000000000054 194 20 0.999999913226091 1.4474959020795417
# 4 20 20
232.00000000000054 194 20 0.9999999074943511 1.4792985931560558
# 4 20 20
233.00000000000054 182 20 0.9999999062164148 1.5172431867834635
# 4 20 20
234.00000000000054 182 20 0.9999999086847435 1.5596350302992243
# 4 20 20
235.00000000000057 182 20 0.9999999116570824 1.6044805596151626
# 4 20 20
236.00000000000057 182 20 0.9999999124009845 1.6495587024348095
# 4 20 20
237.00000000000057 182 20 0.9999999095804724 1.692524925458228
# 4 20 20
238.00000000000057 182 20 0.9999999023678718 1.7310467067706534
# 4 20 20
239.0000000000006 182 20 0.9999998885920333 1.7629619617018863
# 4 20 20
240.0000000000006 182 20 0.9999998675848891 1.7864449829949023
# 4 20 20
241.0000000000006 182 20 0.9999998588046003 1.8001596332254648
# 4 20 20
242.00000000000057 182 20 0.9999998544986524 1.80337845885981
# 4 20 20
243.00000000000063 188 20 0.9999998513225226 1.7960500435703757
# 4 20 20
244.00000000000063 188 20 0.9999998484532562 1.778804231367794
# 4 20 20
245.0000000000006 188 20 0.9999998461563457 1.7528948590148774
# 4 20 20
246.0000000000006 194 20 0.9999998445493936 1.7200893460851836
# 4 20 20
247.00000000000065 194 20 0.9999998435047823 1.6825217800750314
# 4 20 20
248.00000000000063 194 20 0.9999998431598422 1.6425294657719056
# 4 20 20
249.00000000000063 200 20 0.9999998440454186 1.6024920430659084
# 4 20 20
250.00000000000063 200 20 0.9999998467545572 1.5646881475383316
# 4 20 20
251.00000000000065 212 20 0.9999998512431769 1.5311787907586916
# 4 20 20
252.00000000000065 212 20 0.999999856164606 1.5037207685764273
# 4 20 20
253.00000000000065 212 20 0.9999998610117276 1.483708753990274
# 4 20 20
254.00000000000065 212 20 0.9999998667051382 1.4721415847950015
# 4 20 20
255.00000000000063 206 20 0.9999998728465753 1.469606915289901
# 4 20 20
256.0000000000007 206 20 0.9999998695539106 1.4762783361701997
# 4 20 20
257.0000000000007 206 20 0.999999863528905 1.4919201414438843
# 4 20 20
258.0000000000007 206 20 0.9999998589543839 1.515896764857727
# 4 20 20
259.0000000000007 206 20 0.9999998574448482 1.5471866795719074
# 4 20 20
260.0000000000007 206 20 0.9999998590415002 1.584403511753473
# 4 20 20
261.0000000000007 206 20 0.9999998628854857 1.6258297640104193
# 4 20 20
262.0000000000007 206 20 0.9999998670544425 1.6694699045124861
# 4 20 20
263.0000000000007 206 20 0.9999998688362036 1.7131288901523614
# 4 20 20
264.00000000000074 206 20 0.9999998667362944 1.7545190931811687
# 4 20 20
265.00000000000074 206 20 0.9999998602138305 1.7913933848845618
# 4 20 20
266.0000000000007 212 20 0.9999998529488598 1.821695795477159
# 4 20 20
267.0000000000007 206 20 0.9999998399795726 1.8437152163945096
# 4 20 20
268.00000000000074 206 20 0.9999998359871165 1.8562238651367553
# 4 20 20
269.00000000000074 200 20 0.9999998335073159 1.858581752647057
# 4 20 20
270.00000000000074 200 20 0.9999998313451064 1.8507922125158396
# 4 20 20
271.00000000000074 200 20 0.9999998295258224 1.8335003408490937
# 4 20 20
272.00000000000074 200 20 0.9999998279432035 1.8079351129289147
# 4 20 20
273.00000000000074 206 20 0.9999998262469578 1.7758042981600617
# 4 20 20
274.00000000000074 200 20 0.9999998241364633 1.739157353818473
# 4 20 20
275.00000000000074 206 20 0.9999998216506886 1.700234033408924
# 4 20 20
276.0000000000008 206 20 0.9999998194515192 1.6613154288325924
# 4 20 20
277.0000000000008 212 20 0.9999998202534783 1.6245904409178291
# 4 20 20
278.0000000000008 212 20 0.9999998234600455 1.5920455821225021
# 4 20 20
279.0000000000008 212 20 0.9999998295963142 1.5653810414319937
# 4 20 20
280.00000000000074 212 20 0.9999998390141445 1.5459518863832884
# 4 20 20
281.0000000000008 206 20 0.9999998601122722 1.534730878908648
# 4 20 20
282.0000000000008 206 20 0.999999874530233 1.5322883481569798
# 4 20 20
283.0000000000008 206 20 0.9999998830040094 1.5387848171708511
# 4 20 20
284.0000000000008 206 20 0.9999998892068052 1.5539728766387244
# 4 20 20
285.0000000000008 206 20 0.9999998952391083 1.5772063968662893
# 4 20 20
286.0000000000008 206 20 0.9999999019158564 1.6074571296640334
# 4 20 20
287.0000000000008 206 20 0.999999908940949 1.6433409637867757
# 4 20 20
288.0000000000008 206 20 0.9999999152500548 1.6831580417014995
# 4 20 20
289.00000000000085 206 20 0.9999999198182893 1.7249518624462346
# 4 20 20
290.00000000000085 206 20 0.9999999221357355 1.7665916889511857
# 4 20 20
291.00000000000085 206 20 0.9999999219038543 1.805879720230348
# 4 20 20
292.00000000000085 200 20 0.999999917554471 1.8406798747870519
# 4 20 20
293.00000000000085 206 20 0.9999999122190277 1.8690595875192961
# 4 20 20
294.00000000000085 200 20 0.9999999068110548 1.8894310631883298
# 4 20 20
295.00000000000085 200 20 0.9999999041625192 1.9006755826662518
# 4 20 20
296.00000000000085 200 20 0.9999999016032441 1.9022346138195165
# 4 20 20
297.0000000000009 200 20 0.999999898590292 1.8941551412813284
# 4 20 20
298.0000000000009 194 20 0.9999998950684927 1.8770830122545399
# 4 20 20
299.00000000000085 194 20 0.9999998910700694 1.8522058320756705
# 4 20 20
300.00000000000085 194 20 0.9999998867043944 1.8211540781163307
# 4 20 20
301.0000000000009 194 20 0.9999998823073983 1.7858741073854416
# 4 20 20
302.0000000000009 194 20 0.9999998785117944 1.748488717523661
# 4 20 20
303.0000000000009 200 20 0.999999878149251 1.71115988702338
# 4 20 20
304.0000000000009 200 20 0.999999880276103 1.6759650037757663
# 4 20 20
305.0000000000009 194 20 0.9999998855710168 1.6447935212082736
# 4 20 20
306.0000000000009 194 20 0.9999998944293792 1.6192666182176632
# 4 20 20
307.0000000000009 194 20 0.9999999081227365 1.6006791009654275
# 4 20 20
308.0000000000009 188 20 0.9999999297046077 1.5899607582161115
# 4 20 20
309.0000000000009 188 20 0.9999999457104186 1.587653631594266
# 4 20 20
310.00000000000097 182 20 0.999999956880615 1.5939019268466865
# 4 20 20
311.00000000000097 182 20 0.9999999647910612 1.6084520297257368
# 4 20 20
312.0000000000009 182 20 0.9999999706179183 1.630661405930509
# 4 20 20
313.0000000000009 188 20 0.9999999750916899 1.6595167043872219
# 4 20 20
314.00000000000097 194 20 0.9999999786376192 1.6936630682125646
# 4 20 20
315.00000000000097 188 20 0.999999981466803 1.7314480385501878
# 4 20 20
316.00000000000097 182 20 0.9999999834225579 1.7709839187516732
# 4 20 20
317.00000000000097 182 20 0.9999999839540537 1.810231484636188
# 4 20 20
318.00000000000097 182 20 0.9999999821736387 1.847105262554171
# 4 20 20
319.00000000000097 188 20 0.9999999794098626 1.879596529709659
# 4 20 20
320.00000000000097 182 20 0.9999999685223095 1.905905521720648
# 4 20 20
321.00000000000097 182 20 0.9999999647389409 1.924570405944825
# 4 20 20
322.000000000001 182 20 0.9999999623076696 1.9345782523175632
# 4 20 20
323.000000000001 182 20 0.9999999597636251 1.935444194194693
# 4 20 20
324.000000000001 182 20 0.9999999564753086 1.9272481830405537
# 4 20 20
325.00000000000097 182 20 0.9999999523151415 1.910624720818904
# 4 20 20
326.000000000001 182 20 0.9999999476912301 1.886707598920721
# 4 20 20
327.000000000001 182 20 0.9999999434352439 1.8570377305041137
# 4 20 20
328.000000000001 182 20 0.9999999403247811 1.8234463021688
# 4 20 20
329.000000000001 182 20 0.9999999386848722 1.787927015909307
# 4 20 20
330.000000000001 188 20 0.9999999403825641 1.7525101902933453
# 4 20 20
331.000000000001 188 20 0.9999999438205869 1.7191485876707329
# 4 20 20
332.000000000001 188 20 0.999999949241868 1.6896210656610124
# 4 20 20
333.000000000001 188 20 0.9999999574614248 1.665456440070487
# 4 20 20
334.000000000001 188 20 0.9999999739004822 1.647877106604155
# 4 20 20
335.0000000000011 188 20 0.9999999877211325 1.6377602461551106
# 4 20 20
336.0000000000011 188 20 0.9999999964187218 1.6356138802494007
# 4 20 20
337.0000000000011 188 20 1.0000000003892546 1.6415652010924915
# 4 20 20
338.0000000000011 188 20 1.0000000005691312 1.655359377584534
# 4 20 20
339.0000000000011 194 20 0.9999999979255497 1.676368110265103
# 4 20 20
340.0000000000011 194 20 0.9999999933706205 1.7036084797796616
# 4 20 20
341.0000000000011 200 20 0.9999999881414231 1.7357739060948938
# 4 20 20
342.0000000000011 194 20 0.999999983412232 1.7712799677176718
# 4 20 20
343.00000000000114 194 20 0.999999979653291 1.8083279459677464
# 4 20 20
344.0000000000011 188 20 0.9999999761762142 1.8449878482904092
# 4 20 20
345.0000000000011 188 20 0.9999999711153007 1.8793001696267115
# 4 20 20
346.0000000000011 188 20 0.9999999656168826 1.9093920733845287
# 4 20 20
347.00000000000114 182 20 0.9999999567631594 1.933599712223367
# 4 20 20
348.00000000000114 182 20 0.9999999521003157 1.9505852667231227
# 4 20 20
349.00000000000114 182 20 0.9999999479166698 1.9594357005307301
# 4 20 20
350.00000000000114 182 20 0.9999999434561814 1.959731324577561
# 4 20 20
351.00000000000114 182 20 0.9999999384894039 1.9515754753344299
# 4 20 20
352.00000000000114 182 20 0.9999999333390261 1.9355818753454859
# 4 20 20
353.00000000000114 194 20 0.9999999288497617 1.912821991669706
# 4 20 20
354.00000000000114 194 20 0.9999999259338362 1.8847398291156556
# 4 20 20
355.00000000000114 194 20 0.9999999249216718 1.8530450213773189
# 4 20 20
356.0000000000012 200 20 0.9999999256445018 1.8195962914086972
# 4 20 20
357.0000000000012 206 20 0.9999999290011578 1.7862864152238187
# 4 20 20
358.00000000000114 212 20 0.9999999341754778 1.7549373118803813
# 4 20 20
359.00000000000114 212 20 0.999999941814214 1.7272106550539907
# 4 20 20
360.0000000000012 206 20 0.9999999568646437 1.7045362584275852
# 4 20 20
361.0000000000012 206 20 0.9999999718153136 1.688058042334175
# 4 20 20
362.0000000000012 206 20 0.9999999830688264 1.6785959557944115
# 4 20 20
363.0000000000012 206 20 0.9999999896484715 1.6766216780273901
# 4 20 20
364.0000000000012 206 20 0.9999999918547021 1.6822461348712114
# 4 20 20
365.0000000000012 206 20 0.9999999905486261 1.6952175366535422
# 4 20 20
366.0000000000012 206 20 0.9999999866404048 1.714929584946576
# 4 20 20
367.0000000000012 206 20 0.999999981108018 1.7404405465722548
# 4 20 20
368.00000000000125 206 20 0.9999999751269855 1.770504852552869
# 4 20 20
369.00000000000125 206 20 0.9999999698863059 1.8036194573934816
# 4 20 20
370.00000000000125 206 20 0.9999999657796179 1.838087031663319
# 4 20 20
371.0000000000012 206 20 0.9999999620268143 1.872096848200714
# 4 20 20
372.00000000000125 212 20 0.9999999588123871 1.9038219012532096
# 4 20 20
373.00000000000125 206 20 0.9999999518249045 1.931527629340251
# 4 20 20
374.00000000000125 206 20 0.9999999470802999 1.953684393434526
# 4 20 20
375.00000000000125 206 20 0.9999999444445232 1.9690731838744602
# 4 20 20
376.0000000000013 206 20 0.9999999423350331 1.976873297501596
# 4 20 20
377.00000000000125 206 20 0.9999999402969969 1.9767216775367824
# 4 20 20
378.00000000000125 206 20 0.9999999380893113 1.9687368374714955
# 4 20 20
379.00000000000125 206 20 0.9999999357446343 1.9535048482373147
# 4 20 20
380.00000000000125 206 20 0.9999999336396721 1.932029831023218
# 4 20 20
381.0000000000013 206 20 0.9999999322759179 1.9056557192644559
# 4 20 20
382.0000000000013 206 20 0.9999999318155232 1.8759688919437185
# 4 20 20
383.0000000000013 212 20 0.9999999328123926 1.8446922312794571
# 4 20 20
384.0000000000013 212 20 0.9999999346338836 1.8135803121310294
# 4 20 20
385.0000000000013 212 20 0.9999999378744532 1.7843232813864802
# 4 20 20
386.0000000000013 206 20 0.9999999475069142 1.758464239401104
# 4 20 20
387.0000000000013 206 20 0.9999999586675627 1.7373322465758019
# 4 20 20
388.0000000000013 206 20 0.9999999686988934 1.7219910139924568
# 4 20 20
389.00000000000136 206 20 0.9999999762769158 1.7132020502006415
# 4 20 20
390.0000000000013 206 20 0.9999999808114678 1.711400586966256
# 4 20 20
391.0000000000013 206 20 0.9999999824629116 1.716682781766654
# 4 20 20
392.0000000000013 206 20 0.999999981837186 1.7288032946747132
# 4 20 20
393.00000000000136 206 20 0.9999999796190738 1.747183158529824
# 4 20 20
394.00000000000136 206 20 0.9999999764586576 1.7709287264613338
# 4 20 20
395.00000000000136 206 20 0.9999999730161548 1.7988631947365668
# 4 20 20
396.00000000000136 206 20 0.9999999698114416 1.8295725100311202
# 4 20 20
397.00000000000136 206 20 0.9999999669175185 1.8614670985669755
# 4 20 20
398.00000000000136 206 20 0.9999999636443252 1.8928595925053378
# 4 20 20
399.00000000000136 200 20 0.9999999586610907 1.9220565725955856
# 4 20 20
400.00000000000136 200 20 0.9999999533980067 1.9474596035577756
# 4 20 20
401.00000000000136 200 20 0.9999999500877421 1.9676680789610936
# 4 20 20
402.00000000000136 194 20 0.9999999477555758 1.9815744793859726
# 4 20 20
403.0000000000014 188 20 0.9999999456320781 1.988442082934009
# 4 20 20
404.0000000000014 188 20 0.9999999434450636 1.9879563753991767
# 4 20 20
405.0000000000014 188 20 0.9999999411329714 1.9802443515021189
# 4 20 20
406.0000000000014 188 20 0.9999999388375371 1.965859894920083
# 4 20 20
407.0000000000014 188 20 0.9999999367821082 1.9457376884564563
# 4 20 20
408.0000000000014 188 20 0.9999999350949856 1.9211217537107128
# 4 20 20
409.0000000000014 182 20 0.999999933659902 1.8934770786152584
# 4 20 20
410.0000000000014 188 20 0.9999999329145816 1.8643935498511814
# 4 20 20
411.0000000000014 188 20 0.9999999328436795 1.8354906603191623
# 4 20 20
412.0000000000015 188 20 0.9999999346231677 1.808329631638063
# 4 20 20
413.0000000000015 182 20 0.9999999417809504 1.7843372602761245
# 4 20 20
414.0000000000015 182 20 0.9999999493041145 1.7647435056128045
# 4 20 20
415.0000000000015 182 20 0.9999999561675101 1.7505330653869289
# 4 20 20
416.0000000000015 182 20 0.9999999615186534 1.742410057838368
# 4 20 20
417.0000000000014 182 20 0.9999999648963034 1.7407745356316164
# 4 20 20
418.0000000000014 182 20 0.9999999665152696 1.7457097062778313
# 4 20 20
419.0000000000014 182 20 0.9999999667811131 1.756979260805429
# 4 20 20
420.00000000000153 182 20 0.9999999660756975 1.7740349208965853
# 4 20 20
421.00000000000153 182 20 0.9999999645337373 1.7960350193681773
# 4 20 20
422.00000000000153 182 20 0.999999962158263 1.82187544744599
# 4 20 20
423.0000000000015 182 20 0.999999958964987 1.8502344109238575
# 4 20 20
424.0000000000015 182 20 0.9999999550942009 1.879631926556956
# 4 20 20
425.0000000000015 182 20 0.9999999503785032 1.908503715901289
# 4 20 20
426.0000000000015 182 20 0.9999999452560122 1.9352871776980856
# 4 20 20
427.0000000000015 182 20 0.9999999402016041 1.958514713918666
# 4 20 20
428.00000000000153 182 20 0.9999999372560826 1.9769074535571973
# 4 20 20
429.00000000000153 182 20 0.9999999351923681 1.9894608993230536
# 4 20 20
430.00000000000153 182 20 0.9999999333079066 1.9955137982732625
# 4 20 20
431.00000000000153 182 20 0.9999999313602035 1.9947927838892563
# 4 20 20
432.00000000000153 182 20 0.9999999292443074 1.987428012591346
# 4 20 20
433.00000000000153 182 20 0.9999999268546034 1.9739385130793805
# 4 20 20
434.00000000000153 182 20 0.999999924206929 1.9551896284913772
# 4 20 20
435.00000000000153 182 20 0.9999999213354693 1.9323280170967938
# 4 20 20
436.00000000000153 182 20 0.9999999182987445 1.906701646812377
# 4 20 20
437.0000000000016 188 20 0.9999999161418204 1.879772832595416
# 4 20 20
438.0000000000016 188 20 0.9999999151137988 1.8530317127519114
# 4 20 20
439.0000000000016 182 20 0.9999999180286256 1.827916017017919
# 4 20 20
440.0000000000016 182 20 0.9999999223466032 1.8057409923729175
# 4 20 20
441.0000000000016 182 20 0.9999999266780238 1.7876414171338488
# 4 20 20
442.0000000000016 182 20 0.9999999305133275 1.7745260914847087
# 4 20 20
443.0000000000016 182 20 0.999999933391879 1.7670442232339503
# 4 20 20
444.00000000000153 182 20 0.9999999349660394 1.765562759542011
# 4 20 20
445.00000000000165 182 20 0.9999999350541163 1.7701538457285806
# 4 20 20
446.00000000000165 182 20 0.9999999337315439 1.7805920495587437
# 4 20 20
447.00000000000165 182 20 0.9999999312841726 1.7963615917602924
# 4 20 20
448.00000000000165 182 20 0.9999999280306 1.8166743921501998
# 4 20 20
449.0000000000016 182 20 0.999999924209054 1.8405000969243392
# 4 20 20
450.0000000000016 182 20 0.9999999200182573 1.8666092152467944
# 4 20 20
451.0000000000016 182 20 0.9999999156975968 1.8936298858248155
# 4 20 20
452.0000000000016 182 20 0.999999911326644 1.9201175496747074
# 4 20 20
453.0000000000017 182 20 0.999999907066328 1.9446349987134723
# 4 20 20
454.0000000000017 182 20 0.9999999030593832 1.9658382055879864
# 4 20 20
455.00000000000165 182 20 0.9999999003400405 1.982561497073655
# 4 20 20
456.00000000000165 182 20 0.9999998983721607 1.993894489686322
# 4 20 20
457.00000000000165 182 20 0.9999998968070876 1.9992431778776738
# 4 20 20
458.00000000000165 182 20 0.9999998953326665 1.9983688302188145
# 4 20 20
459.00000000000165 182 20 0.999999893689892 1.9914007441890311
# 4 20 20
460.00000000000165 182 20 0.9999998917998086 1.978821973093548
# 4 20 20
461.00000000000165 182 20 0.9999998897802915 1.961430282946739
# 4 20 20
462.0000000000017 182 20 0.9999998876593039 1.9402792137067686
# 4 20 20
463.0000000000017 182 20 0.9999998854903824 1.9166057710473552
# 4 20 20
464.0000000000017 188 20 0.9999998845445898 1.8917517809764886
# 4 20 20
465.0000000000017 188 20 0.9999998846249727 1.8670853752837897
# 4 20 20
466.0000000000017 182 20 0.9999998870581513 1.8439277923533421
# 4 20 20
467.0000000000017 182 20 0.9999998903650814 1.8234889711046869
# 4 20 20
468.0000000000017 188 20 0.9999998935770508 1.8068137730603102
# 4 20 20
469.0000000000017 200 20 0.9999998961222982 1.7947393439601507
# 4 20 20
470.00000000000176 200 20 0.9999998975704537 1.7878632668140808
# 4 20 20
471.00000000000176 200 20 0.9999998977059553 1.7865218409910169
# 4 20 20
472.00000000000176 200 20 0.9999998965934778 1.7907779219835278
# 4 20 20
473.00000000000176 200 20 0.9999998945200301 1.8004181411974578
# 4 20 20
474.00000000000176 206 20 0.9999998918992379 1.8149598285046624
# 4 20 20
475.00000000000176 206 20 0.9999998891727803 1.8336684106151107
# 4 20 20
476.0000000000017 206 20 0.9999998866742356 1.8555862882092766
# 4 20 20
477.0000000000017 206 20 0.9999998845809741 1.879574046759032
# 4 20 20
478.0000000000018 206 20 0.9999998830309509 1.904364198699037
# 4 20 20
479.0000000000018 206 20 0.9999998818693824 1.928626456986695
# 4 20 20
480.0000000000018 206 20 0.9999998811079255 1.9510419135232955
# 4 20 20
481.0000000000018 206 20 0.9999998806416387 1.9703817243875192
# 4 20 20
482.00000000000176 206 20 0.9999998805346465 1.9855843851022728
# 4 20 20
483.00000000000176 206 20 0.9999998804890101 1.9958248244733647
# 4 20 20
484.00000000000176 206 20 0.9999998803090813 2.000568667329926
# 4 20 20
485.00000000000176 206 20 0.9999998798726035 1.9996062516594
# 4 20 20
486.00000000000176 206 20 0.9999998790597417 1.993063126373805
# 4 20 20
487.0000000000018 206 20 0.9999998777777755 1.9813864329074227
# 4 20 20
488.0000000000018 206 20 0.9999998759608398 1.9653092709241218
# 4 20 20
489.0000000000018 206 20 0.9999998733731701 1.9457973738553558
# 4 20 20
490.0000000000018 206 20 0.9999998700123358 1.9239838205168438
# 4 20 20
491.0000000000018 212 20 0.9999998674295004 1.9010979375778017
# 4 20 20
492.0000000000018 206 20 0.9999998644494273 1.8783940598041207
# 4 20 20
493.0000000000018 206 20 0.99999986308409 1.857084773135056
# 4 20 20
494.0000000000018 206 20 0.9999998630129658 1.838281730156116
# 4 20 20
495.0000000000019 206 20 0.9999998637256233 1.8229458360753092
# 4 20 20
496.0000000000019 206 20 0.9999998648948694 1.8118473793310481
# 4 20 20
497.0000000000019 206 20 0.9999998662185189 1.8055359642145719
# 4 20 20
498.0000000000019 206 20 0.9999998674267315 1.8043198124794915
# 4 20 20
499.0000000000019 206 20 0.9999998683586881 1.8082540741871107
# 4 20 20
500.0000000000019 206 20 0.9999998689427281 1.817138105557376
# 4 20 20
501.0000000000019 206 20 0.9999998691634437 1.8305220866448086
# 4 20 20
502.0000000000019 206 20 0.999999869112881 1.847723698822282
# 4 20 20
503.00000000000193 206 20 0.9999998689331537 1.8678557071648476
# 4 20 20
504.00000000000193 206 20 0.9999998688219238 1.8898650660586334
# 4 20 20
505.00000000000193 200 20 0.9999998689330379 1.9125834902812642
# 4 20 20
506.00000000000193 200 20 0.9999998689849073 1.9347883047325507
# 4 20 20
507.00000000000193 194 20 0.999999869012268 1.9552709360570584
# 4 20 20
508.00000000000193 194 20 0.9999998687723313 1.9729088790080989
# 4 20 20
509.0000000000019 188 20 0.9999998683870688 1.986735741237993
# 4 20 20
510.0000000000019 182 20 0.999999867983787 1.9960033187692652
# 4 20 20
511.0000000000019 182 20 0.9999998675312851 2.0002298984057165
# 4 20 20
512.0000000000019 182 20 0.9999998669557223 1.9992301475247645
# 4 20 20
513.0000000000019 182 20 0.999999866185719 1.993123860479131
# 4 20 20
514.0000000000019 182 20 0.9999998652129867 1.9823231684383464
# 4 20 20
515.0000000000019 182 20 0.9999998639919175 1.9675001393173297
# 4 20 20
516.0000000000019 182 20 0.9999998622754659 1.9495386008200706
# 4 20 20
517.0000000000019 182 20 0.9999998594385624 1.9294752111965996
# 4 20 20
518.0000000000019 182 20 0.9999998552217157 1.9084351748122734
# 4 20 20
519.0000000000019 182 20 0.9999998522273937 1.887567609170061
# 4 20 20
520.000000000002 182 20 0.9999998495630021 1.8679845890712856
# 4 20 20
521.000000000002 182 20 0.9999998480246548 1.8507068061517815
# 4 20 20
522.000000000002 182 20 0.999999847081445 1.8366174357291243
# 4 20 20
523.000000000002 182 20 0.9999998464709172 1.826424910369113
# 4 20 20
524.000000000002 182 20 0.9999998460616338 1.8206346038903
# 4 20 20
525.0000000000019 182 20 0.9999998457126729 1.8195291898244494
# 4 20 20
526.0000000000019 182 20 0.999999845445503 1.8231574765553897
# 4 20 20
527.0000000000019 182 20 0.9999998453184904 1.8313317859873732
# 4 20 20
528.000000000002 182 20 0.9999998453914614 1.8436342702729422
# 4 20 20
529.000000000002 182 20 0.9999998456940008 1.8594328214124618
# 4 20 20
530.000000000002 182 20 0.9999998462120502 1.8779072718917729
# 4 20 20
531.000000000002 182 20 0.9999998469590686 1.898086306057255
# 4 20 20
532.000000000002 182 20 0.9999998478493973 1.918894823706459
# 4 20 20
533.000000000002 182 20 0.9999998487309373 1.9392104592540615
# 4 20 20
534.000000000002 182 20 0.9999998496761974 1.9579266531546178
# 4 20 20
535.000000000002 182 20 0.9999998502426428 1.9740183775740623
# 4 20 20
536.000000000002 182 20 0.9999998503861183 1.986605608796069
# 4 20 20
537.000000000002 182 20 0.9999998502800955 1.9950091508929375
# 4 20 20
538.000000000002 182 20 0.999999849984621 1.9987937399147722
# 4 20 20
539.000000000002 182 20 0.9999998495516383 1.9977944347537286
# 4 20 20
540.000000000002 182 20 0.9999998490450193 1.9921240031937848
# 4 20 20
541.000000000002 182 20 0.9999998485279765 1.9821610506891347
# 4 20 20
542.000000000002 182 20 0.9999998479890356 1.9685206451765518
# 4 20 20
543.000000000002 182 20 0.9999998471147409 1.952010826485915
# 4 20 20
544.000000000002 182 20 0.9999998449812105 1.933579415234628
# 4 20 20
545.0000000000022 182 20 0.9999998420769503 1.914255875556283
# 4 20 20
546.0000000000022 182 20 0.9999998397061931 1.8950925939631074
# 4 20 20
547.0000000000022 182 20 0.999999836516582 1.8771092374214928
# 4 20 20
548.0000000000022 182 20 0.9999998342886818 1.861242821580162
# 4 20 20
549.0000000000022 182 20 0.9999998327221477 1.848304993568365
# 4 20 20
550.0000000000022 182 20 0.9999998316797255 1.8389473019162346
# 4 20 20
551.0000000000022 182 20 0.999999831066983 1.833634577243881
# 4 20 20
552.000000000002 182 20 0.9999998308140677 1.8326263475172206
# 4 20 20
553.0000000000022 182 20 0.9999998308441784 1.8359662266594243
# 4 20 20
554.0000000000022 182 20 0.99999983117039 1.843479416861695
# 4 20 20
555.0000000000022 182 20 0.9999998317917224 1.8547787287445887
# 4 20 20
556.0000000000022 182 20 0.9999998326312562 1.8692797004480297
# 4 20 20
557.0000000000022 182 20 0.9999998334814669 1.8862253816025631
# 4 20 20
558.0000000000022 182 20 0.9999998342032594 1.9047210307077427
# 4 20 20
559.0000000000022 182 20 0.9999998349086199 1.923778318004472
# 4 20 20
560.0000000000022 182 20 0.9999998356265632 1.9423676788258897
# 4 20 20
561.0000000000022 182 20 0.999999836638193 1.9594762848033482
# 4 20 20
562.0000000000023 182 20 0.9999998376149748 1.9741680204599277
# 4 20 20
563.0000000000022 182 20 0.9999998383352728 1.9856410116621934
# 4 20 20
564.0000000000022 182 20 0.9999998389557768 1.993277892157229
# 4 20 20
565.0000000000022 182 20 0.9999998396302936 1.996684370788031
# 4 20 20
566.0000000000022 182 20 0.9999998405433781 1.9957126466059567
# 4 20 20
567.0000000000022 182 20 0.9999998417992824 1.9904677369221369
# 4 20 20
568.0000000000022 182 20 0.9999998433358198 1.9812965631313926
# 4 20 20
569.0000000000022 182 20 0.9999998450064234 1.9687613763738319
# 4 20 20
570.0000000000023 182 20 0.9999998465143882 1.9536005139518418
# 4 20 20
571.0000000000023 182 20 0.9999998471507032 1.9366803807810178
# 4 20 20
572.0000000000023 182 20 0.9999998467527966 1.9189428085784692
# 4 20 20
573.0000000000023 182 20 0.9999998459797173 1.9013516686186878
# 4 20 20
574.0000000000023 182 20 0.9999998435520578 1.8848420384241844
# 4 20 20
575.0000000000023 182 20 0.9999998414269385 1.870274287334334
# 4 20 20
576.0000000000023 182 20 0.999999839768785 1.8583945165016624
# 4 20 20
577.0000000000023 182 20 0.9999998384967944 1.8498021705301606
# 4 20 20
578.0000000000023 188 20 0.9999998375317478 1.8449250459334345
# 4 20 20
579.0000000000023 188 20 0.9999998368271364 1.844001747095285
# 4 20 20
580.0000000000023 188 20 0.9999998362257695 1.8470716362794553
# 4 20 20
581.0000000000023 200 20 0.9999998356106617 1.8539724743677484
# 4 20 20
582.0000000000023 206 20 0.9999998348125075 1.8643461487715736
# 4 20 20
583.0000000000023 206 20 0.9999998337082148 1.8776529956993093
# 4 20 20
584.0000000000023 206 20 0.9999998322824389 1.8931951622459566
# 4 20 20
585.0000000000023 206 20 0.9999998315577766 1.9101491136653899
# 4 20 20
586.0000000000023 206 20 0.9999998317006579 1.9276067877733691
# 4 20 20
587.0000000000024 206 20 0.9999998325737167 1.9446239845671922
# 4 20 20
588.0000000000024 206 20 0.9999998342069054 1.9602735964566849
# 4 20 20
589.0000000000024 206 20 0.9999998360664533 1.9737003214579805
# 4 20 20
590.0000000000023 206 20 0.9999998377304876 1.9841728308366753
# 4 20 20
591.0000000000023 206 20 0.999999839289125 1.9911291029896239
# 4 20 20
592.0000000000023 206 20 0.9999998408900677 1.9942110287680896
# 4 20 20
593.0000000000023 206 20 0.9999998427986608 1.993285290570067
# 4 20 20
594.0000000000023 206 20 0.9999998453035943 1.98844886716575
# 4 20 20
595.0000000000024 206 20 0.9999998487291257 1.980019070292942
# 4 20 20
596.0000000000024 206 20 0.9999998534200043 1.9685095344522352
# 4 20 20
597.0000000000024 206 20 0.9999998591356355 1.9545948101427406
# 4 20 20
598.0000000000024 206 20 0.9999998634879236 1.939066986417066
# 4 20 20
599.0000000000024 206 20 0.9999998660383714 1.9227879427077526
# 4 20 20
600.0000000000024 206 20 0.9999998670030532 1.9066408028630628
# 4 20 20
601.0000000000024 206 20 0.9999998651971629 1.8914834259764557
# 4 20 20
602.0000000000024 206 20 0.9999998621493121 1.8781061545635271
# 4 20 20
603.0000000000024 206 20 0.9999998578420635 1.867195168429606
# 4 20 20
604.0000000000024 206 20 0.9999998524335929 1.8593022860224233
# 4 20 20
605.0000000000024 206 20 0.9999998467895213 1.8548215230054814
# 4 20 20
606.0000000000024 206 20 0.999999841268635 1.85397256499334
# 4 20 20
607.0000000000024 206 20 0.9999998359561394 1.8567912761207228
# 4 20 20
608.0000000000024 206 20 0.999999830947383 1.8631274818158823
# 4 20 20
609.0000000000024 200 20 0.9999998261920894 1.872650406361661
# 4 20 20
610.0000000000024 200 20 0.9999998214445155 1.8848622041436138
# 4 20 20
611.0000000000024 194 20 0.9999998174138098 1.8991199180343747
# 4 20 20
612.0000000000025 194 20 0.9999998148885405 1.9146658718598328
# 4 20 20
613.0000000000025 194 20 0.9999998132481572 1.9306659042817294
# 4 20 20
614.0000000000025 194 20 0.9999998122305384 1.9462540394035834
# 4 20 20
615.0000000000025 182 20 0.9999998120900994 1.960581330936073
# 4 20 20
616.0000000000024 182 20 0.9999998126087398 1.972865780680154
# 4 20 20
617.0000000000024 182 20 0.9999998134687518 1.982439683376528
# 4 20 20
618.0000000000024 182 20 0.9999998148064588 1.988790585286694
# 4 20 20
619.0000000000024 182 20 0.9999998168771356 1.991592419185441
# 4 20 20
620.0000000000025 182 20 0.999999820204019 1.9907242069343942
# 4 20 20
621.0000000000025 182 20 0.9999998254634715 1.986274914434586
# 4 20 20
622.0000000000025 182 20 0.9999998338371086 1.9785344045101056
# 4 20 20
623.0000000000025 182 20 0.9999998435165417 1.9679717814427569
# 4 20 20
624.0000000000025 182 20 0.9999998531964174 1.9552034095184712
# 4 20 20
625.0000000000025 182 20 0.9999998613188799 1.9409536654411643
# 4 20 20
626.0000000000025 182 20 0.9999998668319153 1.926011649259544
# 4 20 20
627.0000000000025 182 20 0.9999998694447424 1.9111869412005371
# 4 20 20
628.0000000000025 182 20 0.9999998683859517 1.8972670165362442
# 4 20 20
629.0000000000025 182 20 0.9999998653864672 1.884978326819336
# 4 20 20
630.0000000000025 182 20 0.9999998609733147 1.874952340753144
# 4 20 20
631.0000000000025 182 20 0.9999998553374699 1.867697391729149
# 4 20 20
632.0000000000025 182 20 0.9999998484038101 1.863576709398249
# 4 20 20
633.0000000000025 182 20 0.999999840031474 1.862792867145722
# 4 20 20
634.0000000000025 182 20 0.999999831105852 1.8653788338643635
# 4 20 20
635.0000000000025 182 20 0.9999998217850559 1.871195904481189
# 4 20 20
636.0000000000025 182 20 0.9999998129530769 1.8799388461379205
# 4 20 20
637.0000000000026 182 20 0.9999998054085707 1.8911486535668418
# 4 20 20
638.0000000000026 182 20 0.9999997996105849 1.9042331506537244
# 4 20 20
639.0000000000026 182 20 0.9999997954624229 1.9184953478098261
# 4 20 20
640.0000000000026 182 20 0.9999997922570159 1.9331689089251243
# 4 20 20
641.0000000000026 182 20 0.9999997897920709 1.947459357465813
# 4 20 20
642.0000000000026 182 20 0.9999997882945889 1.9605888830333016
# 4 20 20
643.0000000000025 182 20 0.9999997881052272 1.9718419006030703
# 4 20 20
644.0000000000025 182 20 0.9999997886680609 1.9806080667109358
# 4 20 20
645.0000000000026 182 20 0.9999997904131364 1.9864193506456622
# 4 20 20
646.0000000000026 182 20 0.9999997939194606 1.9889781268950237
# 4 20 20
647.0000000000026 182 20 0.9999998005553787 1.9881739998145833
# 4 20 20
648.0000000000026 182 20 0.9999998110291077 1.9840881456951143
# 4 20 20
649.0000000000026 182 20 0.9999998223349202 1.9769851508857954
# 4 20 20
650.0000000000026 182 20 0.9999998341696048 1.9672934346897002
# 4 20 20
651.0000000000026 182 20 0.999999844571493 1.955576386481474
# 4 20 20
652.0000000000026 182 20 0.9999998551960149 1.942496807639687
# 4 20 20
653.0000000000027 182 20 0.9999998637564379 1.9287776248742656
# 4 20 20
654.0000000000026 182 20 0.9999998685362009 1.9151615155561683
# 4 20 20
655.0000000000026 182 20 0.9999998693363452 1.9023718660618452
# 4 20 20
656.0000000000026 182 20 0.9999998667879301 1.8910768820795227
# 4 20 20
657.0000000000026 182 20 0.9999998624833875 1.8818581195184305
# 4 20 20
658.0000000000026 182 20 0.9999998568965458 1.8751842315288623
# 4 20 20
659.0000000000026 182 20 0.9999998501161085 1.8713903923733202
# 4 20 20
660.0000000000026 182 20 0.9999998420349977 1.8706636798501057
# 4 20 20
661.0000000000026 182 20 0.9999998338533216 1.873034653833208
# 4 20 20
662.0000000000027 182 20 0.9999998254853285 1.8783754230052572
# 4 20 20
663.0000000000027 182 20 0.9999998172870904 1.886404510534227
# 4 20 20
664.0000000000027 182 20 0.9999998096563412 1.8966988523482087
# 4 20 20
665.0000000000027 182 20 0.9999998028245904 1.9087130893530473
# 4 20 20
666.0000000000027 182 20 0.9999997969793037 1.9218059883973737
# 4 20 20
667.0000000000027 182 20 0.9999997921815623 1.9352733138149412
# 4 20 20
668.0000000000027 182 20 0.9999997883169971 1.9483858224357542
# 4 20 20
669.0000000000027 182 20 0.9999997857224987 1.960430366571626
# 4 20 20
670.0000000000027 182 20 0.999999785061722 1.9707515011199301
# 4 20 20
671.0000000000027 182 20 0.999999785935268 1.9787906138651177
# 4 20 20
672.0000000000027 182 20 0.9999997889986231 1.984119543046388
# 4 20 20
673.0000000000027 182 20 0.9999997955603215 1.986465988543269
# 4 20 20
674.0000000000027 182 20 0.9999998047158292 1.9857287186734145
# 4 20 20
675.0000000000027 182 20 0.9999998154321312 1.981981491281498
# 4 20 20
676.0000000000027 182 20 0.9999998272573887 1.9754656861903475
# 4 20 20
677.0000000000027 182 20 0.9999998403998218 1.966572656345743
# 4 20 20
678.0000000000028 182 20 0.9999998544380831 1.9558176293381226
# 4 20 20
679.0000000000028 182 20 0.9999998661710221 1.9438075059810243
# 4 20 20
680.0000000000028 182 20 0.9999998772841615 1.9312050649128802
# 4 20 20
681.0000000000027 182 20 0.9999998848836643 1.9186921405768338
# 4 20 20
682.0000000000026 182 20 0.9999998873483182 1.9069337754106102
# 4 20 20
683.0000000000026 182 20 0.9999998858282021 1.8965450929059904
# 4 20 20
684.0000000000025 182 20 0.9999998818151347 1.8880621116909357
# 4 20 20
685.0000000000024 182 20 0.9999998762297593 1.8819172712682473
# 4 20 20
686.0000000000023 182 20 0.9999998692628701 1.8784201656797974
# 4 20 20
687.0000000000023 182 20 0.9999998612347696 1.8777438145933192
# 4 20 20
688.0000000000022 182 20 0.9999998532254786 1.8799167486681536
# 4 20 20
689.0000000000022 188 20 0.999999844974021 1.8848212022013546
# 4 20 20
690.000000000002 194 20 0.9999998365844469 1.8921977052143655
# 4 20 20
691.000000000002 206 20 0.9999998282743928 1.9016563527133203
# 4 20 20
692.0000000000019 206 20 0.9999998203012422 1.912694846083398
# 4 20 20
693.0000000000018 206 20 0.9999998130162417 1.9247230849889057
# 4 20 20
694.0000000000017 206 20 0.9999998069626715 1.9370936136305985
# 4 20 20
695.0000000000017 206 20 0.99999980208561 1.9491366470417295
# 4 20 20
696.0000000000016 206 20 0.9999997986130706 1.960197790919247
# 4 20 20
697.0000000000016 206 20 0.999999797309861 1.9696760684190473
# 4 20 20
698.0000000000015 206 20 0.9999997982822242 1.9770595627962657
# 4 20 20
699.0000000000015 206 20 0.9999998025510507 1.981955956512027
# 4 20 20
700.0000000000014 206 20 0.9999998093888344 1.9841155825690817
# 4 20 20
701.0000000000013 206 20 0.9999998183945259 1.9834452052300755
# 4 20 20
702.0000000000013 206 20 0.9999998290564323 1.9800116023632888
# 4 20 20
703.0000000000011 206 20 0.9999998409527966 1.9740349471519774
# 4 20 20
704.000000000001 206 20 0.9999998543187557 1.965872880562157
# 4 20 20
705.000000000001 206 20 0.9999998691678837 1.955996894451245
# 4 20 20
706.000000000001 206 20 0.9999998829232247 1.9449631075849376
# 4 20 20
707.0000000000009 206 20 0.9999998945559079 1.9333796790043491
# 4 20 20
708.0000000000008 206 20 0.9999999031469059 1.9218730976824836
# 4 20 20
709.0000000000007 206 20 0.9999999062407608 1.9110552752436327
# 4 20 20
710.0000000000007 206 20 0.999999904883247 1.9014929408614971
# 4 20 20
711.0000000000006 206 20 0.9999999003513513 1.8936805546044058
# 4 20 20
712.0000000000005 206 20 0.9999998936785922 1.8880174868421709
# 4 20 20
713.0000000000005 206 20 0.999999885117198 1.884789984069822
# 4 20 20
714.0000000000005 206 20 0.999999875182285 1.8841582839023268
# 4 20 20
715.0000000000003 206 20 0.9999998652496886 1.8861491808994224
# 4 20 20
716.0000000000002 206 20 0.999999855188169 1.8906543382829646
# 4 20 20
717.0000000000001 200 20 0.9999998451904146 1.8974346145759136
# 4 20 20
718.0000000000001 200 20 0.9999998355556352 1.9061306339601494
# 4 20 20
719.0 194 20 0.9999998264273093 1.916279640292329
# 4 20 20
719.9999999999999 188 20 0.9999998179360827 1.9273383700011677
# 4 20 20
720.9999999999999 182 20 0.9999998106920392 1.9387112425595445
# 4 20 20
721.9999999999998 182 20 0.9999998049405165 1.949782649886671
# 4 20 20
722.9999999999998 182 20 0.9999998008527397 1.9599515884274168
# 4 20 20
723.9999999999997 182 20 0.9999997993409497 1.9686664441706174
# 4 20 20
724.9999999999997 182 20 0.9999998010324537 1.975457501085239
# 4 20 20
725.9999999999995 182 20 0.9999998058703453 1.9799647379058187
# 4 20 20
726.9999999999994 182 20 0.9999998133337451 1.9819587804704601
# 4 20 20
727.9999999999993 182 20 0.9999998230024507 1.981353437849963
# 4 20 20
728.9999999999993 182 20 0.9999998343050659 1.9782090024421317
# 4 20 20
729.9999999999992 182 20 0.9999998467744006 1.9727263143681242
# 4 20 20
730.9999999999992 182 20 0.9999998603850997 1.9652323815372101
# 4 20 20
731.9999999999991 182 20 0.9999998738698388 1.9561589891211175
# 4 20 20
732.9999999999991 182 20 0.9999998871528315 1.9460161311569382
# 4 20 20
733.999999999999 182 20 0.9999998998441302 1.9353623080113842
# 4 20 20
734.9999999999989 182 20 0.999999909869001 1.9247736585912687
# 4 20 20
735.9999999999987 182 20 0.999999914287107 1.9148136788764574
# 4 20 20
736.9999999999987 182 20 0.9999999137313224 1.9060049475670793
# 4 20 20
737.9999999999986 182 20 0.9999999095760128 1.8988039653760378
# 4 20 20
738.9999999999986 182 20 0.9999999028383298 1.8935798769778163
# 4 20 20
739.9999999999986 182 20 0.9999998939648248 1.8905975921768623
# 4 20 20
740.9999999999985 182 20 0.9999998835847388 1.8900056990928114
# 4 20 20
741.9999999999984 182 20 0.9999998730990178 1.891829485620263
# 4 20 20
742.9999999999983 182 20 0.9999998624174791 1.8959693619897422
# 4 20 20
743.9999999999983 182 20 0.9999998516983197 1.9022049308683273
# 4 20 20
744.9999999999982 182 20 0.9999998412919325 1.9102048904906863
# 4 20 20
745.9999999999981 182 20 0.9999998313714896 1.9195427664210887
# 4 20 20
746.9999999999981 182 20 0.9999998220777834 1.9297181747967356
# 4 20 20
747.999999999998 182 20 0.9999998141411236 1.9401829199949832
# 4 20 20
748.999999999998 182 20 0.9999998080520153 1.9503707663793006
# 4 20 20
749.9999999999978 182 20 0.9999998038503216 1.9597292532941426
# 4 20 20
750.9999999999977 182 20 0.999999802217753 1.9677515456274184
# 4 20 20
751.9999999999977 182 20 0.9999998039562049 1.9740061221778442
# 4 20 20
752.9999999999976 182 20 0.9999998089622162 1.9781621183691145
# 4 20 20
753.9999999999975 182 20 0.999999816740279 1.9800084140984162
# 4 20 20
754.9999999999974 182 20 0.9999998268437347 1.9794650726293417
# 4 20 20
755.9999999999974 182 20 0.9999998386116042 1.9765864023409598
# 4 20 20
756.9999999999974 182 20 0.9999998512556102 1.9715556423775782
# 4 20 20
757.9999999999973 182 20 0.9999998620225574 1.9646719772686576
# 4 20 20
758.9999999999973 182 20 0.9999998721264587 1.9563311218909138
# 4 20 20
759.9999999999972 182 20 0.9999998824093768 1.9470011650310866
# 4 20 20
760.999999999997 182 20 0.9999998929106717 1.9371954465421153
# 4 20 20
761.9999999999969 182 20 0.999999902154582 1.927444254235882
# 4 20 20
762.9999999999969 182 20 0.9999999069426133 1.9182669398498613
# 4 20 20
763.9999999999968 182 20 0.9999999070905342 1.9101457683798795
# 4 20 20
764.9999999999968 182 20 0.9999999034703962 1.9035025392794414
# 4 20 20
765.9999999999967 182 20 0.9999998969114476 1.8986787428420928
# 4 20 20
766.9999999999967 182 20 0.9999998880178848 1.8959197656050306
# 4 20 20
767.9999999999966 182 20 0.999999877570304 1.895363555832137
# 4 20 20
768.9999999999965 182 20 0.9999998669399462 1.897034075194015
# 4 20 20
769.9999999999964 182 20 0.9999998561271788 1.9008398234751556
# 4 20 20
770.9999999999964 182 20 0.9999998451965613 1.9065776620967683
# 4 20 20
771.9999999999962 182 20 0.9999998344043336 1.9139420835142706
# 4 20 20
772.9999999999962 182 20 0.9999998239264976 1.922539885635132
# 4 20 20
773.9999999999961 182 20 0.9999998139722428 1.9319099322120659
# 4 20 20
774.9999999999961 182 20 0.9999998054433494 1.9415473129617589
# 4 20 20
775.999999999996 182 20 0.9999997990762312 1.9509308032268164
# 4 20 20
776.9999999999959 182 20 0.9999997947962652 1.9595521101135003
# 4 20 20
777.9999999999958 182 20 0.9999997930042951 1.9669450646500686
# 4 20 20
778.9999999999958 182 20 0.9999997944759982 1.9727127694544033
# 4 20 20
779.9999999999957 182 20 0.9999997989855871 1.9765507405688236
# 4 20 20
780.9999999999957 182 20 0.9999998060087578 1.9782643326707618
# 4 20 20
781.9999999999956 182 20 0.9999998151198267 1.9777792054783734
# 4 20 20
782.9999999999956 182 20 0.9999998257542303 1.975144181269889
# 4 20 20
783.9999999999955 182 20 0.9999998352663519 1.9705264968230058
# 4 20 20
784.9999999999953 182 20 0.9999998434227464 1.9642000503259576
# 4 20 20
785.9999999999953 182 20 0.9999998510971899 1.9565277920895352
# 4 20 20
786.9999999999952 182 20 0.9999998588409421 1.9479397131268936
# 4 20 20
787.9999999999951 182 20 0.9999998663433819 1.9389080473274865
# 4 20 20
788.999999999995 182 20 0.9999998720444405 1.92992129195905
# 4 20 20
789.999999999995 182 20 0.9999998731176424 1.9214585060333709
# 4 20 20
790.999999999995 182 20 0.9999998698963389 1.913965104342568
# 4 20 20
791.9999999999949 182 20 0.9999998633770442 1.9078311282762581
# 4 20 20
792.9999999999949 182 20 0.9999998545242132 1.9033727348450835
# 4 20 20
793.9999999999947 182 20 0.9999998439326004 1.9008174197009282
# 4 20 20
794.9999999999947 182 20 0.9999998324151826 1.900293391090405
# 4 20 20
795.9999999999947 182 20 0.9999998212808151 1.9018234264018858
# 4 20 20
796.9999999999944 188 20 0.999999810411843 1.9053234906900798
# 4 20 20
797.9999999999944 194 20 0.9999997996918651 1.910606323167174
# 4 20 20
798.9999999999944 194 20 0.9999997890980252 1.917390106972651
# 4 20 20
799.9999999999943 206 20 0.9999997785977712 1.9253121506327413
# 4 20 20
800.9999999999943 206 20 0.9999997691885761 1.9339472460164444
# 4 20 20
801.9999999999941 206 20 0.9999997614628233 1.942830040763339
# 4 20 20
802.9999999999941 206 20 0.9999997551945696 1.951480375658915
# 4 20 20
803.9999999999941 206 20 0.9999997508689096 1.9594301802506184
# 4 20 20
804.9999999999939 206 20 0.9999997491755253 1.9662502589811206
# 4 20 20
805.9999999999939 206 20 0.9999997508583155 1.9715751496496008
# 4 20 20
806.9999999999939 206 20 0.9999997556522408 1.9751242882058138
# 4 20 20
807.9999999999937 206 20 0.9999997629879326 1.9767179458380681
# 4 20 20
808.9999999999937 206 20 0.9999997724112202 1.9762868281479165
# 4 20 20
809.9999999999935 206 20 0.9999997833539164 1.9738747542110813
# 4 20 20
810.9999999999935 206 20 0.9999997930814721 1.9696344151396743
# 4 20 20
811.9999999999935 206 20 0.9999998016306565 1.9638167399160045
# 4 20 20
812.9999999999933 206 20 0.9999998098591227 1.9567548933814498
# 4 20 20
813.9999999999933 206 20 0.9999998183105431 1.9488441988018472
# 4 20 20
814.9999999999933 206 20 0.9999998266715183 1.940519437123597
# 4 20 20
815.9999999999932 206 20 0.999999833340783 1.932230974416837
# 4 20 20
816.9999999999932 206 20 0.9999998355529346 1.9244210505780397
# 4 20 20
817.9999999999932 206 20 0.999999833667709 1.9175013575096664
# 4 20 20
818.999999999993 206 20 0.9999998286778469 1.9118328365536212
# 4 20 20
819.999999999993 206 20 0.9999998214539648 1.9077084077696125
# 4 20 20
820.9999999999927 206 20 0.9999998127360382 1.9053391449988635
# 4 20 20
821.9999999999927 206 20 0.9999998026226752 1.904844318446569
# 4 20 20
822.9999999999927 206 20 0.9999997921837653 1.906245631191031
# 4 20 20
823.9999999999926 206 20 0.9999997814012894 1.9094659252164077
# 4 20 20
824.9999999999926 206 20 0.9999997704297582 1.9143325413976466
# 4 20 20
825.9999999999926 200 20 0.9999997595343051 1.9205854221020424
# 4 20 20
826.9999999999924 194 20 0.9999997494224501 1.9278898601807768
# 4 20 20
827.9999999999924 194 20 0.999999741153781 1.935853555014065
# 4 20 20
828.9999999999922 188 20 0.9999997343759299 1.9440473303494574
# 4 20 20
829.9999999999922 182 20 0.9999997289702203 1.9520285187356525
# 4 20 20
830.9999999999922 182 20 0.9999997255280972 1.9593657213025566
# 4 20 20
831.999999999992 182 20 0.9999997245389536 1.9656634071193466
# 4 20 20
832.999999999992 182 20 0.9999997267894156 1.970584703113133
# 4 20 20
833.9999999999919 182 20 0.99999973203404 1.973870779195128
# 4 20 20
834.9999999999918 182 20 0.9999997397558662 1.9753554504579052
# 4 20 20
835.9999999999918 182 20 0.9999997495330879 1.9749740006844472
# 4 20 20
836.9999999999916 182 20 0.9999997601815669 1.9727657045822338
# 4 20 20
837.9999999999916 182 20 0.9999997691631516 1.9688700384518178
# 4 20 20
838.9999999999916 182 20 0.9999997770766084 1.9635170507858193
# 4 20 20
839.9999999999915 182 20 0.9999997845676817 1.9570128057046343
# 4 20 20
840.9999999999914 182 20 0.999999792285329 1.949721045973804
# 4 20 20
841.9999999999914 182 20 0.9999997999667234 1.9420423893895058
# 4 20 20
842.9999999999912 182 20 0.999999806198997 1.9343923690996319
# 4 20 20
843.9999999999912 182 20 0.9999998083175116 1.9271795399584701
# 4 20 20
844.9999999999912 182 20 0.9999998065482906 1.9207846993752016
# 4 20 20
845.999999999991 182 20 0.9999998017519709 1.915542092192252
# 4 20 20
846.999999999991 182 20 0.9999997946143598 1.9117232969730495
# 4 20 20
847.9999999999908 182 20 0.9999997859377027 1.9095242932044465
# 4 20 20
848.9999999999908 182 20 0.9999997759158311 1.909056131473432
# 4 20 20
849.9999999999908 182 20 0.9999997656048444 1.910339528802069
# 4 20 20
850.9999999999907 182 20 0.9999997549966139 1.9133036545076618
# 4 20 20
851.9999999999907 182 20 0.9999997442149413 1.9177892740604046
# 4 20 20
852.9999999999907 182 20 0.9999997334460349 1.9235563170520673
# 4 20 20
853.9999999999905 182 20 0.9999997237630757 1.9302957537716905
# 4 20 20
854.9999999999905 182 20 0.9999997157749205 1.9376454412190207
# 4 20 20
855.9999999999902 182 20 0.9999997092303208 1.9452093086697122
# 4 20 20
856.9999999999902 182 20 0.9999997041204913 1.9525789542906662
# 4 20 20
857.9999999999902 182 20 0.9999997011520683 1.9593564528997742
# 4 20 20
858.9999999999901 182 20 0.9999997005572623 1.965176968680468
# 4 20 20
859.9999999999901 182 20 0.999999702976324 1.969729673709451
# 4 20 20
860.9999999999901 182 20 0.9999997082207828 1.9727755265130336
# 4 20 20
861.9999999999899 182 20 0.9999997158045173 1.974160674142556
# 4 20 20
862.9999999999899 182 20 0.9999997253715025 1.9738245785462478
# 4 20 20
863.9999999999899 182 20 0.9999997352335116 1.9718023973500853
# 4 20 20
864.9999999999897 182 20 0.9999997437428998 1.9682215983546156
# 4 20 20
865.9999999999897 182 20 0.9999997513515453 1.9632932362067328
# 4 20 20
866.9999999999895 182 20 0.9999997585999854 1.9572986920767665
# 4 20 20
867.9999999999895 182 20 0.9999997660098274 1.9505729094512465
# 4 20 20
868.9999999999895 182 20 0.9999997732807486 1.9434853073721836
# 4 20 20
869.9999999999893 182 20 0.9999997790772972 1.9364195617109579
# 4 20 20
870.9999999999893 182 20 0.9999997808887569 1.9297533737881956
# 4 20 20
871.9999999999893 182 20 0.9999997789294167 1.9238392021635904
# 4 20 20
872.9999999999891 182 20 0.9999997742164385 1.9189867716572515
# 4 20 20
873.9999999999891 182 20 0.9999997672913866 1.9154480371372629
# 4 20 20
874.999999999989 182 20 0.9999997589273968 1.91340508573975
# 4 20 20
875.999999999989 182 20 0.9999997493079887 1.9129613960944225
# 4 20 20
876.999999999989 182 20 0.9999997393072764 1.9141367709432942
# 4 20 20
877.9999999999887 182 20 0.9999997290133105 1.9168661962208025
# 4 20 20
878.9999999999887 182 20 0.9999997185623545 1.9210027802077192
# 4 20 20
879.9999999999887 182 20 0.9999997081105719 1.9263248181049955
# 4 20 20
880.9999999999885 182 20 0.9999996992410362 1.9325468523721245
# 4 20 20
881.9999999999885 182 20 0.9999996918387092 1.9393343954484399
# 4 20 20
882.9999999999885 182 20 0.9999996856759154 1.9463216992465144
# 4 20 20
883.9999999999884 182 20 0.9999996808162921 1.9531317105338921
# 4 20 20
884.9999999999884 182 20 0.9999996780346535 1.9593970953140192
# 4 20 20
885.9999999999882 182 20 0.9999996775084204 1.9647810442380227
# 4 20 20
886.9999999999882 182 20 0.9999996796487071 1.9689964946244638
# 4 20 20
887.9999999999882 182 20 0.9999996843552895 1.971822457675059
# 4 20 20
888.999999999988 182 20 0.9999996911314393 1.973116337399074
# 4 20 20
889.999999999988 182 20 0.9999996996751818 1.9728214276109528
# 4 20 20
890.999999999988 182 20 0.9999997086895293 1.9709691621627459
# 4 20 20
891.9999999999878 182 20 0.9999997165283238 1.9676760959005233
# 4 20 20
892.9999999999878 182 20 0.9999997237185545 1.9631359908581731
# 4 20 20
893.9999999999876 182 20 0.9999997307847089 1.9576077252257709
# 4 20 20
894.9999999999876 182 20 0.9999997381398134 1.951399949876287
# 4 20 20
895.9999999999876 182 20 0.9999997453048016 1.944853559369499
# 4 20 20
896.9999999999874 182 20 0.9999997508508597 1.9383230594640155
# 4 20 20
897.9999999999874 182 20 0.9999997523690537 1.9321578587613917
# 4 20 20
898.9999999999874 182 20 0.9999997502214834 1.9266843898640629
# 4 20 20
899.9999999999873 182 20 0.9999997454192893 1.9221898302021203
# 4 20 20
900.9999999999872 182 20 0.9999997385625908 1.9189080679500303
# 4 20 20
901.9999999999872 182 20 0.9999997303510517 1.9170083864811938
# 4 20 20
902.999999999987 182 20 0.9999997212551927 1.9165872758469773
# 4 20 20
903.999999999987 182 20 0.9999997114524195 1.9176636834814729
# 4 20 20
904.9999999999868 182 20 0.9999997013892655 1.9201779391567722
# 4 20 20
905.9999999999868 194 20 0.9999996914362888 1.9239945013483735
# 4 20 20
906.9999999999868 194 20 0.999999683009398 1.9289085465230937
# 4 20 20
907.9999999999866 206 20 0.9999996758410837 1.9346562742742683
# 4 20 20
908.9999999999866 206 20 0.9999996696429143 1.94092857623319
# 4 20 20
909.9999999999866 206 20 0.9999996641490714 1.9473875034321044
# 4 20 20
910.9999999999865 206 20 0.9999996594810538 1.953684712969824
# 4 20 20
911.9999999999865 206 20 0.9999996564105352 1.9594808620450126
# 4 20 20
912.9999999999862 206 20 0.9999996557326165 1.9644647668032174
# 4 20 20
913.9999999999862 206 20 0.9999996575045955 1.968371083238629
# 4 20 20
914.9999999999862 206 20 0.9999996618496538 1.9709953221781102
# 4 20 20
915.999999999986 206 20 0.9999996683586467 1.9722051873365845
# 4 20 20
916.999999999986 206 20 0.9999996767942214 1.971947502446018
# 4 20 20
917.999999999986 206 20 0.9999996867542569 1.9702503399774562
# 4 20 20
918.9999999999859 206 20 0.9999996962369279 1.967220331686323
# 4 20 20
919.9999999999859 206 20 0.9999997050395671 1.9630354827722825
# 4 20 20
920.9999999999859 206 20 0.9999997135617132 1.9579341337033327
# 4 20 20
921.9999999999857 206 20 0.9999997220332475 1.9522009040912816
# 4 20 20
922.9999999999857 206 20 0.9999997298784683 1.9461505787911355
# 4 20 20
923.9999999999854 206 20 0.9999997356924791 1.9401109227440385
# 4 20 20
924.9999999999854 206 20 0.9999997372921478 1.934405369174778
# 4 20 20
925.9999999999854 206 20 0.9999997352599839 1.9293364211478048
# 4 20 20
926.9999999999853 206 20 0.9999997304983299 1.925170498235791
# 4 20 20
927.9999999999853 206 20 0.9999997237281418 1.922124835536082
# 4 20 20
928.9999999999853 206 20 0.9999997156270003 1.9203569004850916
# 4 20 20
929.9999999999851 206 20 0.9999997066803654 1.9199567230367942
# 4 20 20
930.9999999999851 206 20 0.9999996970898956 1.9209424433631
# 4 20 20
931.9999999999849 206 20 0.9999996872669337 1.923259300355697
# 4 20 20
932.9999999999849 200 20 0.9999996781748554 1.9267821929085662
# 4 20 20
933.9999999999849 200 20 0.9999996704130026 1.9313218279715232
# 4 20 20
934.9999999999848 200 20 0.9999996638227768 1.9366343106370956
# 4 20 20
935.9999999999848 194 20 0.9999996582345115 1.9424338425956387
# 4 20 20
936.9999999999848 182 20 0.999999653454805 1.9484079843611655
# 4 20 20
937.9999999999845 182 20 0.9999996496263046 1.9542347150766803
# 4 20 20
938.9999999999845 182 20 0.9999996475381889 1.9596003341774513
# 4 20 20
939.9999999999845 182 20 0.999999647785913 1.964217119300796
# 4 20 20
940.9999999999843 182 20 0.9999996502162507 1.9678396070145678
# 4 20 20
941.9999999999843 182 20 0.9999996549974145 1.9702784143699066
# 4 20 20
942.9999999999842 182 20 0.9999996617242584 1.9714106886949065
# 4 20 20
943.9999999999842 182 20 0.9999996701499512 1.9711865174098233
# 4 20 20
944.9999999999842 182 20 0.999999679847834 1.969630945361604
# 4 20 20
945.999999999984 182 20 0.9999996887458009 1.9668415767207144
# 4 20 20
946.999999999984 182 20 0.9999996967484689 1.9629820443482011
# 4 20 20
947.999999999984 182 20 0.999999704200686 1.95827192507139
# 4 20 20
948.9999999999837 182 20 0.9999997113847979 1.9529738488176456
# 4 20 20
949.9999999999837 182 20 0.9999997178680448 1.9473786725890259
# 4 20 20
950.9999999999836 182 20 0.9999997225218208 1.9417896180767715
# 4 20 20
951.9999999999836 182 20 0.9999997233584283 1.9365062427042372
# 4 20 20
952.9999999999835 182 20 0.9999997208994843 1.931809026263067
# 4 20 20
953.9999999999834 182 20 0.9999997162408953 1.9279452565541269
# 4 20 20
954.9999999999834 182 20 0.9999997097786776 1.925116801724838
# 4 20 20
955.9999999999834 182 20 0.9999997020653041 1.9234702117884241
# 4 20 20
956.9999999999832 182 20 0.9999996935544228 1.9230895360618978
# 4 20 20
957.9999999999832 182 20 0.9999996844289879 1.9239921494083385
# 4 20 20
958.9999999999832 182 20 0.9999996750344622 1.926127799276377
# 4 20 20
959.9999999999831 182 20 0.9999996654845518 1.9293809941463178
# 4 20 20
960.999999999983 182 20 0.999999657333642 1.9335767307064027
# 4 20 20
961.9999999999828 182 20 0.9999996504389401 1.9384894239530133
# 4 20 20
962.9999999999828 182 20 0.9999996446532688 1.943854702359947
# 4 20 20
963.9999999999828 182 20 0.9999996398390717 1.949383556912422
# 4 20 20
964.9999999999826 182 20 0.999999636209991 1.9547781252344762
# 4 20 20
965.9999999999826 182 20 0.9999996345867675 1.9597482259510761
# 4 20 20
966.9999999999826 182 20 0.9999996351785898 1.9640276460773844
# 4 20 20
967.9999999999824 182 20 0.9999996377893402 1.9673891463492224
# 4 20 20
968.9999999999824 182 20 0.9999996426452568 1.9696571971330261
# 4 20 20
969.9999999999823 182 20 0.9999996493555722 1.9707176211437203
# 4 20 20
970.9999999999823 182 20 0.9999996576383127 1.9705235323375678
# 4 20 20
971.9999999999823 182 20 0.9999996670883811 1.969097249147838
# 4 20 20
972.999999999982 182 20 0.9999996757766509 1.9665281563980168
# 4 20 20
973.999999999982 182 20 0.9999996835523156 1.962966765777305
# 4 20 20
974.999999999982 182 20 0.9999996906396181 1.9586154927270762
# 4 20 20
975.9999999999818 182 20 0.999999697275559 1.9537168238347489
# 4 20 20
976.9999999999818 182 20 0.999999703132586 1.948539664111935
# 4 20 20
977.9999999999818 182 20 0.9999997072518853 1.9433646856177014
# 4 20 20
978.9999999999817 182 20 0.999999707773632 1.9384694777399396
# 4 20 20
979.9999999999817 182 20 0.9999997051718622 1.9341142284475428
# 4 20 20
980.9999999999815 182 20 0.999999700553326 1.9305285755905224
# 4 20 20
981.9999999999815 182 20 0.9999996943654265 1.9279001925794845
# 4 20 20
982.9999999999815 182 20 0.9999996869791383 1.926365531789915
# 4 20 20
