# vmf_atol: 1e-07 | ps2_atol: 1e-07 | ps2_ratio: 2.0 | ode_method: dopri5 | ode_atol: 1e-07 | ode_rtol: 1e-05 | vmf_reg_method: extend | vmf_reg_type: ip | cache_svd_info: True
# frame = {Node('[H]0'): [End('[H]i'), End('[H]j'), Node('[H]3')], Node('[H]3'): [Node('[H]0'), Node('[H]2'), Node('[H]1')], Node('[H]2'): [Node('[H]3'), End('[H]0-2'), End('[H]0-3')], Node('[H]1'): [Node('[H]3'), End('[H]0-0'), End('[H]0-1')]}
# time ode_steps max_rank tr norm
# # ([H]0)-([H]3) ([H]3)-([H]1) ([H]3)-([H]2)
0.0 0 20 1.0 1.0
# 20 20 20
1.0 110 20 1.0000000000008196 1.0036316468026334
# 20 20 20
2.0 50 20 0.9999999999922967 1.0142652902172404
# 20 20 20
3.0 56 20 0.9999999999915008 1.0311970798443002
# 20 20 20
4.0 62 20 0.9999999999913112 1.0533879126820083
# 20 20 20
5.000000000000001 74 20 0.999999999991264 1.0795808852341162
# 20 20 20
6.0 80 20 0.9999999999913203 1.1084043595883346
# 20 20 20
7.000000000000001 74 20 0.9999999999924631 1.1384421971315632
# 20 20 20
8.0 74 20 0.9999999999952767 1.1682784359084026
# 20 20 20
9.0 74 20 0.9999999999981454 1.196538564869659
# 20 20 20
10.000000000000002 74 20 1.0000000000046143 1.221949083786026
# 20 20 20
11.0 68 20 1.0000000000152551 1.243424634242546
# 20 20 20
12.0 56 20 1.0000000000280376 1.2601747233620033
# 20 20 20
13.000000000000002 50 20 1.000000000024405 1.2718071452552488
# 20 20 20
14.000000000000002 50 20 0.9999999999726668 1.278397885483073
# 20 20 20
15.000000000000002 38 20 0.9999999998419878 1.2804998455170005
# 20 20 20
16.0 32 20 0.9999999996272384 1.2790743055970104
# 20 20 20
17.0 32 20 0.999999999344962 1.275346446737326
# 20 20 20
18.0 32 20 0.9999999990633446 1.2706052002683843
# 20 20 20
19.000000000000004 32 20 0.999999998975833 1.2659839042703653
# 20 20 20
20.000000000000004 32 20 0.999999999287932 1.2622677227639882
# 20 20 20
21.000000000000004 26 20 0.9999999997491157 1.259772861471982
# 20 20 20
22.0 26 20 1.0000000001811737 1.2583290794658772
# 20 20 20
23.0 26 20 1.0000000004593401 1.2573724022591974
# 20 20 20
24.0 26 20 1.0000000006406378 1.2561259751670935
# 20 20 20
25.000000000000004 26 20 1.0000000007817522 1.2538233998835826
# 20 20 20
26.000000000000004 26 20 1.0000000009192869 1.2499187586940095
# 20 20 20
27.000000000000004 26 20 1.0000000010109644 1.244233461139621
# 20 20 20
28.000000000000004 26 20 1.0000000009926238 1.2370088331083504
# 20 20 20
29.000000000000004 26 20 1.0000000008725336 1.2288583097555157
# 20 20 20
30.000000000000004 20 20 1.000000000954766 1.2206369769480756
# 20 20 20
31.000000000000004 20 20 1.0000000018155637 1.2132634756297773
# 20 20 20
32.0 20 20 1.0000000040442958 1.20753698361041
# 20 20 20
33.0 20 20 1.0000000088662189 1.2039896648651809
# 20 20 20
34.0 20 20 1.000000018678643 1.202804172157531
# 20 20 20
35.0 20 20 1.0000000344157938 1.2038096477415043
# 20 20 20
36.0 20 20 1.0000000539350746 1.2065523780411895
# 20 20 20
37.0 20 20 1.0000000739092003 1.2104228334449112
# 20 20 20
38.00000000000001 20 20 1.0000000897182852 1.2148116433759557
# 20 20 20
39.00000000000001 20 20 1.0000000980651063 1.2192633316828245
# 20 20 20
40.00000000000001 20 20 1.0000001028009105 1.2235973209025748
# 20 20 20
41.00000000000001 20 20 1.0000001074877387 1.2279699296053102
# 20 20 20
42.00000000000001 20 20 1.0000001108735797 1.232858878085336
# 20 20 20
43.00000000000001 20 20 1.0000001150763689 1.238963854674744
# 20 20 20
44.0 20 20 1.0000001220909684 1.2470331471327407
# 20 20 20
44.99999999999999 20 20 1.0000001299369365 1.2576455277329894
# 20 20 20
45.99999999999999 20 20 1.0000001350944183 1.2709937476928732
# 20 20 20
46.99999999999999 20 20 1.0000001345961924 1.2867238895675235
# 20 20 20
47.999999999999986 20 20 1.0000001305911295 1.3038772436809423
# 20 20 20
48.99999999999998 20 20 1.0000001279621764 1.3209581914978132
# 20 20 20
49.99999999999997 20 20 1.0000001276728263 1.3361204475924757
# 20 20 20
50.999999999999964 20 20 1.0000001273601167 1.34743610234826
# 20 20 20
51.999999999999964 20 20 1.0000001262328162 1.3531951854682982
# 20 20 20
52.99999999999996 20 20 1.0000001257152147 1.3521798003641818
# 20 20 20
53.999999999999964 20 20 1.0000001268659533 1.3438640452285489
# 20 20 20
54.99999999999996 20 20 1.0000001294937322 1.3285058627937625
# 20 20 20
55.99999999999995 20 20 1.0000001325312582 1.3071168194940495
# 20 20 20
56.99999999999994 20 20 1.000000133590662 1.2813175552369893
# 20 20 20
57.999999999999936 20 20 1.0000001309159625 1.2531066510094582
# 20 20 20
58.999999999999936 20 20 1.0000001253596853 1.2245854631433564
# 20 20 20
59.99999999999993 20 20 1.000000120892786 1.1976885927260297
# 20 20 20
60.99999999999992 20 20 1.0000001223159243 1.1739677740382126
# 20 20 20
61.999999999999915 20 20 1.0000001311203572 1.1544657580544386
# 20 20 20
62.99999999999991 20 20 1.0000001451896303 1.1396972318967056
# 20 20 20
63.999999999999915 20 20 1.000000160925934 1.1297295084493317
# 20 20 20
64.99999999999991 20 20 1.0000001760207438 1.1243330773379563
# 20 20 20
65.9999999999999 20 20 1.0000001872794242 1.1231579668184697
# 20 20 20
66.9999999999999 20 20 1.0000001925562643 1.1258897601476106
# 20 20 20
67.9999999999999 20 20 1.0000001937059286 1.1323478133905274
# 20 20 20
68.99999999999989 20 20 1.000000193776624 1.1425038115641115
# 20 20 20
69.99999999999989 20 20 1.0000001945880586 1.156417612778472
# 20 20 20
70.99999999999987 20 20 1.0000001959392377 1.1741067844448771
# 20 20 20
71.99999999999987 20 20 1.0000001971792218 1.1953834763975566
# 20 20 20
72.99999999999987 20 20 1.0000001982191558 1.2197030413330308
# 20 20 20
73.99999999999987 20 20 1.000000199066929 1.2460686752576282
# 20 20 20
74.99999999999987 20 20 1.0000001989070963 1.2730239439175337
# 20 20 20
75.99999999999986 20 20 1.000000197497105 1.2987440712385272
# 20 20 20
76.99999999999986 20 20 1.0000001964104588 1.3212143407734263
# 20 20 20
77.99999999999984 20 20 1.000000196766146 1.3384661406747922
# 20 20 20
78.99999999999984 20 20 1.000000197595904 1.3488308984517874
# 20 20 20
79.99999999999984 20 20 1.0000001976833846 1.351169404884818
# 20 20 20
80.99999999999983 20 20 1.0000001972818233 1.345038035917736
# 20 20 20
81.99999999999983 20 20 1.0000001962015324 1.3307635466524255
# 20 20 20
82.99999999999983 20 20 1.0000001926559938 1.3094133483649477
# 20 20 20
83.99999999999983 20 20 1.0000001864301313 1.2826661454091828
# 20 20 20
84.99999999999982 20 20 1.000000179358802 1.2526050023417772
# 20 20 20
85.99999999999983 20 20 1.000000174018418 1.2214678406631156
# 20 20 20
86.99999999999983 20 20 1.0000001720133227 1.1913967824775409
# 20 20 20
87.99999999999984 20 20 1.0000001731038786 1.1642269476164988
# 20 20 20
88.99999999999984 20 20 1.0000001769710272 1.1413474222955629
# 20 20 20
89.99999999999984 20 20 1.0000001828517622 1.1236526993152787
# 20 20 20
90.99999999999986 20 20 1.0000001883332459 1.1115835692904907
# 20 20 20
91.99999999999984 20 20 1.0000001918971695 1.1052361528042431
# 20 20 20
92.99999999999986 20 20 1.0000001938233656 1.1045023920739399
# 20 20 20
93.99999999999986 20 20 1.0000001953024018 1.109199958313462
# 20 20 20
94.99999999999986 20 20 1.0000001977209185 1.1191555934578459
# 20 20 20
95.99999999999987 20 20 1.0000002014808471 1.1342208460192862
# 20 20 20
96.99999999999987 20 20 1.0000002065597218 1.1542184915952207
# 20 20 20
97.99999999999989 20 20 1.000000212922888 1.1788370683726095
# 20 20 20
98.99999999999989 20 20 1.0000002198276536 1.207505684234123
# 20 20 20
99.9999999999999 20 20 1.0000002256250875 1.239287873188126
# 20 20 20
100.9999999999999 20 20 1.0000002293834127 1.2728297836618712
# 20 20 20
101.99999999999991 20 20 1.0000002324999615 1.3063854877356296
# 20 20 20
102.9999999999999 20 20 1.000000236319008 1.3379248114457394
# 20 20 20
103.9999999999999 20 20 1.000000240004003 1.3653117657050438
# 20 20 20
104.99999999999991 20 20 1.0000002421116314 1.3865279301165545
# 20 20 20
105.99999999999991 20 20 1.0000002428788606 1.3999065323414654
# 20 20 20
106.99999999999993 26 20 1.0000002433676016 1.404340002550404
# 20 20 20
107.99999999999993 20 20 1.0000002443821971 1.3994268977069935
# 20 20 20
108.99999999999994 20 20 1.0000002467476299 1.385533378046817
# 20 20 20
109.99999999999993 26 20 1.0000002508460502 1.3637587705402292
# 20 20 20
110.99999999999994 26 20 1.000000256328163 1.3358114334272402
# 20 20 20
111.99999999999994 26 20 1.0000002631491052 1.303816392439683
# 20 20 20
112.99999999999996 26 20 1.0000002727053583 1.2700867124610158
# 20 20 20
113.99999999999996 26 20 1.0000002853671526 1.236894549559413
# 20 20 20
114.99999999999997 26 20 1.0000002972963369 1.2062753673795272
# 20 20 20
115.99999999999997 26 20 1.0000003035432175 1.1798910412237764
# 20 20 20
116.99999999999999 26 20 1.0000003051371265 1.1589657966532734
# 20 20 20
117.99999999999997 26 20 1.0000003072722259 1.1442944609073122
# 20 20 20
119.0 26 20 1.0000003117558647 1.1363075099527293
# 20 20 20
119.99999999999999 26 20 1.0000003173096135 1.1351653826390133
# 20 20 20
121.0 26 20 1.0000003215037396 1.1408493663532873
# 20 20 20
122.0 26 20 1.000000322543419 1.153220173167927
# 20 20 20
123.00000000000001 26 20 1.0000003205546006 1.1720271949032446
# 20 20 20
124.00000000000001 26 20 1.0000003171324552 1.196867773045388
# 20 20 20
125.00000000000003 26 20 1.0000003143005365 1.227111903814539
# 20 20 20
126.00000000000001 26 20 1.0000003131558222 1.2618191993801415
# 20 20 20
127.00000000000004 26 20 1.0000003137360047 1.2996787375768166
# 20 20 20
128.00000000000003 26 20 1.0000003157258255 1.3389981378668276
# 20 20 20
129.00000000000003 26 20 1.0000003182955113 1.3777577266312722
# 20 20 20
130.00000000000003 26 20 1.0000003206007992 1.4137322546638196
# 20 20 20
131.00000000000003 26 20 1.000000323057875 1.4446693219902558
# 20 20 20
132.00000000000006 26 20 1.0000003260506112 1.468502435920744
# 20 20 20
133.00000000000006 26 20 1.000000328899872 1.4835687686043415
# 20 20 20
134.00000000000006 26 20 1.000000330965863 1.488798430209283
# 20 20 20
135.00000000000006 26 20 1.0000003324372728 1.4838446282722138
# 20 20 20
136.00000000000009 26 20 1.000000334040723 1.469132823080648
# 20 20 20
137.00000000000006 26 20 1.0000003363523726 1.4458206393695943
# 20 20 20
138.00000000000009 26 20 1.0000003395132606 1.4156758547594037
# 20 20 20
139.00000000000009 26 20 1.0000003433867726 1.3808934586000907
# 20 20 20
140.00000000000009 26 20 1.0000003490179405 1.3438814131212677
# 20 20 20
141.00000000000009 26 20 1.0000003591113136 1.307046955318061
# 20 20 20
142.0000000000001 26 20 1.0000003712860583 1.2726115809334941
# 20 20 20
143.0000000000001 26 20 1.000000381344576 1.2424749771059063
# 20 20 20
144.0000000000001 26 20 1.0000003900145675 1.2181380055506976
# 20 20 20
145.0000000000001 26 20 1.0000003989747617 1.2006838528640298
# 20 20 20
146.0000000000001 26 20 1.0000004084269474 1.1908059375905478
# 20 20 20
147.0000000000001 26 20 1.0000004179429418 1.188862825328712
# 20 20 20
148.00000000000014 26 20 1.0000004267042795 1.1949365037024824
# 20 20 20
149.00000000000014 26 20 1.0000004331019532 1.2088726674750645
# 20 20 20
150.00000000000014 26 20 1.0000004359843275 1.230290086904504
# 20 20 20
151.00000000000014 26 20 1.0000004361272485 1.2585583134322471
# 20 20 20
152.00000000000017 26 20 1.000000435026407 1.2927551243262985
# 20 20 20
153.00000000000014 26 20 1.000000433696079 1.331623587216064
# 20 20 20
154.00000000000014 26 20 1.0000004325769654 1.3735513205543801
# 20 20 20
155.00000000000017 26 20 1.0000004315462538 1.4165913291196834
# 20 20 20
156.00000000000017 26 20 1.0000004302875571 1.458536123723827
# 20 20 20
157.00000000000017 26 20 1.0000004289875224 1.4970466637742201
# 20 20 20
158.00000000000017 26 20 1.0000004282158041 1.5298267986811303
# 20 20 20
159.0000000000002 26 20 1.0000004281565278 1.5548239129415935
# 20 20 20
160.00000000000017 26 20 1.0000004285347934 1.5704290628946562
# 20 20 20
161.0000000000002 26 20 1.0000004292672195 1.5756468043413343
# 20 20 20
162.0000000000002 26 20 1.0000004304258896 1.5702075189237092
# 20 20 20
163.0000000000002 26 20 1.0000004313548203 1.5546035181432498
# 20 20 20
164.0000000000002 26 20 1.0000004308010277 1.5300430084190024
# 20 20 20
165.00000000000023 26 20 1.0000004282567088 1.4983301394526578
# 20 20 20
166.00000000000023 26 20 1.0000004240994425 1.4616913022840965
# 20 20 20
167.00000000000023 26 20 1.000000418354027 1.4225748097038795
# 20 20 20
168.00000000000023 26 20 1.0000004117645405 1.3834520102283412
# 20 20 20
169.00000000000023 26 20 1.0000004072869981 1.3466435483790773
# 20 20 20
170.00000000000023 26 20 1.0000004077207922 1.3141868474434184
# 20 20 20
171.00000000000026 26 20 1.0000004124307549 1.2877520408523588
# 20 20 20
172.00000000000026 26 20 1.0000004183207047 1.2686050081981373
# 20 20 20
173.00000000000026 26 20 1.000000423798136 1.2576087827742866
# 20 20 20
174.00000000000026 26 20 1.0000004293556222 1.2552491879523
# 20 20 20
175.00000000000028 26 20 1.0000004355540195 1.2616681724853493
# 20 20 20
176.00000000000026 26 20 1.0000004416897021 1.2766899211971128
# 20 20 20
177.00000000000028 26 20 1.000000446297572 1.2998304976662833
# 20 20 20
178.00000000000028 26 20 1.000000448906806 1.3302901682421449
# 20 20 20
179.00000000000028 26 20 1.0000004498693036 1.3669361851244581
# 20 20 20
180.00000000000028 26 20 1.00000044980471 1.4082901130490173
# 20 20 20
181.00000000000028 26 20 1.000000449389939 1.4525361404946295
# 20 20 20
182.0000000000003 26 20 1.0000004486274505 1.4975648800254757
# 20 20 20
183.00000000000028 26 20 1.000000447107968 1.5410615715162959
# 20 20 20
184.0000000000003 26 20 1.000000444927707 1.5806394686284024
# 20 20 20
185.0000000000003 26 20 1.00000044270116 1.614009835004032
# 20 20 20
186.0000000000003 26 20 1.0000004409463183 1.6391709865223996
# 20 20 20
187.0000000000003 26 20 1.0000004397223055 1.654592084578553
# 20 20 20
188.00000000000034 26 20 1.00000043884733 1.659364836742353
# 20 20 20
189.00000000000034 26 20 1.0000004381800884 1.6532991738930578
# 20 20 20
190.00000000000034 26 20 1.0000004376003486 1.6369472642201381
# 20 20 20
191.00000000000034 26 20 1.0000004368848312 1.6115521733081386
# 20 20 20
192.00000000000034 26 20 1.0000004353706502 1.5789301429080864
# 20 20 20
193.00000000000034 26 20 1.0000004317810425 1.5413056700295684
# 20 20 20
194.00000000000037 26 20 1.0000004251380916 1.501124037086552
# 20 20 20
195.00000000000037 26 20 1.0000004167965186 1.4608659721604165
# 20 20 20
196.00000000000037 26 20 1.0000004106219453 1.4228846123266528
# 20 20 20
197.00000000000037 26 20 1.0000004087761767 1.3892777979611557
# 20 20 20
198.0000000000004 26 20 1.0000004096804211 1.36180096617799
# 20 20 20
199.00000000000037 26 20 1.0000004110961165 1.341819007074906
# 20 20 20
200.00000000000037 26 20 1.0000004121765667 1.3302901469826511
# 20 20 20
201.00000000000043 26 20 1.0000004132102944 1.3277715441946907
# 20 20 20
202.0000000000004 26 20 1.0000004149191026 1.3344351023856145
# 20 20 20
203.0000000000004 26 20 1.0000004177139723 1.3500833298801296
# 20 20 20
204.0000000000004 26 20 1.0000004213535318 1.3741588932302051
# 20 20 20
205.0000000000004 26 20 1.000000425330244 1.405747121694391
# 20 20 20
206.00000000000043 26 20 1.0000004291458247 1.4435767020333312
# 20 20 20
207.00000000000043 26 20 1.0000004324609355 1.4860285075419302
# 20 20 20
208.00000000000043 26 20 1.0000004350290512 1.5311646218397184
# 20 20 20
209.00000000000043 26 20 1.0000004365242854 1.5767885109434807
# 20 20 20
210.00000000000045 26 20 1.0000004366732547 1.6205430161909782
# 20 20 20
211.00000000000045 26 20 1.000000435656458 1.6600460077923644
# 20 20 20
212.00000000000043 26 20 1.0000004341284183 1.6930552926605735
# 20 20 20
213.00000000000043 26 20 1.0000004326377931 1.7176463512767066
# 20 20 20
214.00000000000048 26 20 1.000000431304592 1.7323806569193478
# 20 20 20
215.00000000000045 26 20 1.00000043017871 1.7364405420927502
# 20 20 20
216.00000000000045 26 20 1.0000004294118947 1.7297098476159156
# 20 20 20
217.00000000000045 26 20 1.000000429060917 1.7127875832838904
# 20 20 20
218.00000000000048 26 20 1.000000428824376 1.6869327651408355
# 20 20 20
219.00000000000048 26 20 1.0000004277985743 1.6539497609190132
# 20 20 20
220.00000000000048 26 20 1.0000004245901069 1.616032130864659
# 20 20 20
221.00000000000048 26 20 1.000000418199949 1.5755872366475516
# 20 20 20
222.0000000000005 26 20 1.000000409985112 1.5350633606447353
# 20 20 20
223.0000000000005 26 20 1.000000403759564 1.4967966629025953
# 20 20 20
224.0000000000005 26 20 1.0000004013080075 1.4628887775361457
# 20 20 20
225.0000000000005 26 20 1.0000004012439099 1.4351190810825032
# 20 20 20
226.00000000000054 26 20 1.0000004017350979 1.4148900054131248
# 20 20 20
227.00000000000054 26 20 1.0000004017787802 1.4031998428114112
# 20 20 20
228.00000000000054 26 20 1.0000004011449084 1.4006353723608358
# 20 20 20
229.0000000000005 26 20 1.0000004002098541 1.4073761974119583
# 20 20 20
230.0000000000005 26 20 1.0000003999132407 1.42320383461088
# 20 20 20
231.00000000000054 26 20 1.0000004013876063 1.4475112376886383
# 20 20 20
232.00000000000054 26 20 1.0000004054441276 1.479312229383539
# 20 20 20
233.00000000000054 26 20 1.0000004118687382 1.5172545028840558
# 20 20 20
234.00000000000054 26 20 1.0000004193114709 1.559643377902963
# 20 20 20
235.00000000000057 26 20 1.000000426304301 1.6044852765903126
# 20 20 20
236.00000000000057 26 20 1.000000431725525 1.649559142782983
# 20 20 20
237.00000000000057 26 20 1.0000004349540568 1.6925205079214625
# 20 20 20
238.00000000000057 26 20 1.0000004362467496 1.7310369893736033
# 20 20 20
239.0000000000006 26 20 1.0000004364336588 1.7629467434843447
# 20 20 20
240.0000000000006 26 20 1.0000004361499208 1.7864244130290048
# 20 20 20
241.0000000000006 26 20 1.0000004356851036 1.8001342965160243
# 20 20 20
242.00000000000057 26 20 1.0000004351780505 1.803349442047763
# 20 20 20
243.00000000000063 26 20 1.0000004346754658 1.796018882244323
# 20 20 20
244.00000000000063 26 20 1.0000004340563557 1.7787727756927518
# 20 20 20
245.0000000000006 26 20 1.0000004329012862 1.7528650806396613
# 20 20 20
246.0000000000006 26 20 1.0000004304000947 1.7200631238531663
# 20 20 20
247.00000000000065 26 20 1.0000004255898356 1.6825006990356082
# 20 20 20
248.00000000000063 26 20 1.0000004184347802 1.6425146528919865
# 20 20 20
249.00000000000063 26 20 1.000000410900461 1.6024840594022434
# 20 20 20
250.00000000000063 26 20 1.0000004057453615 1.5646869582545562
# 20 20 20
251.00000000000065 26 20 1.0000004037791823 1.5311838226529197
# 20 20 20
252.00000000000065 26 20 1.0000004037203016 1.503731058563217
# 20 20 20
253.00000000000065 26 20 1.0000004041532033 1.4837231189292959
# 20 20 20
254.00000000000065 26 20 1.0000004043872919 1.4721587813288515
# 20 20 20
255.00000000000063 26 20 1.0000004042082968 1.4696257564554955
# 20 20 20
256.0000000000007 26 20 1.000000403681646 1.476297760996968
# 20 20 20
257.0000000000007 26 20 1.0000004033452627 1.4919392161917564
# 20 20 20
258.0000000000007 26 20 1.0000004042203359 1.515914661530857
# 20 20 20
259.0000000000007 26 20 1.0000004069510267 1.5472026365327027
# 20 20 20
260.0000000000007 26 20 1.000000411181694 1.58441679096217
# 20 20 20
261.0000000000007 26 20 1.000000416233012 1.6258396201906173
# 20 20 20
262.0000000000007 26 20 1.000000421474438 1.6694755850338006
# 20 20 20
263.0000000000007 26 20 1.0000004262142015 1.7131296777275007
# 20 20 20
264.00000000000074 26 20 1.0000004298033651 1.7545143884617351
# 20 20 20
265.00000000000074 26 20 1.0000004318579625 1.7913828117215225
# 20 20 20
266.0000000000007 26 20 1.0000004324646063 1.8216793009919503
# 20 20 20
267.0000000000007 26 20 1.0000004320584617 1.843693160675638
# 20 20 20
268.00000000000074 26 20 1.000000431139124 1.856197051038801
# 20 20 20
269.00000000000074 26 20 1.0000004301094252 1.8585514321660415
# 20 20 20
270.00000000000074 26 20 1.0000004291797342 1.8507600039048708
# 20 20 20
271.00000000000074 26 20 1.0000004282771227 1.8334681068415708
# 20 20 20
272.00000000000074 26 20 1.0000004270760676 1.807904814222005
# 20 20 20
273.00000000000074 26 20 1.0000004251803707 1.775777830544289
# 20 20 20
274.00000000000074 26 20 1.0000004222689787 1.739136370411049
# 20 20 20
275.00000000000074 26 20 1.0000004185253895 1.7002197657568088
# 20 20 20
276.0000000000008 26 20 1.0000004150444162 1.6613085444740914
# 20 20 20
277.0000000000008 26 20 1.0000004130169942 1.6245909798795706
# 20 20 20
278.0000000000008 26 20 1.000000412549864 1.592053008185038
# 20 20 20
279.0000000000008 26 20 1.0000004128034639 1.5653943631096248
# 20 20 20
280.00000000000074 26 20 1.000000412795748 1.5459698145320842
# 20 20 20
281.0000000000008 26 20 1.000000411821673 1.5347519741614475
# 20 20 20
282.0000000000008 26 20 1.0000004095519548 1.5323111664803657
# 20 20 20
283.0000000000008 26 20 1.0000004063065961 1.5388080076596395
# 20 20 20
284.0000000000008 32 20 1.0000004033849483 1.553995249614554
# 20 20 20
285.0000000000008 32 20 1.0000004022301434 1.5772269523879006
# 20 20 20
286.0000000000008 32 20 1.0000004030870329 1.6074750396673285
# 20 20 20
287.0000000000008 32 20 1.0000004055514036 1.6433555232495598
# 20 20 20
288.0000000000008 32 20 1.0000004094662571 1.6831686199832137
# 20 20 20
289.00000000000085 32 20 1.0000004145103139 1.7249578847583336
# 20 20 20
290.00000000000085 32 20 1.0000004196735617 1.7665926590972334
# 20 20 20
291.00000000000085 32 20 1.0000004237228752 1.8058752776632385
# 20 20 20
292.00000000000085 32 20 1.0000004259816597 1.8406698680504257
# 20 20 20
293.00000000000085 32 20 1.000000426506239 1.8690441343907682
# 20 20 20
294.00000000000085 32 20 1.00000042580535 1.889410602648809
# 20 20 20
295.00000000000085 32 20 1.0000004244375538 1.9006508973823841
# 20 20 20
296.00000000000085 32 20 1.0000004227906705 1.9022068232290226
# 20 20 20
297.0000000000009 32 20 1.000000421125993 1.8941256586458297
# 20 20 20
298.0000000000009 32 20 1.0000004197226553 1.8770534759932853
# 20 20 20
299.00000000000085 26 20 1.0000004188927556 1.8521780013461835
# 20 20 20
300.00000000000085 26 20 1.000000418698756 1.821129686432883
# 20 20 20
301.0000000000009 26 20 1.0000004186695184 1.7858546857557487
# 20 20 20
302.0000000000009 26 20 1.0000004181417554 1.7484754203771364
# 20 20 20
303.0000000000009 26 20 1.0000004170512051 1.711153361735529
# 20 20 20
304.0000000000009 26 20 1.0000004159389828 1.6759653443887668
# 20 20 20
305.0000000000009 32 20 1.0000004152906996 1.644800298295161
# 20 20 20
306.0000000000009 32 20 1.0000004151100004 1.6192789729114687
# 20 20 20
307.0000000000009 32 20 1.0000004149743265 1.6006958740914838
# 20 20 20
308.0000000000009 32 20 1.0000004144755779 1.5899806285980875
# 20 20 20
309.0000000000009 32 20 1.0000004136509666 1.5876752546482822
# 20 20 20
310.00000000000097 32 20 1.0000004130842541 1.5939240279109577
# 20 20 20
311.00000000000097 32 20 1.0000004134611962 1.6084734610143
# 20 20 20
312.0000000000009 32 20 1.000000414974038 1.6306811649555848
# 20 20 20
313.0000000000009 32 20 1.000000417444966 1.6595339234753594
# 20 20 20
314.00000000000097 32 20 1.00000042095039 1.6936769904425257
# 20 20 20
315.00000000000097 32 20 1.0000004257869346 1.7314579970401625
# 20 20 20
316.00000000000097 32 20 1.000000431672902 1.7709893316859229
# 20 20 20
317.00000000000097 32 20 1.0000004373883795 1.8102318750984887
# 20 20 20
318.00000000000097 32 20 1.0000004416268071 1.847100302783126
# 20 20 20
319.00000000000097 32 20 1.0000004437949115 1.879586095178893
# 20 20 20
320.00000000000097 32 20 1.0000004440528694 1.9058897547764202
# 20 20 20
321.00000000000097 32 20 1.0000004430291303 1.9245497276836256
# 20 20 20
322.000000000001 32 20 1.000000441340458 1.9345534079386228
# 20 20 20
323.000000000001 32 20 1.0000004393776887 1.9354162353790858
# 20 20 20
324.000000000001 32 20 1.000000437535716 1.9272184371075807
# 20 20 20
325.00000000000097 32 20 1.0000004363608896 1.9105947378453887
# 20 20 20
326.000000000001 32 20 1.000000436109241 1.8866790611886273
# 20 20 20
327.000000000001 26 20 1.0000004362847315 1.8570123169683652
# 20 20 20
328.000000000001 26 20 1.000000435929479 1.8234255222779112
# 20 20 20
329.000000000001 32 20 1.00000043443153 1.7879120463795324
# 20 20 20
330.000000000001 32 20 1.0000004320147649 1.7525017510524006
# 20 20 20
331.000000000001 32 20 1.0000004292830935 1.7191468878899623
# 20 20 20
332.000000000001 32 20 1.0000004267922813 1.6896258167402138
# 20 20 20
333.000000000001 32 20 1.00000042502994 1.6654669265304263
# 20 20 20
334.000000000001 32 20 1.0000004242880773 1.647892292524635
# 20 20 20
335.0000000000011 32 20 1.0000004245900518 1.6377789079591571
# 20 20 20
336.0000000000011 32 20 1.0000004258725366 1.6356347250335126
# 20 20 20
337.0000000000011 32 20 1.0000004281095636 1.6415869604214006
# 20 20 20
338.0000000000011 32 20 1.0000004312417923 1.6553808698598893
# 20 20 20
339.0000000000011 32 20 1.00000043508269 1.6763882726170847
# 20 20 20
340.0000000000011 32 20 1.0000004393475566 1.703626374711925
# 20 20 20
341.0000000000011 32 20 1.000000443912222 1.7357887114388175
# 20 20 20
342.0000000000011 32 20 1.0000004489575132 1.7712909608518752
# 20 20 20
343.00000000000114 32 20 1.0000004543634033 1.8083344985377643
# 20 20 20
344.0000000000011 32 20 1.0000004591913232 1.8449894445255424
# 20 20 20
345.0000000000011 32 20 1.0000004624063723 1.8792964496376774
# 20 20 20
346.0000000000011 32 20 1.0000004637119166 1.9093828807849362
# 20 20 20
347.00000000000114 32 20 1.0000004634655322 1.9335851476823733
# 20 20 20
348.00000000000114 32 20 1.000000462233772 1.9505657098557851
# 20 20 20
349.00000000000114 32 20 1.0000004604546033 1.9594118385532298
# 20 20 20
350.00000000000114 32 20 1.0000004584104496 1.959704142979778
# 20 20 20
351.00000000000114 32 20 1.000000456369829 1.9515462375814439
# 20 20 20
352.00000000000114 32 20 1.0000004544863732 1.9355520774315036
# 20 20 20
353.00000000000114 32 20 1.000000452625749 1.912793275972036
# 20 20 20
354.00000000000114 32 20 1.0000004505786266 1.884713853999524
# 20 20 20
355.00000000000114 32 20 1.0000004481221383 1.8530233026200154
# 20 20 20
356.0000000000012 32 20 1.0000004450727877 1.8195800457246487
# 20 20 20
357.0000000000012 32 20 1.0000004415895498 1.7862764380475973
# 20 20 20
358.00000000000114 32 20 1.000000438121473 1.754933915696811
# 20 20 20
359.00000000000114 32 20 1.00000043508002 1.7272136731289498
# 20 20 20
360.0000000000012 26 20 1.0000004326666718 1.7045451044150592
# 20 20 20
361.0000000000012 26 20 1.0000004308858368 1.688071815660328
# 20 20 20
362.0000000000012 26 20 1.0000004296141856 1.6786135586332873
# 20 20 20
363.0000000000012 32 20 1.0000004286853805 1.6766419204524123
# 20 20 20
364.0000000000012 32 20 1.000000427957124 1.6822678137102913
# 20 20 20
365.0000000000012 32 20 1.000000427349092 1.6952394873396321
# 20 20 20
366.0000000000012 32 20 1.000000426944748 1.7149507145974803
# 20 20 20
367.0000000000012 32 20 1.0000004270822132 1.7404598542055991
# 20 20 20
368.00000000000125 32 20 1.000000428109258 1.7705214376805223
# 20 20 20
369.00000000000125 32 20 1.0000004298818574 1.8036325206638795
# 20 20 20
370.00000000000125 32 20 1.000000431724215 1.8380958775746599
# 20 20 20
371.0000000000012 32 20 1.0000004329831642 1.8721009033519467
# 20 20 20
372.00000000000125 32 20 1.0000004333436887 1.9038207473918867
# 20 20 20
373.00000000000125 32 20 1.0000004327754681 1.9315210558829805
# 20 20 20
374.00000000000125 32 20 1.0000004314405289 1.9536724204875258
# 20 20 20
375.00000000000125 32 20 1.0000004295485303 1.9690561095749517
# 20 20 20
376.0000000000013 32 20 1.0000004273100103 1.9768517173282865
# 20 20 20
377.00000000000125 32 20 1.0000004249662184 1.9766964914580005
# 20 20 20
378.00000000000125 32 20 1.0000004227633006 1.9687092439461096
# 20 20 20
379.00000000000125 32 20 1.0000004207900797 1.9534763069660293
# 20 20 20
380.00000000000125 32 20 1.0000004188827982 1.9320019784252664
# 20 20 20
381.0000000000013 32 20 1.000000416809915 1.9056302356050303
# 20 20 20
382.0000000000013 32 20 1.0000004144762225 1.8759473374461522
# 20 20 20
383.0000000000013 32 20 1.000000411926671 1.844675882565684
# 20 20 20
384.0000000000013 32 20 1.0000004092474912 1.8135700345504036
# 20 20 20
385.0000000000013 32 20 1.000000406548615 1.7843194647645424
# 20 20 20
386.0000000000013 32 20 1.0000004040086479 1.7584668006104265
# 20 20 20
387.0000000000013 32 20 1.0000004018191289 1.737340694359748
# 20 20 20
388.0000000000013 32 20 1.0000004000233114 1.7220045466146554
# 20 20 20
389.00000000000136 32 20 1.000000398453425 1.7132196613308162
# 20 20 20
390.0000000000013 32 20 1.0000003968190376 1.7114211591641013
# 20 20 20
391.0000000000013 32 20 1.0000003948216845 1.7167051590421025
# 20 20 20
392.0000000000013 32 20 1.000000392287081 1.7288263343890125
# 20 20 20
393.00000000000136 32 20 1.0000003893462082 1.7472057652033213
# 20 20 20
394.00000000000136 32 20 1.0000003865403526 1.7709498700642334
# 20 20 20
395.00000000000136 32 20 1.000000384564257 1.79888191823853
# 20 20 20
396.00000000000136 32 20 1.0000003836885516 1.8295879354861337
# 20 20 20
397.00000000000136 32 20 1.000000383517477 1.8614784429759554
# 20 20 20
398.00000000000136 32 20 1.0000003833323987 1.8928661990435083
# 20 20 20
399.00000000000136 32 20 1.0000003825647341 1.9220579529376118
# 20 20 20
400.00000000000136 32 20 1.0000003810855829 1.9474554771670496
# 20 20 20
401.00000000000136 32 20 1.0000003791187044 1.9676584195341498
# 20 20 20
402.00000000000136 32 20 1.0000003769072177 1.981559553153026
# 20 20 20
403.0000000000014 32 20 1.0000003745501749 1.988422465049074
# 20 20 20
404.0000000000014 32 20 1.0000003720733917 1.9879329575493325
# 20 20 20
405.0000000000014 32 20 1.000000369492235 1.9802183331994825
# 20 20 20
406.0000000000014 32 20 1.000000366822576 1.9658327410253849
# 20 20 20
407.0000000000014 32 20 1.0000003642006572 1.9457110381702474
# 20 20 20
408.0000000000014 32 20 1.0000003618309259 1.9210972816019487
# 20 20 20
409.0000000000014 32 20 1.0000003597294806 1.8934563275734357
# 20 20 20
410.0000000000014 32 20 1.000000357743053 1.864377769985065
# 20 20 20
411.0000000000014 32 20 1.0000003557807235 1.8354806903477003
# 20 20 20
412.0000000000015 32 20 1.0000003538870077 1.8083258471344517
# 20 20 20
413.0000000000015 32 20 1.0000003521481378 1.7843395880186914
# 20 20 20
414.0000000000015 32 20 1.0000003506130755 1.7647514944243505
# 20 20 20
415.0000000000015 32 20 1.0000003492765288 1.750545981479182
# 20 20 20
416.0000000000015 32 20 1.0000003480817012 1.742426982214971
# 20 20 20
417.0000000000014 32 20 1.0000003469474976 1.7407944449986652
# 20 20 20
418.0000000000014 32 20 1.0000003458256757 1.7457315312309674
# 20 20 20
419.0000000000014 32 20 1.0000003447442496 1.757001924230964
# 20 20 20
420.00000000000153 32 20 1.000000343815709 1.774057361499039
# 20 20 20
421.00000000000153 32 20 1.0000003431945508 1.7960562063427874
# 20 20 20
422.00000000000153 32 20 1.00000034297879 1.8218943925600497
# 20 20 20
423.0000000000015 32 20 1.0000003430453133 1.8502501871159607
# 20 20 20
424.0000000000015 32 20 1.0000003430032787 1.8796436994686938
# 20 20 20
425.0000000000015 32 20 1.0000003424610147 1.9085107881632712
# 20 20 20
426.0000000000015 32 20 1.0000003413001122 1.9352890327066155
# 20 20 20
427.0000000000015 32 20 1.0000003396638288 1.958511059126603
# 20 20 20
428.00000000000153 32 20 1.0000003377660909 1.9768982573017506
# 20 20 20
429.00000000000153 32 20 1.0000003357466762 1.9894464226952995
# 20 20 20
430.00000000000153 32 20 1.0000003336649705 1.995494614670004
# 20 20 20
431.00000000000153 32 20 1.000000331564374 1.9947697913259017
# 20 20 20
432.00000000000153 32 20 1.0000003294598694 1.9874024218078745
# 20 20 20
433.00000000000153 32 20 1.0000003273345142 1.9739117937518558
# 20 20 20
434.00000000000153 32 20 1.0000003252515524 1.9551634054152007
# 20 20 20
435.00000000000153 32 20 1.0000003233083279 1.9323039251838068
# 20 20 20
436.00000000000153 32 20 1.000000321498085 1.9066811684333824
# 20 20 20
437.0000000000016 32 20 1.0000003197434715 1.8797571481082866
# 20 20 20
438.0000000000016 32 20 1.0000003179983648 1.8530215983398308
# 20 20 20
439.0000000000016 32 20 1.0000003162776403 1.8279118068455846
# 20 20 20
440.0000000000016 32 20 1.0000003146420111 1.8057426058989428
# 20 20 20
441.0000000000016 32 20 1.0000003131652608 1.787648434570003
# 20 20 20
442.0000000000016 32 20 1.0000003118586906 1.77453784830198
# 20 20 20
443.0000000000016 32 20 1.0000003106585806 1.7670598973638356
# 20 20 20
444.00000000000153 32 20 1.000000309491502 1.7655814371871679
# 20 20 20
445.00000000000165 32 20 1.0000003083158253 1.7701745638982367
# 20 20 20
446.00000000000165 32 20 1.0000003071184502 1.780613820877018
# 20 20 20
447.00000000000165 32 20 1.000000305890219 1.7963834188808765
# 20 20 20
448.00000000000165 32 20 1.0000003046440955 1.8166952789547675
# 20 20 20
449.0000000000016 32 20 1.0000003034564475 1.8405190644251568
# 20 20 20
450.0000000000016 32 20 1.0000003024440638 1.866625326964933
# 20 20 20
451.0000000000016 32 20 1.0000003016484136 1.8936422848737138
# 20 20 20
452.0000000000016 32 20 1.0000003009906617 1.920125502711031
# 20 20 20
453.0000000000017 32 20 1.000000300361681 1.9446379410789119
# 20 20 20
454.0000000000017 32 20 1.000000299713528 1.9658357883125794
# 20 20 20
455.00000000000165 32 20 1.0000002990675745 1.982553631787137
# 20 20 20
456.00000000000165 32 20 1.0000002984051979 1.9938813851940416
# 20 20 20
457.00000000000165 32 20 1.0000002975313171 1.9992253658370136
# 20 20 20
458.00000000000165 32 20 1.0000002961719963 1.9983471755138233
# 20 20 20
459.00000000000165 32 20 1.0000002943326272 1.9913764262321738
# 20 20 20
460.00000000000165 32 20 1.0000002924081575 1.9787964256752955
# 20 20 20
461.00000000000165 32 20 1.000000290793223 1.961405087925718
# 20 20 20
462.0000000000017 32 20 1.0000002895145539 1.9402559572832676
# 20 20 20
463.0000000000017 32 20 1.0000002883179233 1.9165858850059567
# 20 20 20
464.0000000000017 32 20 1.0000002870569942 1.8917363983484512
# 20 20 20
465.0000000000017 32 20 1.0000002857594676 1.8670752391679941
# 20 20 20
466.0000000000017 32 20 1.000000284492595 1.8439232255537579
# 20 20 20
467.0000000000017 32 20 1.0000002833173731 1.8234899062704857
# 20 20 20
468.0000000000017 32 20 1.0000002822972525 1.8068198261924775
# 20 20 20
469.0000000000017 32 20 1.0000002814372524 1.7947498993361264
# 20 20 20
470.00000000000176 32 20 1.0000002806461696 1.7878775542422023
# 20 20 20
471.00000000000176 32 20 1.0000002798230945 1.7865389943810641
# 20 20 20
472.00000000000176 32 20 1.0000002789523261 1.7907970180293542
# 20 20 20
473.00000000000176 32 20 1.0000002780884987 1.8004382237791439
# 20 20 20
474.00000000000176 32 20 1.0000002772646017 1.8149799260979167
# 20 20 20
475.00000000000176 32 20 1.0000002764448115 1.8336875536498214
# 20 20 20
476.0000000000017 32 20 1.0000002755670698 1.8556035328391611
# 20 20 20
477.0000000000017 32 20 1.0000002745920593 1.8795885074936491
# 20 20 20
478.0000000000018 32 20 1.0000002735030122 1.9043750876927241
# 20 20 20
479.0000000000018 32 20 1.0000002723036459 1.928633124535694
# 20 20 20
480.0000000000018 32 20 1.0000002710509643 1.9510438863153954
# 20 20 20
481.0000000000018 32 20 1.0000002698950072 1.9703787411429525
# 20 20 20
482.00000000000176 32 20 1.0000002690246494 1.9855764281846007
# 20 20 20
483.00000000000176 32 20 1.0000002685000384 1.9958121443019394
# 20 20 20
484.00000000000176 32 20 1.0000002681792746 2.0005518022941966
# 20 20 20
485.00000000000176 32 20 1.0000002678204185 1.9995860351495482
# 20 20 20
486.00000000000176 32 20 1.0000002672213977 1.9930406670898204
# 20 20 20
487.0000000000018 32 20 1.0000002663348335 1.9813630556612787
# 20 20 20
488.0000000000018 32 20 1.0000002652774893 1.9652864149959737
# 20 20 20
489.0000000000018 32 20 1.000000264143669 1.9457764603584289
# 20 20 20
490.0000000000018 32 20 1.000000262868796 1.92396611107178
# 20 20 20
491.0000000000018 32 20 1.0000002613871328 1.9010844098285564
# 20 20 20
492.0000000000018 32 20 1.0000002597968893 1.878385341579861
# 20 20 20
493.0000000000018 32 20 1.0000002582880838 1.8570811159648912
# 20 20 20
494.0000000000018 32 20 1.0000002569961512 1.8382830497090976
# 20 20 20
495.0000000000019 32 20 1.0000002559508199 1.822951777939933
# 20 20 20
496.0000000000019 32 20 1.0000002550979599 1.8118573876009691
# 20 20 20
497.0000000000019 32 20 1.0000002543599513 1.8055493402493281
# 20 20 20
498.0000000000019 32 20 1.0000002536933508 1.8043357588809308
# 20 20 20
499.0000000000019 32 20 1.0000002530968515 1.8082717262972876
# 20 20 20
500.0000000000019 32 20 1.0000002525835079 1.8171565574020274
# 20 20 20
501.0000000000019 32 20 1.0000002521573104 1.8305404162874181
# 20 20 20
502.0000000000019 32 20 1.000000251804656 1.8477409949978756
# 20 20 20
503.00000000000193 32 20 1.0000002514993107 1.8678710993185834
# 20 20 20
504.00000000000193 32 20 1.0000002512180977 1.8898777583424748
# 20 20 20
505.00000000000193 32 20 1.0000002509574326 1.9125927969992522
# 20 20 20
506.00000000000193 32 20 1.0000002507287287 1.934793683641045
# 20 20 20
507.00000000000193 32 20 1.0000002505351255 1.9552720143590723
# 20 20 20
508.00000000000193 32 20 1.0000002503594985 1.9729054766046326
# 20 20 20
509.0000000000019 32 20 1.0000002501769716 1.9867278874673324
# 20 20 20
510.0000000000019 32 20 1.000000249959937 1.9959912697694155
# 20 20 20
511.0000000000019 32 20 1.0000002496709672 2.0002141579055763
# 20 20 20
512.0000000000019 32 20 1.0000002492710318 1.9992114782412864
# 20 20 20
513.0000000000019 32 20 1.0000002487345279 1.9931032693501933
# 20 20 20
514.0000000000019 32 20 1.0000002480632 1.9823018517494297
# 20 20 20
515.0000000000019 32 20 1.000000247291225 1.967479387984129
# 20 20 20
516.0000000000019 32 20 1.0000002464392084 1.949519678856671
# 20 20 20
517.0000000000019 32 20 1.0000002454596695 1.9294592305835172
# 20 20 20
518.0000000000019 32 20 1.00000024431287 1.9084229889997153
# 20 20 20
519.0000000000019 32 20 1.0000002430752826 1.8875597404104134
# 20 20 20
520.000000000002 32 20 1.0000002418923084 1.8679812342550195
# 20 20 20
521.000000000002 32 20 1.0000002408656847 1.8507078713932315
# 20 20 20
522.000000000002 32 20 1.000000240025311 1.8366226003158803
# 20 20 20
523.000000000002 32 20 1.0000002393516225 1.8264336860264532
# 20 20 20
524.000000000002 32 20 1.0000002387983717 1.8206463828997181
# 20 20 20
525.0000000000019 32 20 1.000000238321559 1.8195432772731133
# 20 20 20
526.0000000000019 32 20 1.000000237910566 1.8231731128413275
# 20 20 20
527.0000000000019 32 20 1.0000002375968882 1.8313481657854347
# 20 20 20
528.000000000002 32 20 1.0000002374279255 1.8436505637025062
# 20 20 20
529.000000000002 32 20 1.000000237418874 1.8594481993492022
# 20 20 20
530.000000000002 32 20 1.0000002375334538 1.8779209368335512
# 20 20 20
531.000000000002 32 20 1.0000002377035127 1.8980975266302955
# 20 20 20
532.000000000002 32 20 1.000000237862455 1.9189029716197363
# 20 20 20
533.000000000002 32 20 1.0000002379534747 1.9392150400121753
# 20 20 20
534.000000000002 32 20 1.0000002379275494 1.9579273313035774
# 20 20 20
535.000000000002 32 20 1.0000002377702855 1.9740149993593101
# 20 20 20
536.000000000002 32 20 1.0000002375254182 1.986598214915165
# 20 20 20
537.000000000002 32 20 1.0000002372507841 1.9949979909532602
# 20 20 20
538.000000000002 32 20 1.0000002369587522 1.9987792882175655
# 20 20 20
539.000000000002 32 20 1.0000002366173932 1.997777395706348
# 20 20 20
540.000000000002 32 20 1.0000002361827516 1.9921052920546771
# 20 20 20
541.000000000002 32 20 1.000000235633905 1.9821417398450254
# 20 20 20
542.000000000002 32 20 1.0000002349872328 1.9685018776433219
# 20 20 20
543.000000000002 32 20 1.0000002342672272 1.9519937104933107
# 20 20 20
544.000000000002 32 20 1.0000002334607725 1.933564920323089
# 20 20 20
545.0000000000022 32 20 1.0000002325532418 1.914244733449405
# 20 20 20
546.0000000000022 32 20 1.0000002316011862 1.895085254310325
# 20 20 20
547.0000000000022 32 20 1.0000002307098947 1.8771058795222562
# 20 20 20
548.0000000000022 32 20 1.0000002299562307 1.8612433797799852
# 20 20 20
549.0000000000022 32 20 1.0000002293595212 1.848309211507834
# 20 20 20
550.0000000000022 32 20 1.0000002288993282 1.8389547771882329
# 20 20 20
551.0000000000022 32 20 1.0000002285360257 1.8336447978256298
# 20 20 20
552.000000000002 32 20 1.0000002282352705 1.8326387173995091
# 20 20 20
553.0000000000022 32 20 1.000000227997032 1.8359800835258961
# 20 20 20
554.0000000000022 32 20 1.0000002278681945 1.843494048719417
# 20 20 20
555.0000000000022 32 20 1.000000227919654 1.8547933924859115
# 20 20 20
556.0000000000022 32 20 1.0000002281940255 1.8692936453299762
# 20 20 20
557.0000000000022 32 20 1.000000228671184 1.8862378773079789
# 20 20 20
558.0000000000022 32 20 1.000000229275746 1.9047313990631116
# 20 20 20
559.0000000000022 32 20 1.0000002299011261 1.9237859683347702
# 20 20 20
560.0000000000022 32 20 1.0000002304339874 1.9423721340097102
# 20 20 20
561.0000000000022 32 20 1.0000002307833034 1.9594772079579794
# 20 20 20
562.0000000000023 32 20 1.0000002309215557 1.974165239977275
# 20 20 20
563.0000000000022 32 20 1.0000002308959006 1.9856345342465829
# 20 20 20
564.0000000000022 32 20 1.0000002307798412 1.9932679196918268
# 20 20 20
565.0000000000022 32 20 1.0000002306187668 1.9966713175882842
# 20 20 20
566.0000000000022 32 20 1.0000002304164277 1.9956971463719146
# 20 20 20
567.0000000000022 32 20 1.0000002301465678 1.9904506254090895
# 20 20 20
568.0000000000022 32 20 1.000000229776172 1.9812788276799143
# 20 20 20
569.0000000000022 32 20 1.00000022929944 1.9687440744901081
# 20 20 20
570.0000000000023 32 20 1.0000002287487646 1.953584676655518
# 20 20 20
571.0000000000023 32 20 1.0000002281639147 1.9366669087351556
# 20 20 20
572.0000000000023 32 20 1.0000002275680882 1.9189323833645313
# 20 20 20
573.0000000000023 32 20 1.0000002269873771 1.9013447245663277
# 20 20 20
574.0000000000023 32 20 1.0000002264581709 1.8848387709713181
# 20 20 20
575.0000000000023 32 20 1.0000002259986662 1.8702746698252948
# 20 20 20
576.0000000000023 32 20 1.0000002256031286 1.858398346359334
# 20 20 20
577.0000000000023 32 20 1.0000002252600797 1.8498091053706114
# 20 20 20
578.0000000000023 32 20 1.0000002249641837 1.844934634044624
# 20 20 20
579.0000000000023 32 20 1.0000002247200324 1.8440134508820587
# 20 20 20
580.0000000000023 32 20 1.0000002245549184 1.8470848494195604
# 20 20 20
581.0000000000023 32 20 1.0000002245297666 1.8539865373616347
# 20 20 20
582.0000000000023 32 20 1.000000224718107 1.8643603645857438
# 20 20 20
583.0000000000023 32 20 1.000000225158338 1.8776666501322568
# 20 20 20
584.0000000000023 32 20 1.0000002258233993 1.8932075499153143
# 20 20 20
585.0000000000023 32 20 1.000000226620716 1.9101595738428818
# 20 20 20
586.0000000000023 32 20 1.0000002274115507 1.9276147353481878
# 20 20 20
587.0000000000024 32 20 1.0000002280481919 1.9446289400934615
# 20 20 20
588.0000000000024 32 20 1.000000228435829 1.9602752133010075
# 20 20 20
589.0000000000024 32 20 1.0000002285838392 1.973698411621476
# 20 20 20
590.0000000000023 32 20 1.0000002285786371 1.9841673804022006
# 20 20 20
591.0000000000023 32 20 1.0000002285096883 1.9911202922274616
# 20 20 20
592.0000000000023 32 20 1.0000002284191287 1.9941992501015098
# 20 20 20
593.0000000000023 32 20 1.0000002282954898 1.9932711531145082
# 20 20 20
594.0000000000023 32 20 1.0000002280993692 1.988433174659067
# 20 20 20
595.0000000000024 32 20 1.000000227803834 1.9800027687169681
# 20 20 20
596.0000000000024 32 20 1.0000002274216313 1.9684936342261203
# 20 20 20
597.0000000000024 32 20 1.000000227005958 1.9545802904247231
# 20 20 20
598.0000000000024 32 20 1.0000002266167427 1.9390546834732105
# 20 20 20
599.0000000000024 32 20 1.0000002262793544 1.9227784976087516
# 20 20 20
600.0000000000024 32 20 1.0000002259827396 1.9066346281087296
# 20 20 20
601.0000000000024 32 20 1.0000002257072198 1.891480713680561
# 20 20 20
602.0000000000024 32 20 1.0000002254383702 1.878106888486612
# 20 20 20
603.0000000000024 32 20 1.0000002251705482 1.8671991644618184
# 20 20 20
604.0000000000024 32 20 1.00000022491034 1.8593092250337648
# 20 20 20
605.0000000000024 32 20 1.0000002246708508 1.8548309817731679
# 20 20 20
606.0000000000024 32 20 1.000000224467298 1.8539840385103312
# 20 20 20
607.0000000000024 32 20 1.0000002243322939 1.8568041936302326
# 20 20 20
608.0000000000024 32 20 1.0000002243279618 1.863141220906802
# 20 20 20
609.0000000000024 32 20 1.0000002245276314 1.8726643072546187
# 20 20 20
610.0000000000024 32 20 1.0000002249686204 1.8848755885108672
# 20 20 20
611.0000000000024 32 20 1.0000002256194553 1.8991321180608471
# 20 20 20
612.0000000000025 32 20 1.0000002263791383 1.9146762631999577
# 20 20 20
613.0000000000025 32 20 1.0000002271019153 1.9306739341725032
# 20 20 20
614.0000000000025 32 20 1.0000002276472624 1.9462592566411951
# 20 20 20
615.0000000000025 32 20 1.0000002279474622 1.9605834115263572
# 20 20 20
616.0000000000024 32 20 1.0000002280405427 1.9728645504599296
# 20 20 20
617.0000000000024 32 20 1.0000002280254388 1.98243513428105
# 20 20 20
618.0000000000024 32 20 1.0000002279889177 1.9887828936884107
# 20 20 20
619.0000000000024 32 20 1.0000002279619016 1.9915819616844013
# 20 20 20
620.0000000000025 32 20 1.000000227909873 1.9907115620072107
# 20 20 20
621.0000000000025 32 20 1.0000002277759241 1.9862608386101719
# 20 20 20
622.0000000000025 32 20 1.000000227538377 1.9785197839613626
# 20 20 20
623.0000000000025 32 20 1.000000227230963 1.9679575437713652
# 20 20 20
624.0000000000025 32 20 1.0000002269258588 1.9551904403095042
# 20 20 20
625.0000000000025 32 20 1.0000002266990005 1.9409427286293657
# 20 20 20
626.0000000000025 32 20 1.0000002265844579 1.926003331081321
# 20 20 20
627.0000000000025 32 20 1.0000002265509333 1.9111816242704565
# 20 20 20
628.0000000000025 32 20 1.0000002265291377 1.8972648848246516
# 20 20 20
629.0000000000025 32 20 1.0000002264631005 1.8849793754836268
# 20 20 20
630.0000000000025 32 20 1.000000226339671 1.874956411377585
# 20 20 20
631.0000000000025 32 20 1.0000002261787375 1.8677042007459606
# 20 20 20
632.0000000000025 32 20 1.0000002260071663 1.8635858749258176
# 20 20 20
633.0000000000025 32 20 1.000000225851773 1.8628039304061943
# 20 20 20
634.0000000000025 32 20 1.0000002257469993 1.865391276784451
# 20 20 20
635.0000000000025 32 20 1.0000002257458667 1.871209157623625
# 20 20 20
636.0000000000025 32 20 1.0000002259070295 1.8799523023125801
# 20 20 20
637.0000000000026 32 20 1.0000002262595962 1.8911616853712985
# 20 20 20
638.0000000000026 32 20 1.00000022676967 1.9042451352624865
# 20 20 20
639.0000000000026 32 20 1.0000002273385098 1.9185056959485836
# 20 20 20
640.0000000000026 32 20 1.0000002278312095 1.9331770933167196
# 20 20 20
641.0000000000026 32 20 1.000000228130272 1.9474649419425045
# 20 20 20
642.0000000000026 32 20 1.0000002281991045 1.9605915481751424
# 20 20 20
643.0000000000025 32 20 1.0000002280968365 1.971841467627847
# 20 20 20
644.0000000000025 32 20 1.0000002279306466 1.98060451584962
# 20 20 20
645.0000000000026 32 20 1.0000002277973852 1.9864128404944439
# 20 20 20
646.0000000000026 32 20 1.0000002277374633 1.9889690076175177
# 20 20 20
647.0000000000026 32 20 1.0000002277108906 1.9881628133293963
# 20 20 20
648.0000000000026 32 20 1.0000002276403988 1.984075598531056
# 20 20 20
649.0000000000026 32 20 1.0000002274850437 1.9769720503662456
# 20 20 20
650.0000000000026 32 20 1.0000002272707262 1.9672806278619053
# 20 20 20
651.0000000000026 32 20 1.0000002270709851 1.9555646799610333
# 20 20 20
652.0000000000026 32 20 1.000000226970284 1.9424869165214653
# 20 20 20
653.0000000000027 32 20 1.0000002270209423 1.9287701061714624
# 20 20 20
654.0000000000026 32 20 1.000000227201516 1.915156742123605
# 20 20 20
655.0000000000026 32 20 1.0000002274158974 1.9023700271167385
# 20 20 20
656.0000000000026 32 20 1.0000002275607354 1.8910779992462623
# 20 20 20
657.0000000000026 32 20 1.000000227593102 1.8818620703991271
# 20 20 20
658.0000000000026 32 20 1.0000002275325977 1.8751907753781678
# 20 20 20
659.0000000000026 32 20 1.0000002274215496 1.8713991937516452
# 20 20 20
660.0000000000026 32 20 1.0000002273012658 1.8706743277589382
# 20 20 20
661.0000000000026 32 20 1.0000002272089497 1.8730466776688006
# 20 20 20
662.0000000000027 32 20 1.0000002271825392 1.878388297727912
# 20 20 20
663.0000000000027 32 20 1.0000002272587065 1.8864176674435382
# 20 20 20
664.0000000000027 32 20 1.000000227453316 1.8967116955106422
# 20 20 20
665.0000000000027 32 20 1.000000227737457 1.908725019509954
# 20 20 20
666.0000000000027 32 20 1.000000228035699 1.9218164322927138
# 20 20 20
667.0000000000027 32 20 1.0000002282508114 1.9352817542622076
# 20 20 20
668.0000000000027 32 20 1.0000002283051896 1.9483918259216657
# 20 20 20
669.0000000000027 32 20 1.0000002281817009 1.9604336105778624
# 20 20 20
670.0000000000027 32 20 1.0000002279268423 1.9707517999465343
# 20 20 20
671.0000000000027 32 20 1.0000002276272526 1.9787879392911967
# 20 20 20
672.0000000000027 32 20 1.000000227381318 1.9841140416158245
# 20 20 20
673.0000000000027 32 20 1.000000227252187 1.9864579925378905
# 20 20 20
674.0000000000027 32 20 1.0000002272251676 1.9857187350398249
# 20 20 20
675.0000000000027 32 20 1.0000002272296018 1.9819701708367623
# 20 20 20
676.0000000000027 32 20 1.0000002272092459 1.9754537764561328
# 20 20 20
677.0000000000027 32 20 1.0000002271621478 1.9665609439069642
# 20 20 20
678.0000000000028 32 20 1.000000227137748 1.9558068729382678
# 20 20 20
679.0000000000028 32 20 1.0000002272031374 1.9437983671185963
# 20 20 20
680.0000000000028 32 20 1.000000227409827 1.931198084675328
# 20 20 20
681.0000000000027 32 20 1.0000002277529827 1.9186876949794085
# 20 20 20
682.0000000000026 32 20 1.0000002281502296 1.906932067377279
# 20 20 20
683.0000000000026 32 20 1.0000002284837881 1.8965461703901287
# 20 20 20
684.0000000000025 32 20 1.0000002286786143 1.8880658873252472
# 20 20 20
685.0000000000024 32 20 1.0000002287326069 1.8819235425847503
# 20 20 20
686.0000000000023 32 20 1.0000002286914749 1.8784286348405959
# 20 20 20
687.0000000000023 32 20 1.0000002286102043 1.8777541062206233
# 20 20 20
688.0000000000022 32 20 1.0000002285339533 1.8799284236269942
# 20 20 20
689.0000000000022 32 20 1.0000002284956764 1.8848337631463328
# 20 20 20
690.000000000002 32 20 1.000000228517393 1.8922106073100358
# 20 20 20
691.000000000002 32 20 1.0000002286045693 1.9016690194535246
# 20 20 20
692.0000000000019 32 20 1.000000228738796 1.91270669223724
# 20 20 20
693.0000000000018 32 20 1.000000228880164 1.9247335455163674
# 20 20 20
694.0000000000017 32 20 1.0000002289824406 1.9371021755879605
# 20 20 20
695.0000000000017 32 20 1.000000229009389 1.949142878479666
# 20 20 20
696.0000000000016 32 20 1.0000002289436647 1.9602013692295472
# 20 20 20
697.0000000000016 32 20 1.0000002287915928 1.969676807936383
# 20 20 20
698.0000000000015 32 20 1.0000002285950336 1.97705743576124
# 20 20 20
699.0000000000015 32 20 1.0000002284259504 1.9819511091837998
# 20 20 20
700.0000000000014 32 20 1.0000002283402323 1.9841083369436223
# 20 20 20
701.0000000000013 32 20 1.0000002283365572 1.983436046179052
# 20 20 20
702.0000000000013 32 20 1.0000002283769887 1.9800011467150656
# 20 20 20
703.0000000000011 32 20 1.0000002284335892 1.9740238984542395
# 20 20 20
704.000000000001 32 20 1.0000002285149496 1.965861976564174
# 20 20 20
705.000000000001 32 20 1.0000002286620868 1.9559868494065258
# 20 20 20
706.000000000001 32 20 1.0000002289229077 1.94495455231937
# 20 20 20
707.0000000000009 32 20 1.0000002293209083 1.933373126861308
# 20 20 20
708.0000000000008 32 20 1.0000002298265387 1.9218689225975394
# 20 20 20
709.0000000000007 32 20 1.0000002303532536 1.9110536899234294
# 20 20 20
710.0000000000007 32 20 1.000000230800944 1.9014940120408395
# 20 20 20
711.0000000000006 32 20 1.000000231103124 1.8936842188401313
# 20 20 20
712.0000000000005 32 20 1.0000002312500196 1.8880235670854517
# 20 20 20
713.0000000000005 32 20 1.000000231277195 1.8847982062058246
# 20 20 20
714.0000000000005 32 20 1.0000002312375327 1.8841682926399506
# 20 20 20
715.0000000000003 32 20 1.0000002311794436 1.8861605533612065
# 20 20 20
716.0000000000002 32 20 1.0000002311399558 1.8906665913189298
# 20 20 20
717.0000000000001 32 20 1.000000231142659 1.8974472171029482
# 20 20 20
718.0000000000001 32 20 1.0000002311966376 1.9061430237441348
# 20 20 20
719.0 32 20 1.0000002312936962 1.9162912466085342
# 20 20 20
719.9999999999999 32 20 1.0000002314145766 1.9273486417166736
# 20 20 20
720.9999999999999 32 20 1.0000002315350112 1.9387196798743438
# 20 20 20
721.9999999999998 32 20 1.0000002316259302 1.9497888339946932
# 20 20 20
722.9999999999998 32 20 1.0000002316576464 1.9599552094449846
# 20 20 20
723.9999999999997 32 20 1.0000002316129963 1.9686673293746502
# 20 20 20
724.9999999999997 32 20 1.0000002315106085 1.9754556356797
# 20 20 20
725.9999999999995 32 20 1.0000002314075422 1.9799602752937713
# 20 20 20
726.9999999999994 32 20 1.0000002313594545 1.9819520395730266
# 20 20 20
727.9999999999993 32 20 1.0000002313749987 1.9813448865663643
# 20 20 20
728.9999999999993 32 20 1.0000002314290388 1.9781992256677976
# 20 20 20
729.9999999999992 32 20 1.0000002315057566 1.9727159714876645
# 20 20 20
730.9999999999992 32 20 1.0000002316225416 1.9652221586604348
# 20 20 20
731.9999999999991 32 20 1.0000002318229895 1.9561495465347098
# 20 20 20
732.9999999999991 32 20 1.0000002321524266 1.9460080618758973
# 20 20 20
733.999999999999 32 20 1.0000002326263877 1.9353561032650646
# 20 20 20
734.9999999999989 32 20 1.0000002332008922 1.9247696814238502
# 20 20 20
735.9999999999987 32 20 1.0000002337766738 1.914812147959549
# 20 20 20
736.9999999999987 32 20 1.0000002342510907 1.9060059429382779
# 20 20 20
737.9999999999986 32 20 1.000000234568873 1.89880744339004
# 20 20 20
738.9999999999986 32 20 1.0000002347320474 1.893585682439872
# 20 20 20
739.9999999999986 32 20 1.0000002347794579 1.89060547232136
# 20 20 20
740.9999999999985 32 20 1.0000002347604027 1.89001531771333
# 20 20 20
741.9999999999984 32 20 1.0000002347170303 1.8918404361800127
# 20 20 20
742.9999999999983 32 20 1.0000002346797128 1.8959811760081189
# 20 20 20
743.9999999999983 32 20 1.0000002346693515 1.902217091272904
# 20 20 20
744.9999999999982 32 20 1.000000234699562 1.91021684952877
# 20 20 20
745.9999999999981 32 20 1.000000234776575 1.9195539684550285
# 20 20 20
746.9999999999981 32 20 1.0000002348977997 1.9297280838153292
# 20 20 20
747.999999999998 32 20 1.0000002350473134 1.9401910507587574
# 20 20 20
748.999999999998 32 20 1.0000002351934283 1.9503767143499118
# 20 20 20
749.9999999999978 32 20 1.0000002352957875 1.9597327218278204
# 20 20 20
750.9999999999977 32 20 1.0000002353212705 1.9677523734076128
# 20 20 20
751.9999999999977 32 20 1.0000002352622916 1.9740043033893333
# 20 20 20
752.9999999999976 32 20 1.0000002351545714 1.97815780964612
# 20 20 20
753.9999999999975 32 20 1.000000235062018 1.9800019289379085
# 20 20 20
754.9999999999974 32 20 1.0000002350318593 1.979456862676882
# 20 20 20
755.9999999999974 32 20 1.0000002350691601 1.9765770257093496
# 20 20 20
756.9999999999974 32 20 1.000000235163272 1.9715457235481693
# 20 20 20
757.9999999999973 32 20 1.0000002353206074 1.9646621580533696
# 20 20 20
758.9999999999973 32 20 1.0000002355699866 1.9563220274617439
# 20 20 20
759.9999999999972 32 20 1.0000002359399596 1.9469933635371266
# 20 20 20
760.999999999997 32 20 1.000000236428809 1.9371894141613877
# 20 20 20
761.9999999999969 32 20 1.0000002369879857 1.9274403491899854
# 20 20 20
762.9999999999969 32 20 1.0000002375329038 1.9182653854236655
# 20 20 20
763.9999999999968 32 20 1.0000002379803827 1.9101466540244254
# 20 20 20
764.9999999999968 32 20 1.0000002382870021 1.9035058343401836
# 20 20 20
765.9999999999967 32 20 1.0000002384562952 1.8986843052174989
# 20 20 20
766.9999999999967 32 20 1.000000238522157 1.8959273534444414
# 20 20 20
767.9999999999966 32 20 1.000000238527965 1.8953728408584403
# 20 20 20
768.9999999999965 32 20 1.0000002385111502 1.897044656349778
# 20 20 20
769.9999999999964 32 20 1.0000002384978628 1.9008512375142017
# 20 20 20
770.9999999999964 32 20 1.000000238504986 1.9065893985674087
# 20 20 20
771.9999999999962 32 20 1.0000002385466111 1.9139536039585445
# 20 20 20
772.9999999999962 32 20 1.0000002386350502 1.9225506469166098
# 20 20 20
773.9999999999961 32 20 1.0000002387760056 1.9319194135694713
# 20 20 20
774.9999999999961 32 20 1.0000002389590035 1.9415550462404052
# 20 20 20
775.999999999996 32 20 1.0000002391568001 1.9509364018158375
# 20 20 20
776.9999999999959 32 20 1.0000002393393375 1.9595552939712855
# 20 20 20
777.9999999999958 32 20 1.00000023948403 1.9669456854893432
# 20 20 20
778.9999999999958 32 20 1.000000239581134 1.972710829705505
# 20 20 20
779.9999999999957 32 20 1.0000002396354821 1.9765463988066696
# 20 20 20
780.9999999999957 32 20 1.0000002396603103 1.9782578969633546
# 20 20 20
781.9999999999956 32 20 1.000000239674701 1.9777711141195349
# 20 20 20
782.9999999999956 32 20 1.0000002397055752 1.9751349720433866
# 20 20 20
783.9999999999955 32 20 1.0000002397779437 1.9705167648766218
# 20 20 20
784.9999999999953 32 20 1.0000002399210108 1.964190412697047
# 20 20 20
785.9999999999953 32 20 1.0000002401662826 1.9565188509590596
# 20 20 20
786.9999999999952 32 20 1.0000002405353796 1.947932018608988
# 20 20 20
787.9999999999951 32 20 1.0000002410065336 1.9389020641151202
# 20 20 20
788.999999999995 32 20 1.000000241513272 1.929917373762878
# 20 20 20
789.999999999995 32 20 1.000000241979911 1.9214568781507975
# 20 20 20
790.999999999995 32 20 1.0000002423582592 1.9139658627269918
# 20 20 20
791.9999999999949 32 20 1.0000002426354884 1.907834250539099
# 20 20 20
792.9999999999949 32 20 1.000000242820281 1.9033780866639598
# 20 20 20
793.9999999999947 32 20 1.0000002429296588 1.900824764070594
# 20 20 20
794.9999999999947 32 20 1.0000002429848194 1.9003024006685048
# 20 20 20
795.9999999999947 32 20 1.000000243009381 1.9018336980032988
# 20 20 20
796.9999999999944 32 20 1.0000002430256076 1.9053345586063446
# 20 20 20
797.9999999999944 32 20 1.000000243051334 1.9106176769309302
# 20 20 20
798.9999999999944 32 20 1.000000243102839 1.9174012123016266
# 20 20 20
799.9999999999943 32 20 1.0000002431966382 1.9253224733442742
# 20 20 20
800.9999999999943 32 20 1.0000002433436215 1.9339562804262447
# 20 20 20
801.9999999999941 32 20 1.0000002435378115 1.942837336535801
# 20 20 20
802.9999999999941 32 20 1.000000243758014 1.9514855627261123
# 20 20 20
803.9999999999941 32 20 1.0000002439808682 1.9594329962944985
# 20 20 20
804.9999999999939 32 20 1.0000002441916709 1.9662505727388586
# 20 20 20
805.9999999999939 32 20 1.0000002443855012 1.97157297666158
# 20 20 20
806.9999999999939 32 20 1.0000002445590277 1.9751197936900475
# 20 20 20
807.9999999999937 32 20 1.0000002447033103 1.976711436966132
# 20 20 20
808.9999999999937 32 20 1.0000002448030538 1.976278735141219
# 20 20 20
809.9999999999935 32 20 1.0000002448572392 1.973865601096264
# 20 20 20
810.9999999999935 32 20 1.0000002448931862 1.9696247795304855
# 20 20 20
811.9999999999935 32 20 1.0000002449607939 1.9638072198966046
# 20 20 20
812.9999999999933 32 20 1.000000245114348 1.956746071896968
# 20 20 20
813.9999999999933 32 20 1.000000245389964 1.9488366085122066
# 20 20 20
814.9999999999933 32 20 1.0000002457683626 1.9405135293107116
# 20 20 20
815.9999999999932 32 20 1.0000002461737323 1.9322270947005973
# 20 20 20
816.9999999999932 32 20 1.0000002465320887 1.9244194217116237
# 20 20 20
817.9999999999932 32 20 1.0000002468200189 1.917502077856572
# 20 20 20
818.999999999993 32 20 1.0000002470515554 1.9118358880345463
# 20 20 20
819.999999999993 32 20 1.0000002472419662 1.9077136600721556
# 20 20 20
820.9999999999927 32 20 1.0000002473935332 1.9053463638745736
# 20 20 20
821.9999999999927 32 20 1.0000002475057954 1.9048531765059846
# 20 20 20
822.9999999999927 32 20 1.000000247584668 1.9062557235939785
# 20 20 20
823.9999999999926 32 20 1.0000002476419076 1.9094767847280507
# 20 20 20
824.9999999999926 32 20 1.0000002476934862 1.9143436578166808
# 20 20 20
825.9999999999926 32 20 1.000000247757541 1.9205962644467112
# 20 20 20
826.9999999999924 32 20 1.0000002478545833 1.9278999022716852
# 20 20 20
827.9999999999924 32 20 1.0000002479970056 1.9358623029635367
# 20 20 20
828.9999999999922 32 20 1.0000002481790335 1.9440543467593407
# 20 20 20
829.9999999999922 32 20 1.0000002483801493 1.9520334491044706
# 20 20 20
830.9999999999922 32 20 1.0000002485792996 1.9593683199948395
# 20 20 20
831.999999999992 32 20 1.0000002487649493 1.965663558409301
# 20 20 20
832.999999999992 32 20 1.0000002489351307 1.9705824339737374
# 20 20 20
833.9999999999919 32 20 1.0000002490912694 1.9738662603410861
# 20 20 20
834.9999999999918 32 20 1.0000002492282243 1.9753489880445463
# 20 20 20
835.9999999999918 32 20 1.0000002493304267 1.9749660178371726
# 20 20 20
836.9999999999916 32 20 1.000000249384595 1.9727567119483558
# 20 20 20
837.9999999999916 32 20 1.0000002494017466 1.968860596957439
# 20 20 20
838.9999999999916 32 20 1.00000024942145 1.9635077411153938
# 20 20 20
839.9999999999915 32 20 1.0000002494969393 1.9570041928633883
# 20 20 20
840.9999999999914 32 20 1.0000002496694078 1.9497136467730947
# 20 20 20
841.9999999999914 32 20 1.0000002499335712 1.9420366428848426
# 20 20 20
842.9999999999912 32 20 1.0000002502304903 1.9343886137108817
# 20 20 20
843.9999999999912 32 20 1.0000002505013517 1.9271779968585934
# 20 20 20
844.9999999999912 32 20 1.0000002507340915 1.9207854678519434
# 20 20 20
845.999999999991 32 20 1.0000002509450818 1.9155451570807358
# 20 20 20
846.999999999991 32 20 1.0000002511426946 1.9117285310895047
# 20 20 20
847.9999999999908 32 20 1.0000002513215474 1.9095314644814847
# 20 20 20
848.9999999999908 32 20 1.000000251476263 1.9090649130300599
# 20 20 20
849.9999999999908 32 20 1.0000002516087967 1.9103495148864371
# 20 20 20
850.9999999999907 32 20 1.0000002517245539 1.9133143770896464
# 20 20 20
851.9999999999907 32 20 1.0000002518305875 1.9178002240028424
# 20 20 20
852.9999999999907 32 20 1.0000002519368734 1.923566967441322
# 20 20 20
853.9999999999905 32 20 1.0000002520571845 1.9303055864768246
# 20 20 20
854.9999999999905 32 20 1.0000002522008025 1.9376539725228747
# 20 20 20
855.9999999999902 32 20 1.0000002523619806 1.9452161139758364
# 20 20 20
856.9999999999902 32 20 1.0000002525228346 1.9525836938304413
# 20 20 20
857.9999999999902 32 20 1.0000002526673706 1.9593588964018764
# 20 20 20
858.9999999999901 32 20 1.0000002527912977 1.9651770142875888
# 20 20 20
859.9999999999901 32 20 1.0000002529012875 1.9697273576379175
# 20 20 20
860.9999999999901 32 20 1.0000002530062022 1.9727710233749196
# 20 20 20
861.9999999999899 32 20 1.0000002531070216 1.974154287977924
# 20 20 20
862.9999999999899 32 20 1.0000002531916474 1.973816724706999
# 20 20 20
863.9999999999899 32 20 1.0000002532436523 1.9717935731086675
# 20 20 20
864.9999999999897 32 20 1.0000002532630397 1.968212350019587
# 20 20 20
865.9999999999897 32 20 1.000000253273999 1.9632841286617229
# 20 20 20
866.9999999999895 32 20 1.0000002533142889 1.9572902753553296
# 20 20 20
867.9999999999895 32 20 1.000000253414318 1.9505656878464142
# 20 20 20
868.9999999999895 32 20 1.0000002535778167 1.9434797114995566
# 20 20 20
869.9999999999893 32 20 1.0000002537773374 1.9364159262909815
# 20 20 20
870.9999999999893 32 20 1.0000002539805268 1.9297519211614147
# 20 20 20
871.9999999999893 32 20 1.000000254175659 1.9238400349708316
# 20 20 20
872.9999999999891 32 20 1.0000002543643383 1.918989879147248
# 20 20 20
873.9999999999891 32 20 1.0000002545460314 1.9154532956435002
# 20 20 20
874.999999999989 32 20 1.0000002547186624 1.9134122647559488
# 20 20 20
875.999999999989 32 20 1.0000002548855635 1.9129701681177118
# 20 20 20
876.999999999989 32 20 1.0000002550537312 1.914146727767744
# 20 20 20
877.9999999999887 32 20 1.000000255225953 1.916876867390993
# 20 20 20
878.9999999999887 32 20 1.000000255397908 1.9210136556143633
# 20 20 20
879.9999999999887 32 20 1.0000002555632275 1.9263353723900654
# 20 20 20
880.9999999999885 32 20 1.0000002557195928 1.9325565729004153
# 20 20 20
881.9999999999885 32 20 1.000000255868048 1.939342805671201
# 20 20 20
882.9999999999885 32 20 1.000000256003947 1.9463283842772632
# 20 20 20
883.9999999999884 32 20 1.0000002561159504 1.953136342106395
# 20 20 20
884.9999999999884 32 20 1.0000002561961039 1.959399455159503
# 20 20 20
885.9999999999882 32 20 1.0000002562486934 1.9647810412213136
# 20 20 20
886.9999999999882 32 20 1.000000256289319 1.9689941721160114
# 20 20 20
887.9999999999882 32 20 1.0000002563344563 1.9718179929066206
# 20 20 20
888.999999999988 32 20 1.000000256389823 1.973110031773043
# 20 20 20
889.999999999988 32 20 1.0000002564443118 1.9728136891817494
# 20 20 20
890.999999999988 32 20 1.0000002564802646 1.9709604781759187
# 20 20 20
891.9999999999878 32 20 1.0000002564931731 1.9676670007036572
# 20 20 20
892.9999999999878 32 20 1.0000002564994914 1.9631270368787073
# 20 20 20
893.9999999999876 32 20 1.0000002565244297 1.9575994510848833
# 20 20 20
894.9999999999876 32 20 1.0000002565849955 1.9513928510805634
# 20 20 20
895.9999999999876 32 20 1.000000256683448 1.9448480614729353
# 20 20 20
896.9999999999874 32 20 1.0000002568117463 1.9383194961612773
# 20 20 20
897.9999999999874 32 20 1.0000002569576851 1.9321564547670453
# 20 20 20
898.9999999999874 32 20 1.0000002571096767 1.9266852529016225
# 20 20 20
899.9999999999873 32 20 1.0000002572587243 1.9221929547952146
# 20 20 20
900.9999999999872 32 20 1.000000257402143 1.918913334580441
# 20 20 20
901.9999999999872 32 20 1.000000257547741 1.9170155666481319
# 20 20 20
902.999999999987 32 20 1.0000002577108191 1.9165960423664843
# 20 20 20
903.999999999987 32 20 1.0000002579032758 1.9176736261633796
# 20 20 20
904.9999999999868 32 20 1.0000002581241505 1.9201885856657561
# 20 20 20
905.9999999999868 32 20 1.0000002583564604 1.9240053405794375
# 20 20 20
906.9999999999868 32 20 1.0000002585761436 1.9289190556792601
# 20 20 20
907.9999999999866 32 20 1.0000002587620365 1.9346659425549908
# 20 20 20
908.9999999999866 32 20 1.000000258904233 1.9409369310488431
# 20 20 20
909.9999999999866 32 20 1.0000002589993922 1.9473941360435862
# 20 20 20
910.9999999999865 32 20 1.0000002590464494 1.953689302879082
# 20 20 20
911.9999999999865 32 20 1.0000002590500159 1.9594831989411814
# 20 20 20
912.9999999999862 32 20 1.0000002590257442 1.9644647664020187
# 20 20 20
913.9999999999862 32 20 1.0000002589970838 1.9683687939010224
# 20 20 20
914.9999999999862 32 20 1.0000002589843675 1.9709909223961781
# 20 20 20
915.999999999986 32 20 1.000000258993224 1.9721989753234954
# 20 20 20
916.999999999986 32 20 1.0000002590098265 1.9719398790680374
# 20 20 20
917.999999999986 32 20 1.000000259014998 1.9702417841885298
# 20 20 20
918.9999999999859 32 20 1.0000002590039332 1.9672113683621366
# 20 20 20
919.9999999999859 32 20 1.0000002589901436 1.9630266541037835
# 20 20 20
920.9999999999859 32 20 1.0000002589929213 1.957925969667912
# 20 20 20
921.9999999999857 32 20 1.000000259021625 1.9521938940113206
# 20 20 20
922.9999999999857 38 20 1.0000002590749837 1.9461451450878775
# 20 20 20
923.9999999999854 32 20 1.0000002591465487 1.9401073991957047
# 20 20 20
924.9999999999854 32 20 1.0000002592293282 1.9344039834870173
# 20 20 20
925.9999999999854 32 20 1.0000002593170978 1.9293372875074566
# 20 20 20
926.9999999999853 32 20 1.0000002594073576 1.92517361788922
# 20 20 20
927.9999999999853 32 20 1.0000002595064266 1.9221300949056574
# 20 20 20
928.9999999999853 32 20 1.0000002596304636 1.9203640753164524
# 20 20 20
929.9999999999851 32 20 1.0000002597975963 1.919965488654704
# 20 20 20
930.9999999999851 32 20 1.0000002600162792 1.9209523906128394
# 20 20 20
931.9999999999849 32 20 1.000000260277187 1.9232699567557525
# 20 20 20
932.9999999999849 32 20 1.0000002605519747 1.9267930475377537
# 20 20 20
933.9999999999849 32 20 1.0000002607995797 1.9313323569667118
# 20 20 20
934.9999999999848 32 20 1.0000002609827974 1.9366440029008218
# 20 20 20
935.9999999999848 32 20 1.0000002610845948 1.9424422266259496
# 20 20 20
936.9999999999848 32 20 1.0000002611100378 1.9484146542663947
# 20 20 20
937.9999999999845 32 20 1.0000002610757202 1.954239354767937
# 20 20 20
938.9999999999845 32 20 1.0000002610020766 1.9596027384798214
# 20 20 20
939.9999999999845 32 20 1.0000002609116776 1.964217208555866
# 20 20 20
940.9999999999843 32 20 1.000000260826562 1.9678374318256737
# 20 20 20
941.9999999999843 32 20 1.0000002607604537 1.9702741527680179
# 20 20 20
942.9999999999842 32 20 1.000000260711407 1.9714046351790702
# 20 20 20
943.9999999999842 32 20 1.000000260663985 1.9711790659942736
# 20 20 20
944.9999999999842 32 20 1.00000026060365 1.9696225658321413
# 20 20 20
945.999999999984 32 20 1.00000026053104 1.9668327837110742
# 20 20 20
946.999999999984 32 20 1.000000260460889 1.9629733703498207
# 20 20 20
947.999999999984 32 20 1.0000002604066591 1.958263891842943
# 20 20 20
948.9999999999837 32 20 1.0000002603708527 1.9529669401562326
# 20 20 20
949.9999999999837 32 20 1.0000002603472347 1.9473733088675356
# 20 20 20
950.9999999999836 32 20 1.0000002603303195 1.9417861349053345
# 20 20 20
951.9999999999836 32 20 1.0000002603221692 1.9365048732073742
# 20 20 20
952.9999999999835 32 20 1.000000260332057 1.9318098911170494
# 20 20 20
953.9999999999834 32 20 1.0000002603725626 1.9279483643884336
# 20 20 20
954.9999999999834 32 20 1.0000002604574394 1.9251220458496048
# 20 20 20
955.9999999999834 32 20 1.0000002605977538 1.9234773738213933
# 20 20 20
956.9999999999832 32 20 1.0000002607983753 1.9230982957264602
# 20 20 20
957.9999999999832 32 20 1.000000261053858 1.9240021002051708
# 20 20 20
958.9999999999832 32 20 1.0000002613441161 1.92613846960358
# 20 20 20
959.9999999999831 32 20 1.0000002616305068 1.9293918714035194
# 20 20 20
960.999999999983 32 20 1.0000002618614359 1.933587290228306
# 20 20 20
961.9999999999828 32 20 1.000000261994729 1.9384991543248564
# 20 20 20
962.9999999999828 32 20 1.000000262023551 1.9438631328543574
# 20 20 20
963.9999999999828 32 20 1.0000002619727204 1.949390283602897
# 20 20 20
964.9999999999826 32 20 1.000000261874848 1.9547828348194622
# 20 20 20
965.9999999999826 32 20 1.0000002617564818 1.9597507160537897
# 20 20 20
966.9999999999826 32 20 1.0000002616363917 1.964027838752931
# 20 20 20
967.9999999999824 32 20 1.0000002615256989 1.9673870913937612
# 20 20 20
968.9999999999824 32 20 1.0000002614257506 1.969653069743321
# 20 20 20
969.9999999999823 32 20 1.0000002613270977 1.9707117109125685
# 20 20 20
970.9999999999823 32 20 1.0000002612148666 1.970516226458367
# 20 20 20
971.9999999999823 32 20 1.0000002610808412 1.9690890093256563
# 20 20 20
972.999999999982 32 20 1.0000002609308938 1.966519489134043
# 20 20 20
973.999999999982 32 20 1.0000002607774576 1.9629581961518772
# 20 20 20
974.999999999982 32 20 1.000000260626697 1.958607536797909
# 20 20 20
975.9999999999818 32 20 1.0000002604768021 1.9537099621944707
# 20 20 20
976.9999999999818 32 20 1.000000260329156 1.9485343171398168
# 20 20 20
977.9999999999818 32 20 1.000000260197518 1.943361192109123
# 20 20 20
978.9999999999817 32 20 1.0000002601041609 1.938468076863571
# 20 20 20
979.9999999999817 32 20 1.000000260069226 1.9341150478473654
# 20 20 20
980.9999999999815 32 20 1.0000002601047566 1.9305316311223124
# 20 20 20
981.9999999999815 32 20 1.000000260213025 1.9279053844063034
# 20 20 20
982.9999999999815 32 20 1.0000002603868554 1.9263726471446776
# 20 20 20
983.9999999999812 32 20 1.00000026061282 1.9260118211509936
# 20 20 20
984.9999999999812 32 20 1.000000260872194 1.9268394640987923
# 20 20 20
985.9999999999812 32 20 1.0000002611354042 1.9288093964935749
# 20 20 20
986.9999999999811 32 20 1.000000261357795 1.9318149294697502
# 20 20 20
987.9999999999811 32 20 1.000000261493324 1.9356942063174871
# 20 20 20
988.9999999999809 32 20 1.0000002615246975 1.9402385097684718
# 20 20 20
989.9999999999809 32 20 1.0000002614733088 1.945203221568956
# 20 20 20
990.9999999999809 32 20 1.0000002613755323 1.9503209409037445
# 20 20 20
991.9999999999807 32 20 1.0000002612610441 1.9553160917607797
# 20 20 20
992.9999999999807 32 20 1.0000002611477234 1.9599201995916913
# 20 20 20
993.9999999999807 32 20 1.0000002610436265 1.9638869186817667
# 20 20 20
994.9999999999806 32 20 1.0000002609487102 1.9670058635976082
# 20 20 20
995.9999999999806 32 20 1.0000002608558065 1.9691143522698535
# 20 20 20
996.9999999999806 32 20 1.000000260752461 1.9701063044152693
# 20 20 20
997.9999999999803 32 20 1.000000260626112 1.9699377446550248
# 20 20 20
998.9999999999803 32 20 1.0000002604707225 1.968628612057268
# 20 20 20
999.9999999999801 32 20 1.000000260287138 1.9662608481348698
# 20 20 20
