VODP SCF INPUT
Material: Cs2_Sn_Br6
Model: M1
XYZ comment: material=Cs2_Sn_Br6 model=M1 charge=+6 spin=0 explicit_Cs=8 formal_embedding_R2
QM atoms: 15
QM charge: 6
Basis: def2-SVP
ECP elements: Cs, Sn
Point charges: 4485
Point-charge sum: -6.0000000000


VODP SCF SUMMARY
Status: CONVERGED
Material: Cs2_Sn_Br6
Model: M1
Method: Embedded DF-RHF
Stage 1 energy: -15808.571712988567 Hartree
Total DF-RHF energy: -15808.575640913106 Hartree
HOMO: MO 149, -1.406640481811 Hartree
LUMO: MO 150, -1.273613746978 Hartree
HOMO-LUMO gap: 3.61984186 eV
